#
# There is insufficient memory for the Java Runtime Environment to continue.
# Native memory allocation (malloc) failed to allocate 1194736 bytes. Error detail: Chunk::new
# Possible reasons:
#   The system is out of physical RAM or swap space
#   This process is running with CompressedOops enabled, and the Java Heap may be blocking the growth of the native heap
# Possible solutions:
#   Reduce memory load on the system
#   Increase physical memory or swap space
#   Check if swap backing store is full
#   Decrease Java heap size (-Xmx/-Xms)
#   Decrease number of Java threads
#   Decrease Java thread stack sizes (-Xss)
#   Set larger code cache with -XX:ReservedCodeCacheSize=
#   JVM is running with Unscaled Compressed Oops mode in which the Java heap is
#     placed in the first 4GB address space. The Java Heap base address is the
#     maximum limit for the native heap growth. Please use -XX:HeapBaseMinAddress
#     to set the Java Heap base and to place the Java Heap above 4GB virtual address.
# This output file may be truncated or incomplete.
#
#  Out of Memory Error (arena.cpp:168), pid=19736, tid=29336
#
# JRE version: OpenJDK Runtime Environment Temurin-21.0.10+7 (21.0.10+7) (build 21.0.10+7-LTS)
# Java VM: OpenJDK 64-Bit Server VM Temurin-21.0.10+7 (21.0.10+7-LTS, mixed mode, sharing, tiered, compressed oops, compressed class ptrs, g1 gc, windows-amd64)
# No core dump will be written. Minidumps are not enabled by default on client versions of Windows
#

---------------  S U M M A R Y ------------

Command Line: -Dfile.encoding=UTF-8 -Dstdout.encoding=UTF-8 -Dstderr.encoding=UTF-8 -XX:+ShowCodeDetailsInExceptionMessages com.dimple.placement.PlacementApplication

Host: 11th Gen Intel(R) Core(TM) i5-1135G7 @ 2.40GHz, 8 cores, 7G,  Windows 11 , 64 bit Build 26100 (10.0.26100.7920)
Time: Sat Apr 11 14:54:51 2026 India Standard Time elapsed time: 2.027508 seconds (0d 0h 0m 2s)

---------------  T H R E A D  ---------------

Current thread (0x0000011fb2dc9bc0):  JavaThread "C2 CompilerThread0" daemon [_thread_in_native, id=29336, stack(0x0000001e36c00000,0x0000001e36d00000) (1024K)]


Current CompileTask:
C2:2027 1989       4       java.lang.invoke.MethodType::methodType (69 bytes)

Stack: [0x0000001e36c00000,0x0000001e36d00000]
Native frames: (J=compiled Java code, j=interpreted, Vv=VM code, C=native code)
V  [jvm.dll+0x6d7a39]
V  [jvm.dll+0x8b4b26]
V  [jvm.dll+0x8b70de]
V  [jvm.dll+0x8b77c3]
V  [jvm.dll+0x284346]
V  [jvm.dll+0xc66ed]
V  [jvm.dll+0xc6c31]
V  [jvm.dll+0x2fb29e]
V  [jvm.dll+0x5fe884]
V  [jvm.dll+0x255b17]
V  [jvm.dll+0x255edd]
V  [jvm.dll+0x24e500]
V  [jvm.dll+0x24ba42]
V  [jvm.dll+0x1cb34e]
V  [jvm.dll+0x25b85d]
V  [jvm.dll+0x259dea]
V  [jvm.dll+0x3f857e]
V  [jvm.dll+0x85f59d]
V  [jvm.dll+0x6d626d]
C  [ucrtbase.dll+0x37b0]
C  [KERNEL32.DLL+0x2e8d7]
C  [ntdll.dll+0x8c48c]


---------------  P R O C E S S  ---------------

Threads class SMR info:
_java_thread_list=0x0000011ff974d9d0, length=14, elements={
0x0000011f9afd7ad0, 0x0000011fb2dad1e0, 0x0000011fb2db2970, 0x0000011fb2db7850,
0x0000011fb2db8700, 0x0000011fb2dba710, 0x0000011fb2dbded0, 0x0000011fb2dc9bc0,
0x0000011fb2dcdf10, 0x0000011ff8106a30, 0x0000011ff8117260, 0x0000011ff8de1f70,
0x0000011ff9163050, 0x0000011ff991ee90
}

Java Threads: ( => current thread )
  0x0000011f9afd7ad0 JavaThread "main"                              [_thread_blocked, id=28144, stack(0x0000001e35e00000,0x0000001e35f00000) (1024K)]
  0x0000011fb2dad1e0 JavaThread "Reference Handler"          daemon [_thread_blocked, id=25752, stack(0x0000001e36600000,0x0000001e36700000) (1024K)]
  0x0000011fb2db2970 JavaThread "Finalizer"                  daemon [_thread_blocked, id=23904, stack(0x0000001e36700000,0x0000001e36800000) (1024K)]
  0x0000011fb2db7850 JavaThread "Signal Dispatcher"          daemon [_thread_blocked, id=14472, stack(0x0000001e36800000,0x0000001e36900000) (1024K)]
  0x0000011fb2db8700 JavaThread "Attach Listener"            daemon [_thread_blocked, id=14924, stack(0x0000001e36900000,0x0000001e36a00000) (1024K)]
  0x0000011fb2dba710 JavaThread "Service Thread"             daemon [_thread_blocked, id=8872, stack(0x0000001e36a00000,0x0000001e36b00000) (1024K)]
  0x0000011fb2dbded0 JavaThread "Monitor Deflation Thread"   daemon [_thread_blocked, id=3040, stack(0x0000001e36b00000,0x0000001e36c00000) (1024K)]
=>0x0000011fb2dc9bc0 JavaThread "C2 CompilerThread0"         daemon [_thread_in_native, id=29336, stack(0x0000001e36c00000,0x0000001e36d00000) (1024K)]
  0x0000011fb2dcdf10 JavaThread "C1 CompilerThread0"         daemon [_thread_blocked, id=20268, stack(0x0000001e36d00000,0x0000001e36e00000) (1024K)]
  0x0000011ff8106a30 JavaThread "Notification Thread"        daemon [_thread_blocked, id=2972, stack(0x0000001e36e00000,0x0000001e36f00000) (1024K)]
  0x0000011ff8117260 JavaThread "Common-Cleaner"             daemon [_thread_blocked, id=22264, stack(0x0000001e36f00000,0x0000001e37000000) (1024K)]
  0x0000011ff8de1f70 JavaThread "C2 CompilerThread1"         daemon [_thread_in_native, id=23604, stack(0x0000001e37600000,0x0000001e37700000) (1024K)]
  0x0000011ff9163050 JavaThread "background-preinit"                [_thread_blocked, id=14480, stack(0x0000001e37700000,0x0000001e37800000) (1024K)]
  0x0000011ff991ee90 JavaThread "Thread-0"                          [_thread_blocked, id=4204, stack(0x0000001e37900000,0x0000001e37a00000) (1024K)]
Total: 14

Other Threads:
  0x0000011fb2d91830 VMThread "VM Thread"                           [id=22272, stack(0x0000001e36500000,0x0000001e36600000) (1024K)] _threads_hazard_ptr=0x0000011ff974d9d0
  0x0000011fb2d7d460 WatcherThread "VM Periodic Task Thread"        [id=12060, stack(0x0000001e36400000,0x0000001e36500000) (1024K)]
  0x0000011f9b02cba0 WorkerThread "GC Thread#0"                     [id=5492, stack(0x0000001e35f00000,0x0000001e36000000) (1024K)]
  0x0000011ff8d1efc0 WorkerThread "GC Thread#1"                     [id=19164, stack(0x0000001e37000000,0x0000001e37100000) (1024K)]
  0x0000011ff8d1f720 WorkerThread "GC Thread#2"                     [id=28816, stack(0x0000001e37100000,0x0000001e37200000) (1024K)]
  0x0000011ff8d1fad0 WorkerThread "GC Thread#3"                     [id=12204, stack(0x0000001e37200000,0x0000001e37300000) (1024K)]
  0x0000011ff8d1f370 WorkerThread "GC Thread#4"                     [id=26920, stack(0x0000001e37300000,0x0000001e37400000) (1024K)]
  0x0000011ff8d1fe80 WorkerThread "GC Thread#5"                     [id=18816, stack(0x0000001e37400000,0x0000001e37500000) (1024K)]
  0x0000011ff8d20230 WorkerThread "GC Thread#6"                     [id=492, stack(0x0000001e37500000,0x0000001e37600000) (1024K)]
  0x0000011ff8d20990 WorkerThread "GC Thread#7"                     [id=29248, stack(0x0000001e37800000,0x0000001e37900000) (1024K)]
  0x0000011f9b03db60 ConcurrentGCThread "G1 Main Marker"            [id=27292, stack(0x0000001e36000000,0x0000001e36100000) (1024K)]
  0x0000011f9b03e670 WorkerThread "G1 Conc#0"                       [id=10308, stack(0x0000001e36100000,0x0000001e36200000) (1024K)]
  0x0000011fb2c49120 ConcurrentGCThread "G1 Refine#0"               [id=9000, stack(0x0000001e36200000,0x0000001e36300000) (1024K)]
  0x0000011fb2c49ca0 ConcurrentGCThread "G1 Service"                [id=27784, stack(0x0000001e36300000,0x0000001e36400000) (1024K)]
Total: 14

Threads with active compile tasks:
C2 CompilerThread0  5103 1989       4       java.lang.invoke.MethodType::methodType (69 bytes)
C2 CompilerThread1  5103 2074       4       java.lang.invoke.MethodType::makeImpl (109 bytes)
Total: 2

VM state: synchronizing (normal execution)

VM Mutex/Monitor currently owned by a thread:  ([mutex/lock_event])
[0x00007ffe00a9e560] Threads_lock - owner thread: 0x0000011fb2d91830

Heap address: 0x0000000084200000, size: 1982 MB, Compressed Oops mode: 32-bit

CDS archive(s) mapped at: [0x0000011fb3000000-0x0000011fb3c80000-0x0000011fb3c80000), size 13107200, SharedBaseAddress: 0x0000011fb3000000, ArchiveRelocationMode: 1.
Compressed class space mapped at: 0x0000011fb4000000-0x0000011ff4000000, reserved size: 1073741824
Narrow klass base: 0x0000011fb3000000, Narrow klass shift: 0, Narrow klass range: 0x100000000

GC Precious Log:
 CardTable entry size: 512
 Card Set container configuration: InlinePtr #cards 5 size 8 Array Of Cards #cards 12 size 40 Howl #buckets 4 coarsen threshold 1843 Howl Bitmap #cards 512 size 80 coarsen threshold 460 Card regions per heap region 1 cards per card region 2048
 CPUs: 8 total, 8 available
 Memory: 7926M
 Large Page Support: Disabled
 NUMA Support: Disabled
 Compressed Oops: Enabled (32-bit)
 Heap Region Size: 1M
 Heap Min Capacity: 8M
 Heap Initial Capacity: 124M
 Heap Max Capacity: 1982M
 Pre-touch: Disabled
 Parallel Workers: 8
 Concurrent Workers: 2
 Concurrent Refinement Workers: 8
 Periodic GC: Disabled

Heap:
 garbage-first heap   total 126976K, used 20572K [0x0000000084200000, 0x0000000100000000)
  region size 1024K, 15 young (15360K), 3 survivors (3072K)
 Metaspace       used 17656K, committed 18048K, reserved 1114112K
  class space    used 2219K, committed 2432K, reserved 1048576K

Heap Regions: E=young(eden), S=young(survivor), O=old, HS=humongous(starts), HC=humongous(continues), CS=collection set, F=free, TAMS=top-at-mark-start, PB=parsable bottom
|   0|0x0000000084200000, 0x0000000084300000, 0x0000000084300000|100%|HS|  |TAMS 0x0000000084200000| PB 0x0000000084200000| Complete 
|   1|0x0000000084300000, 0x0000000084400000, 0x0000000084400000|100%|HS|  |TAMS 0x0000000084300000| PB 0x0000000084300000| Complete 
|   2|0x0000000084400000, 0x0000000084500000, 0x0000000084500000|100%| O|  |TAMS 0x0000000084400000| PB 0x0000000084400000| Untracked 
|   3|0x0000000084500000, 0x0000000084600000, 0x0000000084600000|100%| O|  |TAMS 0x0000000084500000| PB 0x0000000084500000| Untracked 
|   4|0x0000000084600000, 0x0000000084700000, 0x0000000084700000|100%| O|  |TAMS 0x0000000084600000| PB 0x0000000084600000| Untracked 
|   5|0x0000000084700000, 0x0000000084800000, 0x0000000084800000|100%| O|  |TAMS 0x0000000084700000| PB 0x0000000084700000| Untracked 
|   6|0x0000000084800000, 0x0000000084900000, 0x0000000084900000|100%| O|  |TAMS 0x0000000084800000| PB 0x0000000084800000| Untracked 
|   7|0x0000000084900000, 0x0000000084978030, 0x0000000084a00000| 46%| O|  |TAMS 0x0000000084900000| PB 0x0000000084900000| Untracked 
|   8|0x0000000084a00000, 0x0000000084a00000, 0x0000000084b00000|  0%| F|  |TAMS 0x0000000084a00000| PB 0x0000000084a00000| Untracked 
|   9|0x0000000084b00000, 0x0000000084b00000, 0x0000000084c00000|  0%| F|  |TAMS 0x0000000084b00000| PB 0x0000000084b00000| Untracked 
|  10|0x0000000084c00000, 0x0000000084c00000, 0x0000000084d00000|  0%| F|  |TAMS 0x0000000084c00000| PB 0x0000000084c00000| Untracked 
|  11|0x0000000084d00000, 0x0000000084d00000, 0x0000000084e00000|  0%| F|  |TAMS 0x0000000084d00000| PB 0x0000000084d00000| Untracked 
|  12|0x0000000084e00000, 0x0000000084e00000, 0x0000000084f00000|  0%| F|  |TAMS 0x0000000084e00000| PB 0x0000000084e00000| Untracked 
|  13|0x0000000084f00000, 0x0000000084f00000, 0x0000000085000000|  0%| F|  |TAMS 0x0000000084f00000| PB 0x0000000084f00000| Untracked 
|  14|0x0000000085000000, 0x0000000085000000, 0x0000000085100000|  0%| F|  |TAMS 0x0000000085000000| PB 0x0000000085000000| Untracked 
|  15|0x0000000085100000, 0x0000000085100000, 0x0000000085200000|  0%| F|  |TAMS 0x0000000085100000| PB 0x0000000085100000| Untracked 
|  16|0x0000000085200000, 0x0000000085200000, 0x0000000085300000|  0%| F|  |TAMS 0x0000000085200000| PB 0x0000000085200000| Untracked 
|  17|0x0000000085300000, 0x0000000085300000, 0x0000000085400000|  0%| F|  |TAMS 0x0000000085300000| PB 0x0000000085300000| Untracked 
|  18|0x0000000085400000, 0x0000000085400000, 0x0000000085500000|  0%| F|  |TAMS 0x0000000085400000| PB 0x0000000085400000| Untracked 
|  19|0x0000000085500000, 0x0000000085500000, 0x0000000085600000|  0%| F|  |TAMS 0x0000000085500000| PB 0x0000000085500000| Untracked 
|  20|0x0000000085600000, 0x0000000085600000, 0x0000000085700000|  0%| F|  |TAMS 0x0000000085600000| PB 0x0000000085600000| Untracked 
|  21|0x0000000085700000, 0x0000000085700000, 0x0000000085800000|  0%| F|  |TAMS 0x0000000085700000| PB 0x0000000085700000| Untracked 
|  22|0x0000000085800000, 0x0000000085800000, 0x0000000085900000|  0%| F|  |TAMS 0x0000000085800000| PB 0x0000000085800000| Untracked 
|  23|0x0000000085900000, 0x0000000085900000, 0x0000000085a00000|  0%| F|  |TAMS 0x0000000085900000| PB 0x0000000085900000| Untracked 
|  24|0x0000000085a00000, 0x0000000085a00000, 0x0000000085b00000|  0%| F|  |TAMS 0x0000000085a00000| PB 0x0000000085a00000| Untracked 
|  25|0x0000000085b00000, 0x0000000085b00000, 0x0000000085c00000|  0%| F|  |TAMS 0x0000000085b00000| PB 0x0000000085b00000| Untracked 
|  26|0x0000000085c00000, 0x0000000085c00000, 0x0000000085d00000|  0%| F|  |TAMS 0x0000000085c00000| PB 0x0000000085c00000| Untracked 
|  27|0x0000000085d00000, 0x0000000085d00000, 0x0000000085e00000|  0%| F|  |TAMS 0x0000000085d00000| PB 0x0000000085d00000| Untracked 
|  28|0x0000000085e00000, 0x0000000085e00000, 0x0000000085f00000|  0%| F|  |TAMS 0x0000000085e00000| PB 0x0000000085e00000| Untracked 
|  29|0x0000000085f00000, 0x0000000085f00000, 0x0000000086000000|  0%| F|  |TAMS 0x0000000085f00000| PB 0x0000000085f00000| Untracked 
|  30|0x0000000086000000, 0x0000000086000000, 0x0000000086100000|  0%| F|  |TAMS 0x0000000086000000| PB 0x0000000086000000| Untracked 
|  31|0x0000000086100000, 0x0000000086100000, 0x0000000086200000|  0%| F|  |TAMS 0x0000000086100000| PB 0x0000000086100000| Untracked 
|  32|0x0000000086200000, 0x0000000086200000, 0x0000000086300000|  0%| F|  |TAMS 0x0000000086200000| PB 0x0000000086200000| Untracked 
|  33|0x0000000086300000, 0x0000000086300000, 0x0000000086400000|  0%| F|  |TAMS 0x0000000086300000| PB 0x0000000086300000| Untracked 
|  34|0x0000000086400000, 0x0000000086400000, 0x0000000086500000|  0%| F|  |TAMS 0x0000000086400000| PB 0x0000000086400000| Untracked 
|  35|0x0000000086500000, 0x0000000086500000, 0x0000000086600000|  0%| F|  |TAMS 0x0000000086500000| PB 0x0000000086500000| Untracked 
|  36|0x0000000086600000, 0x0000000086600000, 0x0000000086700000|  0%| F|  |TAMS 0x0000000086600000| PB 0x0000000086600000| Untracked 
|  37|0x0000000086700000, 0x0000000086700000, 0x0000000086800000|  0%| F|  |TAMS 0x0000000086700000| PB 0x0000000086700000| Untracked 
|  38|0x0000000086800000, 0x0000000086800000, 0x0000000086900000|  0%| F|  |TAMS 0x0000000086800000| PB 0x0000000086800000| Untracked 
|  39|0x0000000086900000, 0x0000000086900000, 0x0000000086a00000|  0%| F|  |TAMS 0x0000000086900000| PB 0x0000000086900000| Untracked 
|  40|0x0000000086a00000, 0x0000000086a00000, 0x0000000086b00000|  0%| F|  |TAMS 0x0000000086a00000| PB 0x0000000086a00000| Untracked 
|  41|0x0000000086b00000, 0x0000000086b00000, 0x0000000086c00000|  0%| F|  |TAMS 0x0000000086b00000| PB 0x0000000086b00000| Untracked 
|  42|0x0000000086c00000, 0x0000000086c00000, 0x0000000086d00000|  0%| F|  |TAMS 0x0000000086c00000| PB 0x0000000086c00000| Untracked 
|  43|0x0000000086d00000, 0x0000000086d00000, 0x0000000086e00000|  0%| F|  |TAMS 0x0000000086d00000| PB 0x0000000086d00000| Untracked 
|  44|0x0000000086e00000, 0x0000000086e00000, 0x0000000086f00000|  0%| F|  |TAMS 0x0000000086e00000| PB 0x0000000086e00000| Untracked 
|  45|0x0000000086f00000, 0x0000000086f00000, 0x0000000087000000|  0%| F|  |TAMS 0x0000000086f00000| PB 0x0000000086f00000| Untracked 
|  46|0x0000000087000000, 0x0000000087000000, 0x0000000087100000|  0%| F|  |TAMS 0x0000000087000000| PB 0x0000000087000000| Untracked 
|  47|0x0000000087100000, 0x0000000087100000, 0x0000000087200000|  0%| F|  |TAMS 0x0000000087100000| PB 0x0000000087100000| Untracked 
|  48|0x0000000087200000, 0x0000000087200000, 0x0000000087300000|  0%| F|  |TAMS 0x0000000087200000| PB 0x0000000087200000| Untracked 
|  49|0x0000000087300000, 0x0000000087300000, 0x0000000087400000|  0%| F|  |TAMS 0x0000000087300000| PB 0x0000000087300000| Untracked 
|  50|0x0000000087400000, 0x0000000087400000, 0x0000000087500000|  0%| F|  |TAMS 0x0000000087400000| PB 0x0000000087400000| Untracked 
|  51|0x0000000087500000, 0x0000000087500000, 0x0000000087600000|  0%| F|  |TAMS 0x0000000087500000| PB 0x0000000087500000| Untracked 
|  52|0x0000000087600000, 0x0000000087600000, 0x0000000087700000|  0%| F|  |TAMS 0x0000000087600000| PB 0x0000000087600000| Untracked 
|  53|0x0000000087700000, 0x0000000087700000, 0x0000000087800000|  0%| F|  |TAMS 0x0000000087700000| PB 0x0000000087700000| Untracked 
|  54|0x0000000087800000, 0x0000000087800000, 0x0000000087900000|  0%| F|  |TAMS 0x0000000087800000| PB 0x0000000087800000| Untracked 
|  55|0x0000000087900000, 0x0000000087900000, 0x0000000087a00000|  0%| F|  |TAMS 0x0000000087900000| PB 0x0000000087900000| Untracked 
|  56|0x0000000087a00000, 0x0000000087a00000, 0x0000000087b00000|  0%| F|  |TAMS 0x0000000087a00000| PB 0x0000000087a00000| Untracked 
|  57|0x0000000087b00000, 0x0000000087b00000, 0x0000000087c00000|  0%| F|  |TAMS 0x0000000087b00000| PB 0x0000000087b00000| Untracked 
|  58|0x0000000087c00000, 0x0000000087c00000, 0x0000000087d00000|  0%| F|  |TAMS 0x0000000087c00000| PB 0x0000000087c00000| Untracked 
|  59|0x0000000087d00000, 0x0000000087d00000, 0x0000000087e00000|  0%| F|  |TAMS 0x0000000087d00000| PB 0x0000000087d00000| Untracked 
|  60|0x0000000087e00000, 0x0000000087e00000, 0x0000000087f00000|  0%| F|  |TAMS 0x0000000087e00000| PB 0x0000000087e00000| Untracked 
|  61|0x0000000087f00000, 0x0000000087f00000, 0x0000000088000000|  0%| F|  |TAMS 0x0000000087f00000| PB 0x0000000087f00000| Untracked 
|  62|0x0000000088000000, 0x0000000088000000, 0x0000000088100000|  0%| F|  |TAMS 0x0000000088000000| PB 0x0000000088000000| Untracked 
|  63|0x0000000088100000, 0x0000000088100000, 0x0000000088200000|  0%| F|  |TAMS 0x0000000088100000| PB 0x0000000088100000| Untracked 
|  64|0x0000000088200000, 0x0000000088200000, 0x0000000088300000|  0%| F|  |TAMS 0x0000000088200000| PB 0x0000000088200000| Untracked 
|  65|0x0000000088300000, 0x0000000088300000, 0x0000000088400000|  0%| F|  |TAMS 0x0000000088300000| PB 0x0000000088300000| Untracked 
|  66|0x0000000088400000, 0x0000000088400000, 0x0000000088500000|  0%| F|  |TAMS 0x0000000088400000| PB 0x0000000088400000| Untracked 
|  67|0x0000000088500000, 0x0000000088500000, 0x0000000088600000|  0%| F|  |TAMS 0x0000000088500000| PB 0x0000000088500000| Untracked 
|  68|0x0000000088600000, 0x0000000088600000, 0x0000000088700000|  0%| F|  |TAMS 0x0000000088600000| PB 0x0000000088600000| Untracked 
|  69|0x0000000088700000, 0x0000000088700000, 0x0000000088800000|  0%| F|  |TAMS 0x0000000088700000| PB 0x0000000088700000| Untracked 
|  70|0x0000000088800000, 0x0000000088800000, 0x0000000088900000|  0%| F|  |TAMS 0x0000000088800000| PB 0x0000000088800000| Untracked 
|  71|0x0000000088900000, 0x0000000088900000, 0x0000000088a00000|  0%| F|  |TAMS 0x0000000088900000| PB 0x0000000088900000| Untracked 
|  72|0x0000000088a00000, 0x0000000088a00000, 0x0000000088b00000|  0%| F|  |TAMS 0x0000000088a00000| PB 0x0000000088a00000| Untracked 
|  73|0x0000000088b00000, 0x0000000088b00000, 0x0000000088c00000|  0%| F|  |TAMS 0x0000000088b00000| PB 0x0000000088b00000| Untracked 
|  74|0x0000000088c00000, 0x0000000088c00000, 0x0000000088d00000|  0%| F|  |TAMS 0x0000000088c00000| PB 0x0000000088c00000| Untracked 
|  75|0x0000000088d00000, 0x0000000088d00000, 0x0000000088e00000|  0%| F|  |TAMS 0x0000000088d00000| PB 0x0000000088d00000| Untracked 
|  76|0x0000000088e00000, 0x0000000088e00000, 0x0000000088f00000|  0%| F|  |TAMS 0x0000000088e00000| PB 0x0000000088e00000| Untracked 
|  77|0x0000000088f00000, 0x0000000088f00000, 0x0000000089000000|  0%| F|  |TAMS 0x0000000088f00000| PB 0x0000000088f00000| Untracked 
|  78|0x0000000089000000, 0x0000000089000000, 0x0000000089100000|  0%| F|  |TAMS 0x0000000089000000| PB 0x0000000089000000| Untracked 
|  79|0x0000000089100000, 0x0000000089100000, 0x0000000089200000|  0%| F|  |TAMS 0x0000000089100000| PB 0x0000000089100000| Untracked 
|  80|0x0000000089200000, 0x0000000089200000, 0x0000000089300000|  0%| F|  |TAMS 0x0000000089200000| PB 0x0000000089200000| Untracked 
|  81|0x0000000089300000, 0x0000000089300000, 0x0000000089400000|  0%| F|  |TAMS 0x0000000089300000| PB 0x0000000089300000| Untracked 
|  82|0x0000000089400000, 0x0000000089400000, 0x0000000089500000|  0%| F|  |TAMS 0x0000000089400000| PB 0x0000000089400000| Untracked 
|  83|0x0000000089500000, 0x0000000089500000, 0x0000000089600000|  0%| F|  |TAMS 0x0000000089500000| PB 0x0000000089500000| Untracked 
|  84|0x0000000089600000, 0x0000000089600000, 0x0000000089700000|  0%| F|  |TAMS 0x0000000089600000| PB 0x0000000089600000| Untracked 
|  85|0x0000000089700000, 0x0000000089700000, 0x0000000089800000|  0%| F|  |TAMS 0x0000000089700000| PB 0x0000000089700000| Untracked 
|  86|0x0000000089800000, 0x0000000089800000, 0x0000000089900000|  0%| F|  |TAMS 0x0000000089800000| PB 0x0000000089800000| Untracked 
|  87|0x0000000089900000, 0x0000000089900000, 0x0000000089a00000|  0%| F|  |TAMS 0x0000000089900000| PB 0x0000000089900000| Untracked 
|  88|0x0000000089a00000, 0x0000000089a00000, 0x0000000089b00000|  0%| F|  |TAMS 0x0000000089a00000| PB 0x0000000089a00000| Untracked 
|  89|0x0000000089b00000, 0x0000000089b00000, 0x0000000089c00000|  0%| F|  |TAMS 0x0000000089b00000| PB 0x0000000089b00000| Untracked 
|  90|0x0000000089c00000, 0x0000000089c9f0c0, 0x0000000089d00000| 62%| S|CS|TAMS 0x0000000089c00000| PB 0x0000000089c00000| Complete 
|  91|0x0000000089d00000, 0x0000000089e00000, 0x0000000089e00000|100%| S|CS|TAMS 0x0000000089d00000| PB 0x0000000089d00000| Complete 
|  92|0x0000000089e00000, 0x0000000089f00000, 0x0000000089f00000|100%| S|CS|TAMS 0x0000000089e00000| PB 0x0000000089e00000| Complete 
|  93|0x0000000089f00000, 0x0000000089f00000, 0x000000008a000000|  0%| F|  |TAMS 0x0000000089f00000| PB 0x0000000089f00000| Untracked 
|  94|0x000000008a000000, 0x000000008a000000, 0x000000008a100000|  0%| F|  |TAMS 0x000000008a000000| PB 0x000000008a000000| Untracked 
|  95|0x000000008a100000, 0x000000008a100000, 0x000000008a200000|  0%| F|  |TAMS 0x000000008a100000| PB 0x000000008a100000| Untracked 
|  96|0x000000008a200000, 0x000000008a200000, 0x000000008a300000|  0%| F|  |TAMS 0x000000008a200000| PB 0x000000008a200000| Untracked 
|  97|0x000000008a300000, 0x000000008a300000, 0x000000008a400000|  0%| F|  |TAMS 0x000000008a300000| PB 0x000000008a300000| Untracked 
|  98|0x000000008a400000, 0x000000008a400000, 0x000000008a500000|  0%| F|  |TAMS 0x000000008a400000| PB 0x000000008a400000| Untracked 
|  99|0x000000008a500000, 0x000000008a500000, 0x000000008a600000|  0%| F|  |TAMS 0x000000008a500000| PB 0x000000008a500000| Untracked 
| 100|0x000000008a600000, 0x000000008a600000, 0x000000008a700000|  0%| F|  |TAMS 0x000000008a600000| PB 0x000000008a600000| Untracked 
| 101|0x000000008a700000, 0x000000008a700000, 0x000000008a800000|  0%| F|  |TAMS 0x000000008a700000| PB 0x000000008a700000| Untracked 
| 102|0x000000008a800000, 0x000000008a800000, 0x000000008a900000|  0%| F|  |TAMS 0x000000008a800000| PB 0x000000008a800000| Untracked 
| 103|0x000000008a900000, 0x000000008a900000, 0x000000008aa00000|  0%| F|  |TAMS 0x000000008a900000| PB 0x000000008a900000| Untracked 
| 104|0x000000008aa00000, 0x000000008aa00000, 0x000000008ab00000|  0%| F|  |TAMS 0x000000008aa00000| PB 0x000000008aa00000| Untracked 
| 105|0x000000008ab00000, 0x000000008ab00000, 0x000000008ac00000|  0%| F|  |TAMS 0x000000008ab00000| PB 0x000000008ab00000| Untracked 
| 106|0x000000008ac00000, 0x000000008ac00000, 0x000000008ad00000|  0%| F|  |TAMS 0x000000008ac00000| PB 0x000000008ac00000| Untracked 
| 107|0x000000008ad00000, 0x000000008ad00000, 0x000000008ae00000|  0%| F|  |TAMS 0x000000008ad00000| PB 0x000000008ad00000| Untracked 
| 108|0x000000008ae00000, 0x000000008ae00000, 0x000000008af00000|  0%| F|  |TAMS 0x000000008ae00000| PB 0x000000008ae00000| Untracked 
| 109|0x000000008af00000, 0x000000008af00000, 0x000000008b000000|  0%| F|  |TAMS 0x000000008af00000| PB 0x000000008af00000| Untracked 
| 110|0x000000008b000000, 0x000000008b000000, 0x000000008b100000|  0%| F|  |TAMS 0x000000008b000000| PB 0x000000008b000000| Untracked 
| 111|0x000000008b100000, 0x000000008b100000, 0x000000008b200000|  0%| F|  |TAMS 0x000000008b100000| PB 0x000000008b100000| Untracked 
| 112|0x000000008b200000, 0x000000008b2f4c08, 0x000000008b300000| 95%| E|  |TAMS 0x000000008b200000| PB 0x000000008b200000| Complete 
| 113|0x000000008b300000, 0x000000008b400000, 0x000000008b400000|100%| E|CS|TAMS 0x000000008b300000| PB 0x000000008b300000| Complete 
| 114|0x000000008b400000, 0x000000008b500000, 0x000000008b500000|100%| E|CS|TAMS 0x000000008b400000| PB 0x000000008b400000| Complete 
| 115|0x000000008b500000, 0x000000008b600000, 0x000000008b600000|100%| E|CS|TAMS 0x000000008b500000| PB 0x000000008b500000| Complete 
| 116|0x000000008b600000, 0x000000008b700000, 0x000000008b700000|100%| E|CS|TAMS 0x000000008b600000| PB 0x000000008b600000| Complete 
| 117|0x000000008b700000, 0x000000008b800000, 0x000000008b800000|100%| E|CS|TAMS 0x000000008b700000| PB 0x000000008b700000| Complete 
| 118|0x000000008b800000, 0x000000008b900000, 0x000000008b900000|100%| E|CS|TAMS 0x000000008b800000| PB 0x000000008b800000| Complete 
| 119|0x000000008b900000, 0x000000008ba00000, 0x000000008ba00000|100%| E|CS|TAMS 0x000000008b900000| PB 0x000000008b900000| Complete 
| 120|0x000000008ba00000, 0x000000008bb00000, 0x000000008bb00000|100%| E|  |TAMS 0x000000008ba00000| PB 0x000000008ba00000| Complete 
| 121|0x000000008bb00000, 0x000000008bc00000, 0x000000008bc00000|100%| E|CS|TAMS 0x000000008bb00000| PB 0x000000008bb00000| Complete 
| 122|0x000000008bc00000, 0x000000008bd00000, 0x000000008bd00000|100%| E|CS|TAMS 0x000000008bc00000| PB 0x000000008bc00000| Complete 
| 123|0x000000008bd00000, 0x000000008be00000, 0x000000008be00000|100%| E|CS|TAMS 0x000000008bd00000| PB 0x000000008bd00000| Complete 

Card table byte_map: [0x0000011fae0a0000,0x0000011fae480000] _byte_map_base: 0x0000011fadc7f000

Marking Bits: (CMBitMap*) 0x0000011f9b02dac0
 Bits: [0x0000011fae480000, 0x0000011fb0378000)

Polling page: 0x0000011f99240000

Metaspace:

Usage:
  Non-class:     15.08 MB used.
      Class:      2.17 MB used.
       Both:     17.24 MB used.

Virtual space:
  Non-class space:       64.00 MB reserved,      15.25 MB ( 24%) committed,  1 nodes.
      Class space:        1.00 GB reserved,       2.38 MB ( <1%) committed,  1 nodes.
             Both:        1.06 GB reserved,      17.62 MB (  2%) committed. 

Chunk freelists:
   Non-Class:  16.00 KB
       Class:  13.59 MB
        Both:  13.61 MB

MaxMetaspaceSize: unlimited
CompressedClassSpaceSize: 1.00 GB
Initial GC threshold: 21.00 MB
Current GC threshold: 21.00 MB
CDS: on
 - commit_granule_bytes: 65536.
 - commit_granule_words: 8192.
 - virtual_space_node_default_size: 8388608.
 - enlarge_chunks_in_place: 1.
 - use_allocation_guard: 0.


Internal statistics:

num_allocs_failed_limit: 0.
num_arena_births: 450.
num_arena_deaths: 0.
num_vsnodes_births: 2.
num_vsnodes_deaths: 0.
num_space_committed: 282.
num_space_uncommitted: 0.
num_chunks_returned_to_freelist: 0.
num_chunks_taken_from_freelist: 1073.
num_chunk_merges: 0.
num_chunk_splits: 713.
num_chunks_enlarged: 486.
num_inconsistent_stats: 0.

CodeHeap 'non-profiled nmethods': size=120000Kb used=752Kb max_used=752Kb free=119247Kb
 bounds [0x0000011fa6450000, 0x0000011fa66c0000, 0x0000011fad980000]
CodeHeap 'profiled nmethods': size=120000Kb used=4056Kb max_used=4056Kb free=115943Kb
 bounds [0x0000011f9e980000, 0x0000011f9ed80000, 0x0000011fa5eb0000]
CodeHeap 'non-nmethods': size=5760Kb used=1489Kb max_used=1494Kb free=4270Kb
 bounds [0x0000011fa5eb0000, 0x0000011fa6120000, 0x0000011fa6450000]
CodeCache: size=245760Kb, used=6297Kb, max_used=6302Kb, free=239460Kb
 total_blobs=2704, nmethods=2178, adapters=430, full_count=0
Compilation: enabled, stopped_count=0, restarted_count=0

Compilation events (20 events):
Event: 1.973 Thread 0x0000011fb2dcdf10 nmethod 2165 0x0000011f9ed67b10 code [0x0000011f9ed67cc0, 0x0000011f9ed67e70]
Event: 1.973 Thread 0x0000011fb2dcdf10 2166       3       org.springframework.boot.context.properties.source.ConfigurationPropertyName::lambda$buildToString$0 (9 bytes)
Event: 1.973 Thread 0x0000011fb2dcdf10 nmethod 2166 0x0000011f9ed67f90 code [0x0000011f9ed68140, 0x0000011f9ed68288]
Event: 1.973 Thread 0x0000011fb2dcdf10 2167       3       org.springframework.boot.context.properties.source.ConfigurationPropertyName$$Lambda/0x0000011fb40d0ca8::apply (9 bytes)
Event: 1.973 Thread 0x0000011fb2dcdf10 nmethod 2167 0x0000011f9ed68310 code [0x0000011f9ed684e0, 0x0000011f9ed686d8]
Event: 1.973 Thread 0x0000011fb2dcdf10 2168       3       org.springframework.boot.context.properties.source.ConfigurationPropertyName::lambda$buildToString$1 (16 bytes)
Event: 1.973 Thread 0x0000011fb2dcdf10 nmethod 2168 0x0000011f9ed68810 code [0x0000011f9ed689c0, 0x0000011f9ed68b58]
Event: 1.973 Thread 0x0000011fb2dcdf10 2169       1       org.springframework.boot.context.properties.source.SoftReferenceConfigurationPropertyCache$ActiveCacheOverride::timeToLive (5 bytes)
Event: 1.973 Thread 0x0000011fb2dcdf10 nmethod 2169 0x0000011fa650a910 code [0x0000011fa650aaa0, 0x0000011fa650ab68]
Event: 1.973 Thread 0x0000011fb2dcdf10 2171       3       org.springframework.boot.context.properties.source.CachingConfigurationPropertySource::find (21 bytes)
Event: 1.973 Thread 0x0000011fb2dcdf10 nmethod 2171 0x0000011f9ed68c10 code [0x0000011f9ed68de0, 0x0000011f9ed691b8]
Event: 1.973 Thread 0x0000011fb2dcdf10 2170       3       org.springframework.boot.context.properties.source.ConfigurationPropertySourcesCaching$$Lambda/0x0000011fb40daef0::accept (12 bytes)
Event: 1.974 Thread 0x0000011fb2dcdf10 nmethod 2170 0x0000011f9ed69310 code [0x0000011f9ed694e0, 0x0000011f9ed69908]
Event: 1.974 Thread 0x0000011fb2dcdf10 2172       3       java.util.ImmutableCollections$ListItr::hasNext (17 bytes)
Event: 1.974 Thread 0x0000011fb2dcdf10 nmethod 2172 0x0000011f9ed69a90 code [0x0000011f9ed69c20, 0x0000011f9ed69d88]
Event: 1.979 Thread 0x0000011fb2dcdf10 2174 %     3       java.util.Properties$LineReader::readLine @ 293 (584 bytes)
Event: 1.982 Thread 0x0000011fb2dcdf10 nmethod 2174% 0x0000011f9ed69e10 code [0x0000011f9ed6a220, 0x0000011f9ed6d000]
Event: 1.982 Thread 0x0000011fb2dcdf10 2176       3       java.util.Properties::getProperty (50 bytes)
Event: 1.983 Thread 0x0000011fb2dcdf10 nmethod 2176 0x0000011f9ed6de90 code [0x0000011f9ed6e060, 0x0000011f9ed6e548]
Event: 1.983 Thread 0x0000011fb2dcdf10 2179       3       java.util.Properties$LineReader::readLine (584 bytes)

GC Heap History (4 events):
Event: 1.137 GC heap before
{Heap before GC invocations=0 (full 0):
 garbage-first heap   total 126976K, used 25600K [0x0000000084200000, 0x0000000100000000)
  region size 1024K, 23 young (23552K), 0 survivors (0K)
 Metaspace       used 7026K, committed 7168K, reserved 1114112K
  class space    used 841K, committed 896K, reserved 1048576K
}
Event: 1.146 GC heap after
{Heap after GC invocations=1 (full 0):
 garbage-first heap   total 126976K, used 7760K [0x0000000084200000, 0x0000000100000000)
  region size 1024K, 3 young (3072K), 3 survivors (3072K)
 Metaspace       used 7026K, committed 7168K, reserved 1114112K
  class space    used 841K, committed 896K, reserved 1048576K
}
Event: 1.776 GC heap before
{Heap before GC invocations=1 (full 0):
 garbage-first heap   total 126976K, used 35408K [0x0000000084200000, 0x0000000100000000)
  region size 1024K, 31 young (31744K), 3 survivors (3072K)
 Metaspace       used 14458K, committed 14784K, reserved 1114112K
  class space    used 1833K, committed 1984K, reserved 1048576K
}
Event: 1.784 GC heap after
{Heap after GC invocations=2 (full 0):
 garbage-first heap   total 126976K, used 10332K [0x0000000084200000, 0x0000000100000000)
  region size 1024K, 3 young (3072K), 3 survivors (3072K)
 Metaspace       used 14458K, committed 14784K, reserved 1114112K
  class space    used 1833K, committed 1984K, reserved 1048576K
}

Dll operation events (6 events):
Event: 0.019 Loaded shared library C:\Users\dhaul\.p2\pool\plugins\org.eclipse.justj.openjdk.hotspot.jre.full.win32.x86_64_21.0.10.v20260205-0638\jre\bin\java.dll
Event: 0.178 Loaded shared library C:\Users\dhaul\.p2\pool\plugins\org.eclipse.justj.openjdk.hotspot.jre.full.win32.x86_64_21.0.10.v20260205-0638\jre\bin\zip.dll
Event: 0.272 Loaded shared library C:\Users\dhaul\.p2\pool\plugins\org.eclipse.justj.openjdk.hotspot.jre.full.win32.x86_64_21.0.10.v20260205-0638\jre\bin\net.dll
Event: 0.277 Loaded shared library C:\Users\dhaul\.p2\pool\plugins\org.eclipse.justj.openjdk.hotspot.jre.full.win32.x86_64_21.0.10.v20260205-0638\jre\bin\nio.dll
Event: 0.286 Loaded shared library C:\Users\dhaul\.p2\pool\plugins\org.eclipse.justj.openjdk.hotspot.jre.full.win32.x86_64_21.0.10.v20260205-0638\jre\bin\zip.dll
Event: 0.377 Loaded shared library C:\Users\dhaul\.p2\pool\plugins\org.eclipse.justj.openjdk.hotspot.jre.full.win32.x86_64_21.0.10.v20260205-0638\jre\bin\jimage.dll

Deoptimization events (20 events):
Event: 1.862 Thread 0x0000011f9afd7ad0 Uncommon trap: trap_request=0xffffffde fr.pc=0x0000011fa64f3244 relative=0x00000000000005a4
Event: 1.862 Thread 0x0000011f9afd7ad0 Uncommon trap: reason=class_check action=maybe_recompile pc=0x0000011fa64f3244 method=java.util.regex.Matcher.search(I)Z @ 121 c2
Event: 1.862 Thread 0x0000011f9afd7ad0 DEOPT PACKING pc=0x0000011fa64f3244 sp=0x0000001e35efdb10
Event: 1.862 Thread 0x0000011f9afd7ad0 DEOPT UNPACKING pc=0x0000011fa5f07ba2 sp=0x0000001e35efdaf0 mode 2
Event: 1.862 Thread 0x0000011f9afd7ad0 Uncommon trap: trap_request=0xffffffde fr.pc=0x0000011fa64f3244 relative=0x00000000000005a4
Event: 1.862 Thread 0x0000011f9afd7ad0 Uncommon trap: reason=class_check action=maybe_recompile pc=0x0000011fa64f3244 method=java.util.regex.Matcher.search(I)Z @ 121 c2
Event: 1.862 Thread 0x0000011f9afd7ad0 DEOPT PACKING pc=0x0000011fa64f3244 sp=0x0000001e35efdb10
Event: 1.862 Thread 0x0000011f9afd7ad0 DEOPT UNPACKING pc=0x0000011fa5f07ba2 sp=0x0000001e35efdaf0 mode 2
Event: 1.862 Thread 0x0000011f9afd7ad0 Uncommon trap: trap_request=0xffffffde fr.pc=0x0000011fa64f3244 relative=0x00000000000005a4
Event: 1.862 Thread 0x0000011f9afd7ad0 Uncommon trap: reason=class_check action=maybe_recompile pc=0x0000011fa64f3244 method=java.util.regex.Matcher.search(I)Z @ 121 c2
Event: 1.862 Thread 0x0000011f9afd7ad0 DEOPT PACKING pc=0x0000011fa64f3244 sp=0x0000001e35efdb10
Event: 1.862 Thread 0x0000011f9afd7ad0 DEOPT UNPACKING pc=0x0000011fa5f07ba2 sp=0x0000001e35efdaf0 mode 2
Event: 1.934 Thread 0x0000011ff9163050 Uncommon trap: trap_request=0xffffff45 fr.pc=0x0000011fa64f459c relative=0x000000000000013c
Event: 1.934 Thread 0x0000011ff9163050 Uncommon trap: reason=unstable_if action=reinterpret pc=0x0000011fa64f459c method=java.util.regex.Pattern$BmpCharPropertyGreedy.match(Ljava/util/regex/Matcher;ILjava/lang/CharSequence;)Z @ 12 c2
Event: 1.934 Thread 0x0000011ff9163050 DEOPT PACKING pc=0x0000011fa64f459c sp=0x0000001e377fdec0
Event: 1.934 Thread 0x0000011ff9163050 DEOPT UNPACKING pc=0x0000011fa5f07ba2 sp=0x0000001e377fde58 mode 2
Event: 1.981 Thread 0x0000011ff9163050 Uncommon trap: trap_request=0xffffff45 fr.pc=0x0000011fa64dc63c relative=0x00000000000004fc
Event: 1.981 Thread 0x0000011ff9163050 Uncommon trap: reason=unstable_if action=reinterpret pc=0x0000011fa64dc63c method=java.lang.AbstractStringBuilder.isLatin1()Z @ 10 c2
Event: 1.981 Thread 0x0000011ff9163050 DEOPT PACKING pc=0x0000011fa64dc63c sp=0x0000001e377fdf50
Event: 1.981 Thread 0x0000011ff9163050 DEOPT UNPACKING pc=0x0000011fa5f07ba2 sp=0x0000001e377fdea8 mode 2

Classes loaded (20 events):
Event: 1.952 Loading class java/util/ResourceBundle$CacheKeyReference done
Event: 1.952 Loading class java/util/ResourceBundle$KeyElementReference done
Event: 1.953 Loading class java/util/ResourceBundle$Control$2
Event: 1.953 Loading class java/util/ResourceBundle$Control$2 done
Event: 1.954 Loading class java/util/PropertyResourceBundle
Event: 1.954 Loading class java/util/PropertyResourceBundle done
Event: 1.954 Loading class sun/util/PropertyResourceBundleCharset
Event: 1.955 Loading class sun/util/PropertyResourceBundleCharset done
Event: 1.955 Loading class sun/util/PropertyResourceBundleCharset$PropertiesFileDecoder
Event: 1.955 Loading class sun/util/PropertyResourceBundleCharset$PropertiesFileDecoder done
Event: 1.956 Loading class java/util/ResourceBundle$BundleReference
Event: 1.956 Loading class java/util/ResourceBundle$BundleReference done
Event: 1.956 Loading class java/util/BitSet
Event: 1.957 Loading class java/util/BitSet done
Event: 1.967 Loading class javax/management/MBeanRegistration
Event: 1.968 Loading class javax/management/MBeanRegistration done
Event: 1.974 Loading class javax/security/auth/login/LoginException
Event: 1.974 Loading class java/security/GeneralSecurityException
Event: 1.975 Loading class java/security/GeneralSecurityException done
Event: 1.975 Loading class javax/security/auth/login/LoginException done

Classes unloaded (0 events):
No events

Classes redefined (0 events):
No events

Internal exceptions (20 events):
Event: 1.244 Thread 0x0000011f9afd7ad0 Exception <a 'java/lang/NoSuchMethodError'{0x000000008bac46b8}: 'java.lang.Object java.lang.invoke.DirectMethodHandle$Holder.newInvokeSpecial(java.lang.Object, java.lang.Object, java.lang.Object, int, java.lang.Object)'> (0x000000008bac46b8) 
thrown [s\src\hotspot\share\interpreter\linkResolver.cpp, line 773]
Event: 1.245 Thread 0x0000011f9afd7ad0 Exception <a 'java/lang/NoSuchMethodError'{0x000000008bacbc40}: 'java.lang.Object java.lang.invoke.Invokers$Holder.linkToTargetMethod(java.lang.Object, java.lang.Object, int, java.lang.Object, java.lang.Object)'> (0x000000008bacbc40) 
thrown [s\src\hotspot\share\interpreter\linkResolver.cpp, line 773]
Event: 1.246 Thread 0x0000011f9afd7ad0 Exception <a 'java/lang/NoSuchMethodError'{0x000000008bada6b8}: 'java.lang.Object java.lang.invoke.DirectMethodHandle$Holder.newInvokeSpecial(java.lang.Object, int, java.lang.Object)'> (0x000000008bada6b8) 
thrown [s\src\hotspot\share\interpreter\linkResolver.cpp, line 773]
Event: 1.246 Thread 0x0000011f9afd7ad0 Exception <a 'java/lang/NoSuchMethodError'{0x000000008badeeb8}: 'int java.lang.invoke.DirectMethodHandle$Holder.invokeSpecialIFC(java.lang.Object, java.lang.Object, java.lang.Object, java.lang.Object)'> (0x000000008badeeb8) 
thrown [s\src\hotspot\share\interpreter\linkResolver.cpp, line 773]
Event: 1.268 Thread 0x0000011f9afd7ad0 Exception <a 'java/lang/NoSuchMethodError'{0x000000008b97c1c0}: 'void java.lang.invoke.DirectMethodHandle$Holder.invokeInterface(java.lang.Object, java.lang.Object, java.lang.Object)'> (0x000000008b97c1c0) 
thrown [s\src\hotspot\share\interpreter\linkResolver.cpp, line 773]
Event: 1.290 Thread 0x0000011f9afd7ad0 Exception <a 'java/lang/NoSuchMethodError'{0x000000008b9f6308}: 'void java.lang.invoke.DirectMethodHandle$Holder.invokeStaticInit(java.lang.Object, java.lang.Object, java.lang.Object)'> (0x000000008b9f6308) 
thrown [s\src\hotspot\share\interpreter\linkResolver.cpp, line 773]
Event: 1.296 Thread 0x0000011f9afd7ad0 Exception <a 'java/lang/NoSuchMethodError'{0x000000008b83f208}: 'java.lang.Object java.lang.invoke.DirectMethodHandle$Holder.invokeVirtual(java.lang.Object, java.lang.Object, java.lang.Object)'> (0x000000008b83f208) 
thrown [s\src\hotspot\share\interpreter\linkResolver.cpp, line 773]
Event: 1.300 Thread 0x0000011f9afd7ad0 Exception <a 'java/lang/NoSuchMethodError'{0x000000008b8608f0}: 'java.lang.Object java.lang.invoke.DirectMethodHandle$Holder.invokeStaticInit(java.lang.Object, int)'> (0x000000008b8608f0) 
thrown [s\src\hotspot\share\interpreter\linkResolver.cpp, line 773]
Event: 1.302 Thread 0x0000011f9afd7ad0 Exception <a 'java/lang/NoSuchMethodError'{0x000000008b86aeb8}: 'java.lang.Object java.lang.invoke.DirectMethodHandle$Holder.invokeStaticInit(java.lang.Object, int, java.lang.Object)'> (0x000000008b86aeb8) 
thrown [s\src\hotspot\share\interpreter\linkResolver.cpp, line 773]
Event: 1.335 Thread 0x0000011f9afd7ad0 Exception <a 'java/lang/NoSuchMethodError'{0x000000008b713e10}: 'void java.lang.invoke.DirectMethodHandle$Holder.invokeVirtual(java.lang.Object, java.lang.Object, java.lang.Object, java.lang.Object)'> (0x000000008b713e10) 
thrown [s\src\hotspot\share\interpreter\linkResolver.cpp, line 773]
Event: 1.420 Thread 0x0000011f9afd7ad0 Exception <a 'java/lang/NoSuchMethodError'{0x000000008b579b08}: 'java.lang.Object java.lang.invoke.Invokers$Holder.invoke_MT(java.lang.Object, java.lang.Object, java.lang.Object, java.lang.Object, java.lang.Object, java.lang.Object, java.lang.Object, java.lang.Object, java.lang.Object)'> (0x000000008b579b08) 
thrown [s\src\hotspot\share\interpreter\linkResolver.cpp, line 773]
Event: 1.427 Thread 0x0000011f9afd7ad0 Exception <a 'java/lang/NoSuchMethodError'{0x000000008b5a75c8}: 'java.lang.reflect.Field[] java.lang.Class.getDeclaredFields(java.lang.Class)'> (0x000000008b5a75c8) 
thrown [s\src\hotspot\share\interpreter\linkResolver.cpp, line 773]
Event: 1.441 Thread 0x0000011f9afd7ad0 Exception <a 'java/lang/IncompatibleClassChangeError'{0x000000008b4ceb40}: Found class java.lang.Object, but interface was expected> (0x000000008b4ceb40) 
thrown [s\src\hotspot\share\interpreter\linkResolver.cpp, line 840]
Event: 1.854 Thread 0x0000011f9afd7ad0 Exception <a 'java/lang/NoSuchMethodError'{0x000000008baa05a0}: 'int java.lang.invoke.DirectMethodHandle$Holder.invokeSpecial(java.lang.Object, java.lang.Object, java.lang.Object, java.lang.Object, java.lang.Object)'> (0x000000008baa05a0) 
thrown [s\src\hotspot\share\interpreter\linkResolver.cpp, line 773]
Event: 1.857 Thread 0x0000011f9afd7ad0 Exception <a 'java/lang/NoSuchMethodError'{0x000000008baa8ba8}: 'void java.lang.invoke.DirectMethodHandle$Holder.invokeVirtual(java.lang.Object, java.lang.Object)'> (0x000000008baa8ba8) 
thrown [s\src\hotspot\share\interpreter\linkResolver.cpp, line 773]
Event: 1.859 Thread 0x0000011ff9163050 Exception <a 'java/lang/NoSuchMethodError'{0x000000008b97f8e0}: 'long java.lang.invoke.DirectMethodHandle$Holder.invokeSpecial(java.lang.Object, java.lang.Object)'> (0x000000008b97f8e0) 
thrown [s\src\hotspot\share\interpreter\linkResolver.cpp, line 773]
Event: 1.861 Thread 0x0000011ff9163050 Exception <a 'java/lang/NoSuchMethodError'{0x000000008b989218}: 'long java.lang.invoke.DirectMethodHandle$Holder.invokeStatic(java.lang.Object, java.lang.Object)'> (0x000000008b989218) 
thrown [s\src\hotspot\share\interpreter\linkResolver.cpp, line 773]
Event: 1.862 Thread 0x0000011ff9163050 Exception <a 'java/lang/NoSuchMethodError'{0x000000008b98c310}: 'long java.lang.invoke.DirectMethodHandle$Holder.invokeStaticInit(java.lang.Object, java.lang.Object)'> (0x000000008b98c310) 
thrown [s\src\hotspot\share\interpreter\linkResolver.cpp, line 773]
Event: 1.864 Thread 0x0000011ff9163050 Exception <a 'java/lang/NoSuchMethodError'{0x000000008b9983d0}: 'long java.lang.invoke.DirectMethodHandle$Holder.invokeInterface(java.lang.Object, java.lang.Object)'> (0x000000008b9983d0) 
thrown [s\src\hotspot\share\interpreter\linkResolver.cpp, line 773]
Event: 1.864 Thread 0x0000011ff9163050 Exception <a 'java/lang/IncompatibleClassChangeError'{0x000000008b99b3f0}: Found class java.lang.Object, but interface was expected> (0x000000008b99b3f0) 
thrown [s\src\hotspot\share\interpreter\linkResolver.cpp, line 840]

ZGC Phase Switch (0 events):
No events

VM Operations (20 events):
Event: 1.002 Executing non-safepoint VM operation: HandshakeAllThreads (Deoptimize)
Event: 1.002 Executing non-safepoint VM operation: HandshakeAllThreads (Deoptimize) done
Event: 1.130 Executing safepoint VM operation: ICBufferFull
Event: 1.130 Executing safepoint VM operation: ICBufferFull done
Event: 1.137 Executing safepoint VM operation: G1CollectForAllocation (G1 Evacuation Pause)
Event: 1.146 Executing safepoint VM operation: G1CollectForAllocation (G1 Evacuation Pause) done
Event: 1.217 Executing non-safepoint VM operation: HandshakeAllThreads (Deoptimize)
Event: 1.217 Executing non-safepoint VM operation: HandshakeAllThreads (Deoptimize) done
Event: 1.403 Executing non-safepoint VM operation: HandshakeAllThreads (Deoptimize)
Event: 1.403 Executing non-safepoint VM operation: HandshakeAllThreads (Deoptimize) done
Event: 1.407 Executing non-safepoint VM operation: HandshakeAllThreads (Deoptimize)
Event: 1.407 Executing non-safepoint VM operation: HandshakeAllThreads (Deoptimize) done
Event: 1.439 Executing safepoint VM operation: ICBufferFull
Event: 1.439 Executing safepoint VM operation: ICBufferFull done
Event: 1.647 Executing non-safepoint VM operation: HandshakeAllThreads (Deoptimize)
Event: 1.647 Executing non-safepoint VM operation: HandshakeAllThreads (Deoptimize) done
Event: 1.776 Executing safepoint VM operation: G1CollectForAllocation (G1 Evacuation Pause)
Event: 1.784 Executing safepoint VM operation: G1CollectForAllocation (G1 Evacuation Pause) done
Event: 1.834 Executing non-safepoint VM operation: HandshakeAllThreads (Deoptimize)
Event: 1.834 Executing non-safepoint VM operation: HandshakeAllThreads (Deoptimize) done

Memory protections (0 events):
No events

Nmethod flushes (0 events):
No events

Events (15 events):
Event: 0.156 Thread 0x0000011f9afd7ad0 Thread added: 0x0000011f9afd7ad0
Event: 0.180 Thread 0x0000011f9afd7ad0 Thread added: 0x0000011fb2dad1e0
Event: 0.180 Thread 0x0000011f9afd7ad0 Thread added: 0x0000011fb2db2970
Event: 0.181 Thread 0x0000011f9afd7ad0 Thread added: 0x0000011fb2db7850
Event: 0.181 Thread 0x0000011f9afd7ad0 Thread added: 0x0000011fb2db8700
Event: 0.181 Thread 0x0000011f9afd7ad0 Thread added: 0x0000011fb2dba710
Event: 0.181 Thread 0x0000011f9afd7ad0 Thread added: 0x0000011fb2dbded0
Event: 0.181 Thread 0x0000011f9afd7ad0 Thread added: 0x0000011fb2dc9bc0
Event: 0.181 Thread 0x0000011f9afd7ad0 Thread added: 0x0000011fb2dcdf10
Event: 0.257 Thread 0x0000011f9afd7ad0 Thread added: 0x0000011ff8106a30
Event: 0.262 Thread 0x0000011f9afd7ad0 Thread added: 0x0000011ff8117260
Event: 0.403 Thread 0x0000011fb2dcdf10 Thread added: 0x0000011ff8211450
Event: 0.987 Thread 0x0000011ff8211450 Thread exited: 0x0000011ff8211450
Event: 1.315 Thread 0x0000011fb2dcdf10 Thread added: 0x0000011ff8de1f70
Event: 1.417 Thread 0x0000011f9afd7ad0 Thread added: 0x0000011ff9163050


Dynamic libraries:
0x00007ff63aa90000 - 0x00007ff63aa9e000 	C:\Users\dhaul\.p2\pool\plugins\org.eclipse.justj.openjdk.hotspot.jre.full.win32.x86_64_21.0.10.v20260205-0638\jre\bin\javaw.exe
0x00007ffe913e0000 - 0x00007ffe91647000 	C:\WINDOWS\SYSTEM32\ntdll.dll
0x00007ffe8fbb0000 - 0x00007ffe8fc79000 	C:\WINDOWS\System32\KERNEL32.DLL
0x00007ffe8de30000 - 0x00007ffe8e221000 	C:\WINDOWS\System32\KERNELBASE.dll
0x00007ffe8e660000 - 0x00007ffe8e7ab000 	C:\WINDOWS\System32\ucrtbase.dll
0x00007ffe7ebe0000 - 0x00007ffe7ebf8000 	C:\Users\dhaul\.p2\pool\plugins\org.eclipse.justj.openjdk.hotspot.jre.full.win32.x86_64_21.0.10.v20260205-0638\jre\bin\jli.dll
0x00007ffe8f180000 - 0x00007ffe8f345000 	C:\WINDOWS\System32\USER32.dll
0x00007ffe8e8e0000 - 0x00007ffe8e907000 	C:\WINDOWS\System32\win32u.dll
0x00007ffe90ac0000 - 0x00007ffe90aeb000 	C:\WINDOWS\System32\GDI32.dll
0x00007ffe8e7b0000 - 0x00007ffe8e8db000 	C:\WINDOWS\System32\gdi32full.dll
0x00007ffe7a500000 - 0x00007ffe7a51e000 	C:\Users\dhaul\.p2\pool\plugins\org.eclipse.justj.openjdk.hotspot.jre.full.win32.x86_64_21.0.10.v20260205-0638\jre\bin\VCRUNTIME140.dll
0x00007ffe8e2e0000 - 0x00007ffe8e383000 	C:\WINDOWS\System32\msvcp_win.dll
0x00007ffe71f20000 - 0x00007ffe721b3000 	C:\WINDOWS\WinSxS\amd64_microsoft.windows.common-controls_6595b64144ccf1df_6.0.26100.8037_none_3e092faae333b53b\COMCTL32.dll
0x00007ffe90dd0000 - 0x00007ffe90e79000 	C:\WINDOWS\System32\msvcrt.dll
0x00007ffe904e0000 - 0x00007ffe90511000 	C:\WINDOWS\System32\IMM32.DLL
0x00007ffe7ebd0000 - 0x00007ffe7ebdc000 	C:\Users\dhaul\.p2\pool\plugins\org.eclipse.justj.openjdk.hotspot.jre.full.win32.x86_64_21.0.10.v20260205-0638\jre\bin\vcruntime140_1.dll
0x00007ffe43d90000 - 0x00007ffe43e1d000 	C:\Users\dhaul\.p2\pool\plugins\org.eclipse.justj.openjdk.hotspot.jre.full.win32.x86_64_21.0.10.v20260205-0638\jre\bin\msvcp140.dll
0x00007ffdffde0000 - 0x00007ffe00b81000 	C:\Users\dhaul\.p2\pool\plugins\org.eclipse.justj.openjdk.hotspot.jre.full.win32.x86_64_21.0.10.v20260205-0638\jre\bin\server\jvm.dll
0x00007ffe8fc80000 - 0x00007ffe8fd3b000 	C:\WINDOWS\System32\ADVAPI32.dll
0x00007ffe90d20000 - 0x00007ffe90dc7000 	C:\WINDOWS\System32\sechost.dll
0x00007ffe90af0000 - 0x00007ffe90c08000 	C:\WINDOWS\System32\RPCRT4.dll
0x00007ffe91300000 - 0x00007ffe91374000 	C:\WINDOWS\System32\WS2_32.dll
0x00007ffe85120000 - 0x00007ffe85155000 	C:\WINDOWS\SYSTEM32\WINMM.dll
0x00007ffe8db40000 - 0x00007ffe8db9e000 	C:\WINDOWS\SYSTEM32\POWRPROF.dll
0x00007ffe7c380000 - 0x00007ffe7c38b000 	C:\WINDOWS\SYSTEM32\VERSION.dll
0x00007ffe8db00000 - 0x00007ffe8db14000 	C:\WINDOWS\SYSTEM32\UMPDC.dll
0x00007ffe8ca50000 - 0x00007ffe8ca6b000 	C:\WINDOWS\SYSTEM32\kernel.appcore.dll
0x00007ffe88fa0000 - 0x00007ffe88faa000 	C:\Users\dhaul\.p2\pool\plugins\org.eclipse.justj.openjdk.hotspot.jre.full.win32.x86_64_21.0.10.v20260205-0638\jre\bin\jimage.dll
0x00007ffe8bac0000 - 0x00007ffe8bd02000 	C:\WINDOWS\SYSTEM32\DBGHELP.DLL
0x00007ffe8ff20000 - 0x00007ffe902a2000 	C:\WINDOWS\System32\combase.dll
0x00007ffe909e0000 - 0x00007ffe90ab7000 	C:\WINDOWS\System32\OLEAUT32.dll
0x00007ffe69010000 - 0x00007ffe6904b000 	C:\WINDOWS\SYSTEM32\dbgcore.DLL
0x00007ffe8e230000 - 0x00007ffe8e2d5000 	C:\WINDOWS\System32\bcryptPrimitives.dll
0x00007ffe7ea80000 - 0x00007ffe7eaa0000 	C:\Users\dhaul\.p2\pool\plugins\org.eclipse.justj.openjdk.hotspot.jre.full.win32.x86_64_21.0.10.v20260205-0638\jre\bin\java.dll
0x00007ffe8f440000 - 0x00007ffe8fb9f000 	C:\WINDOWS\System32\SHELL32.dll
0x00007ffe8dcc0000 - 0x00007ffe8de2a000 	C:\WINDOWS\System32\wintypes.dll
0x00007ffe8e910000 - 0x00007ffe8f174000 	C:\WINDOWS\System32\windows.storage.dll
0x00007ffe90c10000 - 0x00007ffe90d07000 	C:\WINDOWS\System32\SHCORE.dll
0x00007ffe8f370000 - 0x00007ffe8f3d7000 	C:\WINDOWS\System32\shlwapi.dll
0x00007ffe8dbe0000 - 0x00007ffe8dc09000 	C:\WINDOWS\SYSTEM32\profapi.dll
0x00007ffe7ea60000 - 0x00007ffe7ea78000 	C:\Users\dhaul\.p2\pool\plugins\org.eclipse.justj.openjdk.hotspot.jre.full.win32.x86_64_21.0.10.v20260205-0638\jre\bin\zip.dll
0x00007ffe88f20000 - 0x00007ffe88f30000 	C:\Users\dhaul\.p2\pool\plugins\org.eclipse.justj.openjdk.hotspot.jre.full.win32.x86_64_21.0.10.v20260205-0638\jre\bin\net.dll
0x00007ffe7ec90000 - 0x00007ffe7edb7000 	C:\WINDOWS\SYSTEM32\WINHTTP.dll
0x00007ffe8cfc0000 - 0x00007ffe8d02b000 	C:\WINDOWS\system32\mswsock.dll
0x00007ffe7e710000 - 0x00007ffe7e726000 	C:\Users\dhaul\.p2\pool\plugins\org.eclipse.justj.openjdk.hotspot.jre.full.win32.x86_64_21.0.10.v20260205-0638\jre\bin\nio.dll

JVMTI agents: none

dbghelp: loaded successfully - version: 4.0.5 - missing functions: none
symbol engine: initialized successfully - sym options: 0x614 - pdb path: .;C:\Users\dhaul\.p2\pool\plugins\org.eclipse.justj.openjdk.hotspot.jre.full.win32.x86_64_21.0.10.v20260205-0638\jre\bin;C:\WINDOWS\SYSTEM32;C:\WINDOWS\WinSxS\amd64_microsoft.windows.common-controls_6595b64144ccf1df_6.0.26100.8037_none_3e092faae333b53b;C:\Users\dhaul\.p2\pool\plugins\org.eclipse.justj.openjdk.hotspot.jre.full.win32.x86_64_21.0.10.v20260205-0638\jre\bin\server

VM Arguments:
jvm_args: -Dfile.encoding=UTF-8 -Dstdout.encoding=UTF-8 -Dstderr.encoding=UTF-8 -XX:+ShowCodeDetailsInExceptionMessages 
java_command: com.dimple.placement.PlacementApplication
java_class_path (initial): C:\Users\dhaul\Desktop\MCA JIMS\Sem 2\Minor\placement\placement\target\classes;C:\Users\dhaul\.m2\repository\org\springframework\boot\spring-boot-h2console\4.0.5\spring-boot-h2console-4.0.5.jar;C:\Users\dhaul\.m2\repository\org\springframework\boot\spring-boot\4.0.5\spring-boot-4.0.5.jar;C:\Users\dhaul\.m2\repository\org\springframework\spring-core\7.0.6\spring-core-7.0.6.jar;C:\Users\dhaul\.m2\repository\commons-logging\commons-logging\1.3.6\commons-logging-1.3.6.jar;C:\Users\dhaul\.m2\repository\org\jspecify\jspecify\1.0.0\jspecify-1.0.0.jar;C:\Users\dhaul\.m2\repository\org\springframework\spring-context\7.0.6\spring-context-7.0.6.jar;C:\Users\dhaul\.m2\repository\org\springframework\spring-aop\7.0.6\spring-aop-7.0.6.jar;C:\Users\dhaul\.m2\repository\org\springframework\spring-beans\7.0.6\spring-beans-7.0.6.jar;C:\Users\dhaul\.m2\repository\org\springframework\spring-expression\7.0.6\spring-expression-7.0.6.jar;C:\Users\dhaul\.m2\repository\io\micrometer\micrometer-observation\1.16.4\micrometer-observation-1.16.4.jar;C:\Users\dhaul\.m2\repository\io\micrometer\micrometer-commons\1.16.4\micrometer-commons-1.16.4.jar;C:\Users\dhaul\.m2\repository\jakarta\servlet\jakarta.servlet-api\6.1.0\jakarta.servlet-api-6.1.0.jar;C:\Users\dhaul\.m2\repository\org\springframework\boot\spring-boot-starter-data-jpa\4.0.5\spring-boot-starter-data-jpa-4.0.5.jar;C:\Users\dhaul\.m2\repository\org\springframework\boot\spring-boot-starter\4.0.5\spring-boot-starter-4.0.5.jar;C:\Users\dhaul\.m2\repository\org\springframework\boot\spring-boot-starter-logging\4.0.5\spring-boot-starter-logging-4.0.5.jar;C:\Users\dhaul\.m2\repository\ch\qos\logback\logback-classic\1.5.32\logback-classic-1.5.32.jar;C:\Users\dhaul\.m2\repository\ch\qos\logback\logback-core\1.5.32\logback-core-1.5.32.jar;C:\Users\dhaul\.m2\repository\org\apache\logging\log4j\log4j-to-slf4j\2.25.3\log4j-to-slf4j-2.25.3.jar;C:\Users\dhaul\.m2\repository\org\apache\logging\log4j\log4j-api\2.25.3\log4j-api-2.25.3.jar;C:\Users\dhaul\.m2\repository\org\slf4j\jul-to-slf4j\2.0.17\jul-to-slf4j-2.0.17.jar;C:\Users\dhaul\.m2\repository\org\springframework\boot\spring-boot-autoconfigure\4.0.5\spring-boot-autoconfigure-4.0.5.jar;C:\Users\dhaul\.m2\repository\jakarta\annotation\jakarta.annotation-api\3.0.0\jakarta.annotation-api-3.0.0.jar;C:\Users\dhaul\.m2\repository\org\yaml\snakeyaml\2.5\snakeyaml-2.5.jar;C:\Users\dhaul\.m2\repository\org\springframework\boot\spring-boot-starter-jdbc\4.0.5\spring-boot-starter-jdbc-4.0.5.jar;C:\Users\dhaul\.m2\repository\com\zaxxer\HikariCP\7.0.2\HikariCP-7.0.2.jar;C:\Users\dhaul\.m2\repository\org\slf4j\slf4j-api\2.0.17\slf4j-api-2.0.17.jar;C:\Users\dhaul\.m2\repository\org\springframework\boot\spring-boot-data-jpa\4.0.5\spring-boot-data-jpa-4.0.5.jar;C:\Users\dhaul\.m2\repository\org\springframework\boot\spring-boot-data-commons\4.0.5\spring-boot-data-commons-4.0.5.jar;C:\Users\dhaul\.m2\repository\org\springframework\boot\spring-boot-persistence\4.0.5\spring-boot-persistence-4.0.5.jar;C:\Users\dhaul\.m2\repository\org\springframework\data\spring-data-commons\4.0.4\spring-data-commons-4.0.4.jar;C:\Users\dhaul\.m2\repository\org\springframework\boot\spring-boot-hibernate\4.0.5\spring-boot-hibernate-4.0.5.jar;C:\Users\dhaul\.m2\repository\org\springframework\boot\spring-boot-jpa\4.0.5\spring-boot-jpa-4.0.5.jar;C:\Users\dhaul\.m2\repository\jakarta\persistence\jakarta.persistence-api\3.2.0\jakarta.persistence-api-3.2.0.jar;C:\Users\dhaul\.m2\repository\org\hibernate\orm\hibernate-core\7.2.7.Final\hibernate-core-7.2.7.Final.jar;C:\Users\dhaul\.m2\repository\jakarta\transaction\jakarta.transaction-api\2.0.1\jakarta.transaction-api-2.0.1.jar;C:\Users\dhaul\.m2\repository\org\jboss\logging\jboss-logging\3.6.3.Final\jboss-logging-3.6.3.Final.jar;C:\Users\dhaul\.m2\repository\org\hibernate\models\hibernate-models\1.0.1\hibernate-models-1.0.1.jar;C:\Users\dhaul\.m2\repository\com\fasterxml\classmate\1.7.3\classmate-1.7.3.jar;C:\Users\dhaul\.m2\repository\org\glassfish\jaxb\jaxb-runtime\4.0.6\jaxb-runtime-4.0.6.jar;C:\Users\dhaul\.m2\repository\org\glassfish\jaxb\jaxb-core\4.0.6\jaxb-core-4.0.6.jar;C:\Users\dhaul\.m2\repository\org\eclipse\angus\angus-activation\2.0.3\angus-activation-2.0.3.jar;C:\Users\dhaul\.m2\repository\org\glassfish\jaxb\txw2\4.0.6\txw2-4.0.6.jar;C:\Users\dhaul\.m2\repository\com\sun\istack\istack-commons-runtime\4.1.2\istack-commons-runtime-4.1.2.jar;C:\Users\dhaul\.m2\repository\jakarta\inject\jakarta.inject-api\2.0.1\jakarta.inject-api-2.0.1.jar;C:\Users\dhaul\.m2\repository\org\springframework\spring-orm\7.0.6\spring-orm-7.0.6.jar;C:\Users\dhaul\.m2\repository\org\springframework\data\spring-data-jpa\4.0.4\spring-data-jpa-4.0.4.jar;C:\Users\dhaul\.m2\repository\org\springframework\spring-tx\7.0.6\spring-tx-7.0.6.jar;C:\Users\dhaul\.m2\repository\org\antlr\antlr4-runtime\4.13.2\antlr4-runtime-4.13.2.jar;C:\Users\dhaul\.m2\repository\org\springframework\spring-aspects\7.0.6\spring-aspects-7.0.6.jar;C:\Users\dhaul\.m2\repository\org\aspectj\aspectjweaver\1.9.25.1\aspectjweaver-1.9.25.1.jar;C:\Users\dhaul\.m2\repository\org\springframework\boot\spring-boot-jdbc\4.0.5\spring-boot-jdbc-4.0.5.jar;C:\Users\dhaul\.m2\repository\org\springframework\boot\spring-boot-sql\4.0.5\spring-boot-sql-4.0.5.jar;C:\Users\dhaul\.m2\repository\org\springframework\boot\spring-boot-transaction\4.0.5\spring-boot-transaction-4.0.5.jar;C:\Users\dhaul\.m2\repository\org\springframework\spring-jdbc\7.0.6\spring-jdbc-7.0.6.jar;C:\Users\dhaul\.m2\repository\org\springframework\boot\spring-boot-starter-webmvc\4.0.5\spring-boot-starter-webmvc-4.0.5.jar;C:\Users\dhaul\.m2\repository\org\springframework\boot\spring-boot-starter-jackson\4.0.5\spring-boot-starter-jackson-4.0.5.jar;C:\Users\dhaul\.m2\repository\org\springframework\boot\spring-boot-jackson\4.0.5\spring-boot-jackson-4.0.5.jar;C:\Users\dhaul\.m2\repository\tools\jackson\core\jackson-databind\3.1.0\jackson-databind-3.1.0.jar;C:\Users\dhaul\.m2\repository\com\fasterxml\jackson\core\jackson-annotations\2.21\jackson-annotations-2.21.jar;C:\Users\dhaul\.m2\repository\tools\jackson\core\jackson-core\3.1.0\jackson-core-3.1.0.jar;C:\Users\dhaul\.m2\repository\org\springframework\boot\spring-boot-starter-tomcat\4.0.5\spring-boot-starter-tomcat-4.0.5.jar;C:\Users\dhaul\.m2\repository\org\springframework\boot\spring-boot-starter-tomcat-runtime\4.0.5\spring-boot-starter-tomcat-runtime-4.0.5.jar;C:\Users\dhaul\.m2\repository\org\apache\tomcat\embed\tomcat-embed-core\11.0.20\tomcat-embed-core-11.0.20.jar;C:\Users\dhaul\.m2\repository\org\apache\tomcat\embed\tomcat-embed-el\11.0.20\tomcat-embed-el-11.0.20.jar;C:\Users\dhaul\.m2\repository\org\apache\tomcat\embed\tomcat-embed-websocket\11.0.20\tomcat-embed-websocket-11.0.20.jar;C:\Users\dhaul\.m2\repository\org\springframework\boot\spring-boot-tomcat\4.0.5\spring-boot-tomcat-4.0.5.jar;C:\Users\dhaul\.m2\repository\org\springframework\boot\spring-boot-http-converter\4.0.5\spring-boot-http-converter-4.0.5.jar;C:\Users\dhaul\.m2\repository\org\springframework\spring-web\7.0.6\spring-web-7.0.6.jar;C:\Users\dhaul\.m2\repository\org\springframework\boot\spring-boot-webmvc\4.0.5\spring-boot-webmvc-4.0.5.jar;C:\Users\dhaul\.m2\repository\org\springframework\boot\spring-boot-servlet\4.0.5\spring-boot-servlet-4.0.5.jar;C:\Users\dhaul\.m2\repository\org\springframework\spring-webmvc\7.0.6\spring-webmvc-7.0.6.jar;C:\Users\dhaul\.m2\repository\com\h2database\h2\2.4.240\h2-2.4.240.jar;C:\Users\dhaul\.m2\repository\org\projectlombok\lombok\1.18.44\lombok-1.18.44.jar;C:\Users\dhaul\.m2\repository\jakarta\xml\bind\jakarta.xml.bind-api\4.0.4\jakarta.xml.bind-api-4.0.4.jar;C:\Users\dhaul\.m2\repository\jakarta\activation\jakarta.activation-api\2.1.4\jakarta.activation-api-2.1.4.jar;C:\Users\dhaul\.m2\repository\net\bytebuddy\byte-buddy\1.17.8\byte-buddy-1.17.8.jar;C:\Users\dhaul\.m2\repository\org\springframework\boot\spring-boot-web-server\4.0.5\spring-boot-web-server-4.0.5.jar
Launcher Type: SUN_STANDARD

[Global flags]
     intx CICompilerCount                          = 4                                         {product} {ergonomic}
     uint ConcGCThreads                            = 2                                         {product} {ergonomic}
     uint G1ConcRefinementThreads                  = 8                                         {product} {ergonomic}
   size_t G1HeapRegionSize                         = 1048576                                   {product} {ergonomic}
    uintx GCDrainStackTargetSize                   = 64                                        {product} {ergonomic}
   size_t InitialHeapSize                          = 130023424                                 {product} {ergonomic}
   size_t MarkStackSize                            = 4194304                                   {product} {ergonomic}
   size_t MaxHeapSize                              = 2078277632                                {product} {ergonomic}
   size_t MaxNewSize                               = 1246756864                                {product} {ergonomic}
   size_t MinHeapDeltaBytes                        = 1048576                                   {product} {ergonomic}
   size_t MinHeapSize                              = 8388608                                   {product} {ergonomic}
    uintx NonNMethodCodeHeapSize                   = 5839372                                {pd product} {ergonomic}
    uintx NonProfiledCodeHeapSize                  = 122909434                              {pd product} {ergonomic}
    uintx ProfiledCodeHeapSize                     = 122909434                              {pd product} {ergonomic}
    uintx ReservedCodeCacheSize                    = 251658240                              {pd product} {ergonomic}
     bool SegmentedCodeCache                       = true                                      {product} {ergonomic}
     bool ShowCodeDetailsInExceptionMessages       = true                                   {manageable} {command line}
   size_t SoftMaxHeapSize                          = 2078277632                             {manageable} {ergonomic}
     bool UseCompressedOops                        = true                           {product lp64_product} {ergonomic}
     bool UseG1GC                                  = true                                      {product} {ergonomic}
     bool UseLargePagesIndividualAllocation        = false                                  {pd product} {ergonomic}

Logging:
Log output configuration:
 #0: stdout all=warning uptime,level,tags foldmultilines=false
 #1: stderr all=off uptime,level,tags foldmultilines=false

Release file:
JAVA_VERSION="21.0.10" 
MODULES="java.base java.compiler java.datatransfer java.xml java.prefs java.desktop java.instrument java.logging java.management java.security.sasl java.naming java.rmi java.management.rmi java.net.http java.scripting java.security.jgss java.transaction.xa java.sql java.sql.rowset java.xml.crypto java.se java.smartcardio jdk.accessibility jdk.internal.jvmstat jdk.attach jdk.charsets jdk.internal.opt jdk.zipfs jdk.compiler jdk.crypto.ec jdk.crypto.cryptoki jdk.crypto.mscapi jdk.dynalink jdk.internal.ed jdk.editpad jdk.hotspot.agent jdk.httpserver jdk.internal.le jdk.internal.vm.ci jdk.internal.vm.compiler jdk.internal.vm.compiler.management jdk.jartool jdk.javadoc jdk.jcmd jdk.management jdk.management.agent jdk.jconsole jdk.jdeps jdk.jdwp.agent jdk.jdi jdk.jfr jdk.jshell jdk.jsobject jdk.jstatd jdk.localedata jdk.management.jfr jdk.naming.dns jdk.naming.rmi jdk.net jdk.nio.mapmode jdk.random jdk.sctp jdk.security.auth jdk.security.jgss jdk.unsupported jdk.unsupported.desktop jdk.xml.dom" 

Environment Variables:
PATH=C:/Users/dhaul/.p2/pool/plugins/org.eclipse.justj.openjdk.hotspot.jre.full.win32.x86_64_21.0.10.v20260205-0638/jre/bin/server;C:/Users/dhaul/.p2/pool/plugins/org.eclipse.justj.openjdk.hotspot.jre.full.win32.x86_64_21.0.10.v20260205-0638/jre/bin;C:\Program Files\Eclipse Adoptium\jdk-25.0.1.8-hotspot\bin;C:\WINDOWS\system32;C:\WINDOWS;C:\WINDOWS\System32\Wbem;C:\WINDOWS\System32\WindowsPowerShell\v1.0\;C:\WINDOWS\System32\OpenSSH\;C:\Program Files\dotnet\;C:\Program Files\Microsoft SQL Server\170\Tools\Binn\;C:\Program Files\Microsoft SQL Server\Client SDK\ODBC\170\Tools\Binn\;C:\Program Files (x86)\IncrediBuild;C:\Program Files (x86)\Windows Kits\10\Windows Performance Toolkit\;C:\Program Files\Git\cmd;C:\Program Files\MySQL\MySQL Shell 8.0\bin\;C:\Users\dhaul\AppData\Local\Microsoft\WindowsApps;C:\Users\dhaul\AppData\Local\Programs\Microsoft VS Code\bin;C:\Users\dhaul\AppData\Local\Packages\PythonSoftwareFoundation.Python.3.13_qbz5n2kfra8p0\LocalCache\local-packages\Python313\Scripts;c:\users\dhaul\appdata\local\packages\pythonsoftwarefoundation.python.3.13_qbz5n2kfra8p0\localcache\local-packages\python313\site-packages (2.3.4);c:\users\dhaul\appdata\local\packages\pythonsoftwarefoundation.python.3.13_qbz5n2kfra8p0\localcache\local-packages\python313\site-packages (0.45.1);c:\users\dhaul\appdata\local\packages\pythonsoftwarefoundation.python.3.13_qbz5n2kfra8p0\localcache\local\pip\cache\wheels\39\20\47\6b647a3457f0e36c161b2516a5bd7f29f6bbd5e3a67c46a710;C:\Program Files\MySQL;C:\Users\dhaul\Downloads\dlib;C:\Users\dhaul\Downloads\dlib\dlib;C:\Users\dhaul\AppData\Local\Packages\PythonSoftwareFoundation.Python.3.13_qbz5n2kfra8p0\LocalCache\Local\pip\cache\wheels;C:\Users\dhaul\AppData\Local\Packages\PythonSoftwareFoundation.Python.3.13_qbz5n2kfra8p0\LocalCache\Local\pip;C:\Users\dhaul;C:\MinGW\bin;C:\MinGW\bin\mingw-get.exe;C:\Users\dhaul\.dotnet\tools;C:\Users\dhaul\vscode-remote-wsl\oracleJdk-25\lib;C:\Users\dhaul\Downloads\mysql-connector-j-9.5.0\mysql-connector-j-9.5.0;;C:\WINDOWS\System32;
USERNAME=dhaul
OS=Windows_NT
PROCESSOR_IDENTIFIER=Intel64 Family 6 Model 140 Stepping 1, GenuineIntel
TMP=C:\Users\dhaul\AppData\Local\Temp
TEMP=C:\Users\dhaul\AppData\Local\Temp




Periodic native trim disabled

---------------  S Y S T E M  ---------------

OS:
 Windows 11 , 64 bit Build 26100 (10.0.26100.7920)
OS uptime: 15 days 18:01 hours
Hyper-V role detected

CPU: total 8 (initial active 8) (4 cores per cpu, 2 threads per core) family 6 model 140 stepping 1 microcode 0xbe, cx8, cmov, fxsr, ht, mmx, 3dnowpref, sse, sse2, sse3, ssse3, sse4.1, sse4.2, popcnt, lzcnt, tsc, tscinvbit, avx, avx2, aes, erms, clmul, bmi1, bmi2, adx, avx512f, avx512dq, avx512cd, avx512bw, avx512vl, sha, fma, vzeroupper, avx512_vpopcntdq, avx512_vpclmulqdq, avx512_vaes, avx512_vnni, clflush, clflushopt, clwb, avx512_vbmi2, avx512_vbmi, hv, rdtscp, rdpid, fsrm, gfni, avx512_bitalg, f16c, cet_ibt, cet_ss, avx512_ifma
Processor Information for processor 0
  Max Mhz: 2419, Current Mhz: 2419, Mhz Limit: 2419
Processor Information for processor 1
  Max Mhz: 2419, Current Mhz: 2419, Mhz Limit: 2419
Processor Information for processor 2
  Max Mhz: 2419, Current Mhz: 2419, Mhz Limit: 2419
Processor Information for processor 3
  Max Mhz: 2419, Current Mhz: 2419, Mhz Limit: 2419
Processor Information for processor 4
  Max Mhz: 2419, Current Mhz: 2419, Mhz Limit: 2419
Processor Information for processor 5
  Max Mhz: 2419, Current Mhz: 2419, Mhz Limit: 2419
Processor Information for processor 6
  Max Mhz: 2419, Current Mhz: 2419, Mhz Limit: 2419
Processor Information for processor 7
  Max Mhz: 2419, Current Mhz: 1209, Mhz Limit: 2419

Memory: 4k page, system-wide physical 7926M (426M free)
TotalPageFile size 32502M (AvailPageFile size 6M)
current process WorkingSet (physical memory assigned to process): 138M, peak: 138M
current process commit charge ("private bytes"): 260M, peak: 261M

vm_info: OpenJDK 64-Bit Server VM (21.0.10+7-LTS) for windows-amd64 JRE (21.0.10+7-LTS), built on 2026-01-20T00:00:00Z by "admin" with MS VC++ 17.12 (VS2022)

END.
