#
# There is insufficient memory for the Java Runtime Environment to continue.
# Native memory allocation (malloc) failed to allocate 2284816 bytes. Error detail: Chunk::new
# Possible reasons:
#   The system is out of physical RAM or swap space
#   This process is running with CompressedOops enabled, and the Java Heap may be blocking the growth of the native heap
# Possible solutions:
#   Reduce memory load on the system
#   Increase physical memory or swap space
#   Check if swap backing store is full
#   Decrease Java heap size (-Xmx/-Xms)
#   Decrease number of Java threads
#   Decrease Java thread stack sizes (-Xss)
#   Set larger code cache with -XX:ReservedCodeCacheSize=
#   JVM is running with Unscaled Compressed Oops mode in which the Java heap is
#     placed in the first 4GB address space. The Java Heap base address is the
#     maximum limit for the native heap growth. Please use -XX:HeapBaseMinAddress
#     to set the Java Heap base and to place the Java Heap above 4GB virtual address.
# This output file may be truncated or incomplete.
#
#  Out of Memory Error (arena.cpp:168), pid=16920, tid=28912
#
# JRE version: OpenJDK Runtime Environment Temurin-21.0.10+7 (21.0.10+7) (build 21.0.10+7-LTS)
# Java VM: OpenJDK 64-Bit Server VM Temurin-21.0.10+7 (21.0.10+7-LTS, mixed mode, sharing, tiered, compressed oops, compressed class ptrs, g1 gc, windows-amd64)
# No core dump will be written. Minidumps are not enabled by default on client versions of Windows
#

---------------  S U M M A R Y ------------

Command Line: -javaagent:C:\Users\dhaul\eclipse\jee-2026-03\eclipse\configuration\org.eclipse.osgi\966\0\.cp\jacocoagent.jar=includes=*,excludes=,exclclassloader=sun.reflect.DelegatingClassLoader,output=tcpclient,port=63317 -Dfile.encoding=UTF-8 -Dstdout.encoding=UTF-8 -Dstderr.encoding=UTF-8 -XX:+ShowCodeDetailsInExceptionMessages com.dimple.placement.PlacementApplication

Host: 11th Gen Intel(R) Core(TM) i5-1135G7 @ 2.40GHz, 8 cores, 7G,  Windows 11 , 64 bit Build 26100 (10.0.26100.7920)
Time: Sat Apr 11 14:53:53 2026 India Standard Time elapsed time: 6.333361 seconds (0d 0h 0m 6s)

---------------  T H R E A D  ---------------

Current thread (0x000002454f6b4830):  JavaThread "C2 CompilerThread0" daemon [_thread_in_native, id=28912, stack(0x000000b249f00000,0x000000b24a000000) (1024K)]


Current CompileTask:
C2:6333 1073       4       org.jacoco.agent.rt.internal_29a6edd.asm.ClassReader::readCode (5117 bytes)

Stack: [0x000000b249f00000,0x000000b24a000000]
Native frames: (J=compiled Java code, j=interpreted, Vv=VM code, C=native code)
V  [jvm.dll+0x6d7a39]
V  [jvm.dll+0x8b4b26]
V  [jvm.dll+0x8b70de]
V  [jvm.dll+0x8b77c3]
V  [jvm.dll+0x284346]
V  [jvm.dll+0xc66ed]
V  [jvm.dll+0xc6c31]
V  [jvm.dll+0x3bec01]
V  [jvm.dll+0x38b162]
V  [jvm.dll+0x38a5aa]
V  [jvm.dll+0x24c560]
V  [jvm.dll+0x24bb40]
V  [jvm.dll+0x1cb34e]
V  [jvm.dll+0x25b85d]
V  [jvm.dll+0x259dea]
V  [jvm.dll+0x3f857e]
V  [jvm.dll+0x85f59d]
V  [jvm.dll+0x6d626d]
C  [ucrtbase.dll+0x37b0]
C  [KERNEL32.DLL+0x2e8d7]
C  [ntdll.dll+0x8c48c]


---------------  P R O C E S S  ---------------

Threads class SMR info:
_java_thread_list=0x00000245951e5930, length=13, elements={
0x00000245378c8b80, 0x000002454f69a4b0, 0x000002454f69b4d0, 0x000002454f69fb80,
0x000002454f6a05e0, 0x000002454f6a9200, 0x000002454f6abf60, 0x000002454f6b4830,
0x000002454f6b1360, 0x000002454f92a110, 0x000002459521cae0, 0x000002459529d0a0,
0x00000245952b9b10
}

Java Threads: ( => current thread )
  0x00000245378c8b80 JavaThread "main"                              [_thread_in_native, id=4340, stack(0x000000b249100000,0x000000b249200000) (1024K)]
  0x000002454f69a4b0 JavaThread "Reference Handler"          daemon [_thread_blocked, id=22524, stack(0x000000b249900000,0x000000b249a00000) (1024K)]
  0x000002454f69b4d0 JavaThread "Finalizer"                  daemon [_thread_blocked, id=21276, stack(0x000000b249a00000,0x000000b249b00000) (1024K)]
  0x000002454f69fb80 JavaThread "Signal Dispatcher"          daemon [_thread_blocked, id=15240, stack(0x000000b249b00000,0x000000b249c00000) (1024K)]
  0x000002454f6a05e0 JavaThread "Attach Listener"            daemon [_thread_blocked, id=15764, stack(0x000000b249c00000,0x000000b249d00000) (1024K)]
  0x000002454f6a9200 JavaThread "Service Thread"             daemon [_thread_blocked, id=13600, stack(0x000000b249d00000,0x000000b249e00000) (1024K)]
  0x000002454f6abf60 JavaThread "Monitor Deflation Thread"   daemon [_thread_blocked, id=19976, stack(0x000000b249e00000,0x000000b249f00000) (1024K)]
=>0x000002454f6b4830 JavaThread "C2 CompilerThread0"         daemon [_thread_in_native, id=28912, stack(0x000000b249f00000,0x000000b24a000000) (1024K)]
  0x000002454f6b1360 JavaThread "C1 CompilerThread0"         daemon [_thread_in_native, id=9148, stack(0x000000b24a000000,0x000000b24a100000) (1024K)]
  0x000002454f92a110 JavaThread "Common-Cleaner"             daemon [_thread_blocked, id=11584, stack(0x000000b24a100000,0x000000b24a200000) (1024K)]
  0x000002459521cae0 JavaThread "org.jacoco.agent.rt.internal_29a6edd.output.TcpClientOutput" daemon [_thread_in_native, id=14716, stack(0x000000b24a300000,0x000000b24a400000) (1024K)]
  0x000002459529d0a0 JavaThread "Notification Thread"        daemon [_thread_blocked, id=8880, stack(0x000000b24a200000,0x000000b24a300000) (1024K)]
  0x00000245952b9b10 JavaThread "C2 CompilerThread1"         daemon [_thread_in_native, id=8444, stack(0x000000b24a400000,0x000000b24a500000) (1024K)]
Total: 13

Other Threads:
  0x000002454f67f1d0 VMThread "VM Thread"                           [id=14260, stack(0x000000b249800000,0x000000b249900000) (1024K)]
  0x000002454f662120 WatcherThread "VM Periodic Task Thread"        [id=12356, stack(0x000000b249700000,0x000000b249800000) (1024K)]
  0x000002453791f4a0 WorkerThread "GC Thread#0"                     [id=6556, stack(0x000000b249200000,0x000000b249300000) (1024K)]
  0x0000024595477970 WorkerThread "GC Thread#1"                     [id=10964, stack(0x000000b24a500000,0x000000b24a600000) (1024K)]
  0x0000024595749830 WorkerThread "GC Thread#2"                     [id=8792, stack(0x000000b24a600000,0x000000b24a700000) (1024K)]
  0x0000024595749be0 WorkerThread "GC Thread#3"                     [id=19248, stack(0x000000b24a700000,0x000000b24a800000) (1024K)]
  0x000002453792fb60 ConcurrentGCThread "G1 Main Marker"            [id=18224, stack(0x000000b249300000,0x000000b249400000) (1024K)]
  0x0000024537930580 WorkerThread "G1 Conc#0"                       [id=26192, stack(0x000000b249400000,0x000000b249500000) (1024K)]
  0x000002454f531570 ConcurrentGCThread "G1 Refine#0"               [id=20544, stack(0x000000b249500000,0x000000b249600000) (1024K)]
  0x000002454f534dc0 ConcurrentGCThread "G1 Service"                [id=27012, stack(0x000000b249600000,0x000000b249700000) (1024K)]
Total: 10

Threads with active compile tasks:
C2 CompilerThread0  6355 1073       4       org.jacoco.agent.rt.internal_29a6edd.asm.ClassReader::readCode (5117 bytes)
C1 CompilerThread0  6356 1319       3       sun.net.util.IPAddressUtil::checkAuth (45 bytes)
C2 CompilerThread1  6356 1304       4       org.jacoco.agent.rt.internal_29a6edd.asm.commons.AnalyzerAdapter::execute (1964 bytes)
Total: 3

VM state: not at safepoint (normal execution)

VM Mutex/Monitor currently owned by a thread: None

Heap address: 0x0000000084200000, size: 1982 MB, Compressed Oops mode: 32-bit

CDS archive(s) mapped at: [0x0000024550000000-0x0000024550c80000-0x0000024550c80000), size 13107200, SharedBaseAddress: 0x0000024550000000, ArchiveRelocationMode: 1.
Compressed class space mapped at: 0x0000024551000000-0x0000024591000000, reserved size: 1073741824
Narrow klass base: 0x0000024550000000, Narrow klass shift: 0, Narrow klass range: 0x100000000

GC Precious Log:
 CardTable entry size: 512
 Card Set container configuration: InlinePtr #cards 5 size 8 Array Of Cards #cards 12 size 40 Howl #buckets 4 coarsen threshold 1843 Howl Bitmap #cards 512 size 80 coarsen threshold 460 Card regions per heap region 1 cards per card region 2048
 CPUs: 8 total, 8 available
 Memory: 7926M
 Large Page Support: Disabled
 NUMA Support: Disabled
 Compressed Oops: Enabled (32-bit)
 Heap Region Size: 1M
 Heap Min Capacity: 8M
 Heap Initial Capacity: 124M
 Heap Max Capacity: 1982M
 Pre-touch: Disabled
 Parallel Workers: 8
 Concurrent Workers: 2
 Concurrent Refinement Workers: 8
 Periodic GC: Disabled

Heap:
 garbage-first heap   total 126976K, used 18755K [0x0000000084200000, 0x0000000100000000)
  region size 1024K, 16 young (16384K), 3 survivors (3072K)
 Metaspace       used 4666K, committed 4864K, reserved 1114112K
  class space    used 434K, committed 512K, reserved 1048576K

Heap Regions: E=young(eden), S=young(survivor), O=old, HS=humongous(starts), HC=humongous(continues), CS=collection set, F=free, TAMS=top-at-mark-start, PB=parsable bottom
|   0|0x0000000084200000, 0x0000000084300000, 0x0000000084300000|100%|HS|  |TAMS 0x0000000084200000| PB 0x0000000084200000| Complete 
|   1|0x0000000084300000, 0x0000000084400000, 0x0000000084400000|100%|HS|  |TAMS 0x0000000084300000| PB 0x0000000084300000| Complete 
|   2|0x0000000084400000, 0x0000000084500000, 0x0000000084500000|100%| O|  |TAMS 0x0000000084400000| PB 0x0000000084400000| Untracked 
|   3|0x0000000084500000, 0x0000000084550c00, 0x0000000084600000| 31%| O|  |TAMS 0x0000000084500000| PB 0x0000000084500000| Untracked 
|   4|0x0000000084600000, 0x0000000084600000, 0x0000000084700000|  0%| F|  |TAMS 0x0000000084600000| PB 0x0000000084600000| Untracked 
|   5|0x0000000084700000, 0x0000000084700000, 0x0000000084800000|  0%| F|  |TAMS 0x0000000084700000| PB 0x0000000084700000| Untracked 
|   6|0x0000000084800000, 0x0000000084800000, 0x0000000084900000|  0%| F|  |TAMS 0x0000000084800000| PB 0x0000000084800000| Untracked 
|   7|0x0000000084900000, 0x0000000084900000, 0x0000000084a00000|  0%| F|  |TAMS 0x0000000084900000| PB 0x0000000084900000| Untracked 
|   8|0x0000000084a00000, 0x0000000084a00000, 0x0000000084b00000|  0%| F|  |TAMS 0x0000000084a00000| PB 0x0000000084a00000| Untracked 
|   9|0x0000000084b00000, 0x0000000084b00000, 0x0000000084c00000|  0%| F|  |TAMS 0x0000000084b00000| PB 0x0000000084b00000| Untracked 
|  10|0x0000000084c00000, 0x0000000084c00000, 0x0000000084d00000|  0%| F|  |TAMS 0x0000000084c00000| PB 0x0000000084c00000| Untracked 
|  11|0x0000000084d00000, 0x0000000084d00000, 0x0000000084e00000|  0%| F|  |TAMS 0x0000000084d00000| PB 0x0000000084d00000| Untracked 
|  12|0x0000000084e00000, 0x0000000084e00000, 0x0000000084f00000|  0%| F|  |TAMS 0x0000000084e00000| PB 0x0000000084e00000| Untracked 
|  13|0x0000000084f00000, 0x0000000084f00000, 0x0000000085000000|  0%| F|  |TAMS 0x0000000084f00000| PB 0x0000000084f00000| Untracked 
|  14|0x0000000085000000, 0x0000000085000000, 0x0000000085100000|  0%| F|  |TAMS 0x0000000085000000| PB 0x0000000085000000| Untracked 
|  15|0x0000000085100000, 0x0000000085100000, 0x0000000085200000|  0%| F|  |TAMS 0x0000000085100000| PB 0x0000000085100000| Untracked 
|  16|0x0000000085200000, 0x0000000085200000, 0x0000000085300000|  0%| F|  |TAMS 0x0000000085200000| PB 0x0000000085200000| Untracked 
|  17|0x0000000085300000, 0x0000000085300000, 0x0000000085400000|  0%| F|  |TAMS 0x0000000085300000| PB 0x0000000085300000| Untracked 
|  18|0x0000000085400000, 0x0000000085400000, 0x0000000085500000|  0%| F|  |TAMS 0x0000000085400000| PB 0x0000000085400000| Untracked 
|  19|0x0000000085500000, 0x0000000085500000, 0x0000000085600000|  0%| F|  |TAMS 0x0000000085500000| PB 0x0000000085500000| Untracked 
|  20|0x0000000085600000, 0x0000000085600000, 0x0000000085700000|  0%| F|  |TAMS 0x0000000085600000| PB 0x0000000085600000| Untracked 
|  21|0x0000000085700000, 0x0000000085700000, 0x0000000085800000|  0%| F|  |TAMS 0x0000000085700000| PB 0x0000000085700000| Untracked 
|  22|0x0000000085800000, 0x0000000085800000, 0x0000000085900000|  0%| F|  |TAMS 0x0000000085800000| PB 0x0000000085800000| Untracked 
|  23|0x0000000085900000, 0x0000000085900000, 0x0000000085a00000|  0%| F|  |TAMS 0x0000000085900000| PB 0x0000000085900000| Untracked 
|  24|0x0000000085a00000, 0x0000000085a00000, 0x0000000085b00000|  0%| F|  |TAMS 0x0000000085a00000| PB 0x0000000085a00000| Untracked 
|  25|0x0000000085b00000, 0x0000000085b00000, 0x0000000085c00000|  0%| F|  |TAMS 0x0000000085b00000| PB 0x0000000085b00000| Untracked 
|  26|0x0000000085c00000, 0x0000000085c00000, 0x0000000085d00000|  0%| F|  |TAMS 0x0000000085c00000| PB 0x0000000085c00000| Untracked 
|  27|0x0000000085d00000, 0x0000000085d00000, 0x0000000085e00000|  0%| F|  |TAMS 0x0000000085d00000| PB 0x0000000085d00000| Untracked 
|  28|0x0000000085e00000, 0x0000000085e00000, 0x0000000085f00000|  0%| F|  |TAMS 0x0000000085e00000| PB 0x0000000085e00000| Untracked 
|  29|0x0000000085f00000, 0x0000000085f00000, 0x0000000086000000|  0%| F|  |TAMS 0x0000000085f00000| PB 0x0000000085f00000| Untracked 
|  30|0x0000000086000000, 0x0000000086000000, 0x0000000086100000|  0%| F|  |TAMS 0x0000000086000000| PB 0x0000000086000000| Untracked 
|  31|0x0000000086100000, 0x0000000086100000, 0x0000000086200000|  0%| F|  |TAMS 0x0000000086100000| PB 0x0000000086100000| Untracked 
|  32|0x0000000086200000, 0x0000000086200000, 0x0000000086300000|  0%| F|  |TAMS 0x0000000086200000| PB 0x0000000086200000| Untracked 
|  33|0x0000000086300000, 0x0000000086300000, 0x0000000086400000|  0%| F|  |TAMS 0x0000000086300000| PB 0x0000000086300000| Untracked 
|  34|0x0000000086400000, 0x0000000086400000, 0x0000000086500000|  0%| F|  |TAMS 0x0000000086400000| PB 0x0000000086400000| Untracked 
|  35|0x0000000086500000, 0x0000000086500000, 0x0000000086600000|  0%| F|  |TAMS 0x0000000086500000| PB 0x0000000086500000| Untracked 
|  36|0x0000000086600000, 0x0000000086600000, 0x0000000086700000|  0%| F|  |TAMS 0x0000000086600000| PB 0x0000000086600000| Untracked 
|  37|0x0000000086700000, 0x0000000086700000, 0x0000000086800000|  0%| F|  |TAMS 0x0000000086700000| PB 0x0000000086700000| Untracked 
|  38|0x0000000086800000, 0x0000000086800000, 0x0000000086900000|  0%| F|  |TAMS 0x0000000086800000| PB 0x0000000086800000| Untracked 
|  39|0x0000000086900000, 0x0000000086900000, 0x0000000086a00000|  0%| F|  |TAMS 0x0000000086900000| PB 0x0000000086900000| Untracked 
|  40|0x0000000086a00000, 0x0000000086a00000, 0x0000000086b00000|  0%| F|  |TAMS 0x0000000086a00000| PB 0x0000000086a00000| Untracked 
|  41|0x0000000086b00000, 0x0000000086b00000, 0x0000000086c00000|  0%| F|  |TAMS 0x0000000086b00000| PB 0x0000000086b00000| Untracked 
|  42|0x0000000086c00000, 0x0000000086c00000, 0x0000000086d00000|  0%| F|  |TAMS 0x0000000086c00000| PB 0x0000000086c00000| Untracked 
|  43|0x0000000086d00000, 0x0000000086d00000, 0x0000000086e00000|  0%| F|  |TAMS 0x0000000086d00000| PB 0x0000000086d00000| Untracked 
|  44|0x0000000086e00000, 0x0000000086e00000, 0x0000000086f00000|  0%| F|  |TAMS 0x0000000086e00000| PB 0x0000000086e00000| Untracked 
|  45|0x0000000086f00000, 0x0000000086f00000, 0x0000000087000000|  0%| F|  |TAMS 0x0000000086f00000| PB 0x0000000086f00000| Untracked 
|  46|0x0000000087000000, 0x0000000087000000, 0x0000000087100000|  0%| F|  |TAMS 0x0000000087000000| PB 0x0000000087000000| Untracked 
|  47|0x0000000087100000, 0x0000000087100000, 0x0000000087200000|  0%| F|  |TAMS 0x0000000087100000| PB 0x0000000087100000| Untracked 
|  48|0x0000000087200000, 0x0000000087200000, 0x0000000087300000|  0%| F|  |TAMS 0x0000000087200000| PB 0x0000000087200000| Untracked 
|  49|0x0000000087300000, 0x0000000087300000, 0x0000000087400000|  0%| F|  |TAMS 0x0000000087300000| PB 0x0000000087300000| Untracked 
|  50|0x0000000087400000, 0x0000000087400000, 0x0000000087500000|  0%| F|  |TAMS 0x0000000087400000| PB 0x0000000087400000| Untracked 
|  51|0x0000000087500000, 0x0000000087500000, 0x0000000087600000|  0%| F|  |TAMS 0x0000000087500000| PB 0x0000000087500000| Untracked 
|  52|0x0000000087600000, 0x0000000087600000, 0x0000000087700000|  0%| F|  |TAMS 0x0000000087600000| PB 0x0000000087600000| Untracked 
|  53|0x0000000087700000, 0x0000000087700000, 0x0000000087800000|  0%| F|  |TAMS 0x0000000087700000| PB 0x0000000087700000| Untracked 
|  54|0x0000000087800000, 0x0000000087800000, 0x0000000087900000|  0%| F|  |TAMS 0x0000000087800000| PB 0x0000000087800000| Untracked 
|  55|0x0000000087900000, 0x0000000087900000, 0x0000000087a00000|  0%| F|  |TAMS 0x0000000087900000| PB 0x0000000087900000| Untracked 
|  56|0x0000000087a00000, 0x0000000087a00000, 0x0000000087b00000|  0%| F|  |TAMS 0x0000000087a00000| PB 0x0000000087a00000| Untracked 
|  57|0x0000000087b00000, 0x0000000087b00000, 0x0000000087c00000|  0%| F|  |TAMS 0x0000000087b00000| PB 0x0000000087b00000| Untracked 
|  58|0x0000000087c00000, 0x0000000087c00000, 0x0000000087d00000|  0%| F|  |TAMS 0x0000000087c00000| PB 0x0000000087c00000| Untracked 
|  59|0x0000000087d00000, 0x0000000087d00000, 0x0000000087e00000|  0%| F|  |TAMS 0x0000000087d00000| PB 0x0000000087d00000| Untracked 
|  60|0x0000000087e00000, 0x0000000087e00000, 0x0000000087f00000|  0%| F|  |TAMS 0x0000000087e00000| PB 0x0000000087e00000| Untracked 
|  61|0x0000000087f00000, 0x0000000087f00000, 0x0000000088000000|  0%| F|  |TAMS 0x0000000087f00000| PB 0x0000000087f00000| Untracked 
|  62|0x0000000088000000, 0x0000000088000000, 0x0000000088100000|  0%| F|  |TAMS 0x0000000088000000| PB 0x0000000088000000| Untracked 
|  63|0x0000000088100000, 0x0000000088100000, 0x0000000088200000|  0%| F|  |TAMS 0x0000000088100000| PB 0x0000000088100000| Untracked 
|  64|0x0000000088200000, 0x0000000088200000, 0x0000000088300000|  0%| F|  |TAMS 0x0000000088200000| PB 0x0000000088200000| Untracked 
|  65|0x0000000088300000, 0x0000000088300000, 0x0000000088400000|  0%| F|  |TAMS 0x0000000088300000| PB 0x0000000088300000| Untracked 
|  66|0x0000000088400000, 0x0000000088400000, 0x0000000088500000|  0%| F|  |TAMS 0x0000000088400000| PB 0x0000000088400000| Untracked 
|  67|0x0000000088500000, 0x0000000088500000, 0x0000000088600000|  0%| F|  |TAMS 0x0000000088500000| PB 0x0000000088500000| Untracked 
|  68|0x0000000088600000, 0x0000000088600000, 0x0000000088700000|  0%| F|  |TAMS 0x0000000088600000| PB 0x0000000088600000| Untracked 
|  69|0x0000000088700000, 0x0000000088700000, 0x0000000088800000|  0%| F|  |TAMS 0x0000000088700000| PB 0x0000000088700000| Untracked 
|  70|0x0000000088800000, 0x0000000088800000, 0x0000000088900000|  0%| F|  |TAMS 0x0000000088800000| PB 0x0000000088800000| Untracked 
|  71|0x0000000088900000, 0x0000000088900000, 0x0000000088a00000|  0%| F|  |TAMS 0x0000000088900000| PB 0x0000000088900000| Untracked 
|  72|0x0000000088a00000, 0x0000000088a00000, 0x0000000088b00000|  0%| F|  |TAMS 0x0000000088a00000| PB 0x0000000088a00000| Untracked 
|  73|0x0000000088b00000, 0x0000000088b00000, 0x0000000088c00000|  0%| F|  |TAMS 0x0000000088b00000| PB 0x0000000088b00000| Untracked 
|  74|0x0000000088c00000, 0x0000000088c00000, 0x0000000088d00000|  0%| F|  |TAMS 0x0000000088c00000| PB 0x0000000088c00000| Untracked 
|  75|0x0000000088d00000, 0x0000000088d00000, 0x0000000088e00000|  0%| F|  |TAMS 0x0000000088d00000| PB 0x0000000088d00000| Untracked 
|  76|0x0000000088e00000, 0x0000000088e00000, 0x0000000088f00000|  0%| F|  |TAMS 0x0000000088e00000| PB 0x0000000088e00000| Untracked 
|  77|0x0000000088f00000, 0x0000000088f00000, 0x0000000089000000|  0%| F|  |TAMS 0x0000000088f00000| PB 0x0000000088f00000| Untracked 
|  78|0x0000000089000000, 0x0000000089000000, 0x0000000089100000|  0%| F|  |TAMS 0x0000000089000000| PB 0x0000000089000000| Untracked 
|  79|0x0000000089100000, 0x0000000089100000, 0x0000000089200000|  0%| F|  |TAMS 0x0000000089100000| PB 0x0000000089100000| Untracked 
|  80|0x0000000089200000, 0x0000000089200000, 0x0000000089300000|  0%| F|  |TAMS 0x0000000089200000| PB 0x0000000089200000| Untracked 
|  81|0x0000000089300000, 0x0000000089300000, 0x0000000089400000|  0%| F|  |TAMS 0x0000000089300000| PB 0x0000000089300000| Untracked 
|  82|0x0000000089400000, 0x0000000089400000, 0x0000000089500000|  0%| F|  |TAMS 0x0000000089400000| PB 0x0000000089400000| Untracked 
|  83|0x0000000089500000, 0x0000000089500000, 0x0000000089600000|  0%| F|  |TAMS 0x0000000089500000| PB 0x0000000089500000| Untracked 
|  84|0x0000000089600000, 0x0000000089600000, 0x0000000089700000|  0%| F|  |TAMS 0x0000000089600000| PB 0x0000000089600000| Untracked 
|  85|0x0000000089700000, 0x0000000089700000, 0x0000000089800000|  0%| F|  |TAMS 0x0000000089700000| PB 0x0000000089700000| Untracked 
|  86|0x0000000089800000, 0x0000000089800000, 0x0000000089900000|  0%| F|  |TAMS 0x0000000089800000| PB 0x0000000089800000| Untracked 
|  87|0x0000000089900000, 0x0000000089900000, 0x0000000089a00000|  0%| F|  |TAMS 0x0000000089900000| PB 0x0000000089900000| Untracked 
|  88|0x0000000089a00000, 0x0000000089a00000, 0x0000000089b00000|  0%| F|  |TAMS 0x0000000089a00000| PB 0x0000000089a00000| Untracked 
|  89|0x0000000089b00000, 0x0000000089b00000, 0x0000000089c00000|  0%| F|  |TAMS 0x0000000089b00000| PB 0x0000000089b00000| Untracked 
|  90|0x0000000089c00000, 0x0000000089c00000, 0x0000000089d00000|  0%| F|  |TAMS 0x0000000089c00000| PB 0x0000000089c00000| Untracked 
|  91|0x0000000089d00000, 0x0000000089d00000, 0x0000000089e00000|  0%| F|  |TAMS 0x0000000089d00000| PB 0x0000000089d00000| Untracked 
|  92|0x0000000089e00000, 0x0000000089e00000, 0x0000000089f00000|  0%| F|  |TAMS 0x0000000089e00000| PB 0x0000000089e00000| Untracked 
|  93|0x0000000089f00000, 0x0000000089f00000, 0x000000008a000000|  0%| F|  |TAMS 0x0000000089f00000| PB 0x0000000089f00000| Untracked 
|  94|0x000000008a000000, 0x000000008a000000, 0x000000008a100000|  0%| F|  |TAMS 0x000000008a000000| PB 0x000000008a000000| Untracked 
|  95|0x000000008a100000, 0x000000008a100000, 0x000000008a200000|  0%| F|  |TAMS 0x000000008a100000| PB 0x000000008a100000| Untracked 
|  96|0x000000008a200000, 0x000000008a200000, 0x000000008a300000|  0%| F|  |TAMS 0x000000008a200000| PB 0x000000008a200000| Untracked 
|  97|0x000000008a300000, 0x000000008a300000, 0x000000008a400000|  0%| F|  |TAMS 0x000000008a300000| PB 0x000000008a300000| Untracked 
|  98|0x000000008a400000, 0x000000008a500000, 0x000000008a500000|100%| S|CS|TAMS 0x000000008a400000| PB 0x000000008a400000| Complete 
|  99|0x000000008a500000, 0x000000008a600000, 0x000000008a600000|100%| S|CS|TAMS 0x000000008a500000| PB 0x000000008a500000| Complete 
| 100|0x000000008a600000, 0x000000008a700000, 0x000000008a700000|100%| S|CS|TAMS 0x000000008a600000| PB 0x000000008a600000| Complete 
| 101|0x000000008a700000, 0x000000008a700000, 0x000000008a800000|  0%| F|  |TAMS 0x000000008a700000| PB 0x000000008a700000| Untracked 
| 102|0x000000008a800000, 0x000000008a800000, 0x000000008a900000|  0%| F|  |TAMS 0x000000008a800000| PB 0x000000008a800000| Untracked 
| 103|0x000000008a900000, 0x000000008a900000, 0x000000008aa00000|  0%| F|  |TAMS 0x000000008a900000| PB 0x000000008a900000| Untracked 
| 104|0x000000008aa00000, 0x000000008aa00000, 0x000000008ab00000|  0%| F|  |TAMS 0x000000008aa00000| PB 0x000000008aa00000| Untracked 
| 105|0x000000008ab00000, 0x000000008ab00000, 0x000000008ac00000|  0%| F|  |TAMS 0x000000008ab00000| PB 0x000000008ab00000| Untracked 
| 106|0x000000008ac00000, 0x000000008ac00000, 0x000000008ad00000|  0%| F|  |TAMS 0x000000008ac00000| PB 0x000000008ac00000| Untracked 
| 107|0x000000008ad00000, 0x000000008ad00000, 0x000000008ae00000|  0%| F|  |TAMS 0x000000008ad00000| PB 0x000000008ad00000| Untracked 
| 108|0x000000008ae00000, 0x000000008ae00000, 0x000000008af00000|  0%| F|  |TAMS 0x000000008ae00000| PB 0x000000008ae00000| Untracked 
| 109|0x000000008af00000, 0x000000008af00000, 0x000000008b000000|  0%| F|  |TAMS 0x000000008af00000| PB 0x000000008af00000| Untracked 
| 110|0x000000008b000000, 0x000000008b000000, 0x000000008b100000|  0%| F|  |TAMS 0x000000008b000000| PB 0x000000008b000000| Untracked 
| 111|0x000000008b100000, 0x000000008b1cb400, 0x000000008b200000| 79%| E|  |TAMS 0x000000008b100000| PB 0x000000008b100000| Complete 
| 112|0x000000008b200000, 0x000000008b300000, 0x000000008b300000|100%| E|CS|TAMS 0x000000008b200000| PB 0x000000008b200000| Complete 
| 113|0x000000008b300000, 0x000000008b400000, 0x000000008b400000|100%| E|CS|TAMS 0x000000008b300000| PB 0x000000008b300000| Complete 
| 114|0x000000008b400000, 0x000000008b500000, 0x000000008b500000|100%| E|CS|TAMS 0x000000008b400000| PB 0x000000008b400000| Complete 
| 115|0x000000008b500000, 0x000000008b600000, 0x000000008b600000|100%| E|CS|TAMS 0x000000008b500000| PB 0x000000008b500000| Complete 
| 116|0x000000008b600000, 0x000000008b700000, 0x000000008b700000|100%| E|CS|TAMS 0x000000008b600000| PB 0x000000008b600000| Complete 
| 117|0x000000008b700000, 0x000000008b800000, 0x000000008b800000|100%| E|CS|TAMS 0x000000008b700000| PB 0x000000008b700000| Complete 
| 118|0x000000008b800000, 0x000000008b900000, 0x000000008b900000|100%| E|CS|TAMS 0x000000008b800000| PB 0x000000008b800000| Complete 
| 119|0x000000008b900000, 0x000000008ba00000, 0x000000008ba00000|100%| E|CS|TAMS 0x000000008b900000| PB 0x000000008b900000| Complete 
| 120|0x000000008ba00000, 0x000000008bb00000, 0x000000008bb00000|100%| E|CS|TAMS 0x000000008ba00000| PB 0x000000008ba00000| Complete 
| 121|0x000000008bb00000, 0x000000008bc00000, 0x000000008bc00000|100%| E|CS|TAMS 0x000000008bb00000| PB 0x000000008bb00000| Complete 
| 122|0x000000008bc00000, 0x000000008bd00000, 0x000000008bd00000|100%| E|CS|TAMS 0x000000008bc00000| PB 0x000000008bc00000| Complete 
| 123|0x000000008bd00000, 0x000000008be00000, 0x000000008be00000|100%| E|CS|TAMS 0x000000008bd00000| PB 0x000000008bd00000| Complete 

Card table byte_map: [0x000002454a980000,0x000002454ad60000] _byte_map_base: 0x000002454a55f000

Marking Bits: (CMBitMap*) 0x000002453791fac0
 Bits: [0x000002454ad60000, 0x000002454cc58000)

Polling page: 0x00000245356f0000

Metaspace:

Usage:
  Non-class:      4.14 MB used.
      Class:    435.13 KB used.
       Both:      4.57 MB used.

Virtual space:
  Non-class space:       64.00 MB reserved,       4.25 MB (  7%) committed,  1 nodes.
      Class space:        1.00 GB reserved,     512.00 KB ( <1%) committed,  1 nodes.
             Both:        1.06 GB reserved,       4.75 MB ( <1%) committed. 

Chunk freelists:
   Non-Class:  9.77 MB
       Class:  15.48 MB
        Both:  25.25 MB

MaxMetaspaceSize: unlimited
CompressedClassSpaceSize: 1.00 GB
Initial GC threshold: 21.00 MB
Current GC threshold: 21.00 MB
CDS: on
 - commit_granule_bytes: 65536.
 - commit_granule_words: 8192.
 - virtual_space_node_default_size: 8388608.
 - enlarge_chunks_in_place: 1.
 - use_allocation_guard: 0.


Internal statistics:

num_allocs_failed_limit: 0.
num_arena_births: 92.
num_arena_deaths: 0.
num_vsnodes_births: 2.
num_vsnodes_deaths: 0.
num_space_committed: 76.
num_space_uncommitted: 0.
num_chunks_returned_to_freelist: 0.
num_chunks_taken_from_freelist: 218.
num_chunk_merges: 0.
num_chunk_splits: 143.
num_chunks_enlarged: 103.
num_inconsistent_stats: 0.

CodeHeap 'non-profiled nmethods': size=120000Kb used=485Kb max_used=485Kb free=119514Kb
 bounds [0x0000024542d40000, 0x0000024542fb0000, 0x000002454a270000]
CodeHeap 'profiled nmethods': size=120000Kb used=2721Kb max_used=2721Kb free=117278Kb
 bounds [0x000002453b270000, 0x000002453b520000, 0x00000245427a0000]
CodeHeap 'non-nmethods': size=5760Kb used=1385Kb max_used=1399Kb free=4374Kb
 bounds [0x00000245427a0000, 0x0000024542a10000, 0x0000024542d40000]
CodeCache: size=245760Kb, used=4591Kb, max_used=4605Kb, free=241166Kb
 total_blobs=1761, nmethods=1312, adapters=354, full_count=0
Compilation: enabled, stopped_count=0, restarted_count=0

Compilation events (20 events):
Event: 5.308 Thread 0x000002454f6b1360 1291       3       org.jacoco.agent.rt.internal_29a6edd.asm.FieldWriter::computeFieldInfoSize (86 bytes)
Event: 5.308 Thread 0x000002454f6b1360 nmethod 1291 0x000002453b508310 code [0x000002453b508500, 0x000002453b5087e0]
Event: 5.308 Thread 0x000002454f6b1360 1292       3       org.jacoco.agent.rt.internal_29a6edd.asm.FieldWriter::putFieldInfo (269 bytes)
Event: 5.309 Thread 0x000002454f6b1360 nmethod 1292 0x000002453b508910 code [0x000002453b508ba0, 0x000002453b509460]
Event: 5.313 Thread 0x000002454f6b1360 1293       3       org.jacoco.agent.rt.internal_29a6edd.core.internal.instr.MethodInstrumenter::getInverted (276 bytes)
Event: 5.314 Thread 0x000002454f6b1360 nmethod 1293 0x000002453b509810 code [0x000002453b509a40, 0x000002453b50a390]
Event: 5.314 Thread 0x000002454f6b1360 1294       3       org.jacoco.agent.rt.internal_29a6edd.core.internal.flow.FrameSnapshot::accept (31 bytes)
Event: 5.314 Thread 0x000002454f6b1360 nmethod 1294 0x000002453b50a490 code [0x000002453b50a640, 0x000002453b50a870]
Event: 5.315 Thread 0x000002454f6b1360 1295       3       java.util.jar.JavaUtilJarAccessImpl::entryFor (6 bytes)
Event: 5.315 Thread 0x000002454f6b1360 nmethod 1295 0x000002453b50a990 code [0x000002453b50ab60, 0x000002453b50af78]
Event: 5.315 Thread 0x000002454f6b1360 1296       3       java.util.jar.JarFile::entryFor (10 bytes)
Event: 5.316 Thread 0x000002454f6b1360 nmethod 1296 0x000002453b50b110 code [0x000002453b50b2e0, 0x000002453b50b618]
Event: 5.316 Thread 0x000002454f6b1360 1297       3       java.util.jar.JarFile$JarFileEntry::<init> (16 bytes)
Event: 5.316 Thread 0x000002454f6b1360 nmethod 1297 0x000002453b50b790 code [0x000002453b50b940, 0x000002453b50bbb0]
Event: 5.316 Thread 0x000002454f6b1360 1298       3       java.util.jar.JarEntry::<init> (6 bytes)
Event: 5.316 Thread 0x000002454f6b1360 nmethod 1298 0x000002453b50bc90 code [0x000002453b50be40, 0x000002453b50bf78]
Event: 5.316 Thread 0x000002454f6b1360 1299       3       java.util.zip.ZipEntry::<init> (84 bytes)
Event: 5.316 Thread 0x000002454f6b1360 nmethod 1299 0x000002453b50c010 code [0x000002453b50c200, 0x000002453b50c770]
Event: 5.317 Thread 0x00000245952b9b10 nmethod 1256 0x0000024542db6490 code [0x0000024542db6720, 0x0000024542db7760]
Event: 5.317 Thread 0x00000245952b9b10 1280       4       jdk.internal.util.ArraysSupport::mismatch (103 bytes)

GC Heap History (2 events):
Event: 4.062 GC heap before
{Heap before GC invocations=0 (full 0):
 garbage-first heap   total 126976K, used 24576K [0x0000000084200000, 0x0000000100000000)
  region size 1024K, 23 young (23552K), 0 survivors (0K)
 Metaspace       used 3436K, committed 3584K, reserved 1114112K
  class space    used 304K, committed 384K, reserved 1048576K
}
Event: 4.069 GC heap after
{Heap after GC invocations=1 (full 0):
 garbage-first heap   total 126976K, used 6467K [0x0000000084200000, 0x0000000100000000)
  region size 1024K, 3 young (3072K), 3 survivors (3072K)
 Metaspace       used 3436K, committed 3584K, reserved 1114112K
  class space    used 304K, committed 384K, reserved 1048576K
}

Dll operation events (9 events):
Event: 0.035 Loaded shared library C:\Users\dhaul\.p2\pool\plugins\org.eclipse.justj.openjdk.hotspot.jre.full.win32.x86_64_21.0.10.v20260205-0638\jre\bin\java.dll
Event: 0.181 Loaded shared library C:\Users\dhaul\.p2\pool\plugins\org.eclipse.justj.openjdk.hotspot.jre.full.win32.x86_64_21.0.10.v20260205-0638\jre\bin\zip.dll
Event: 0.298 Loaded shared library C:\Users\dhaul\.p2\pool\plugins\org.eclipse.justj.openjdk.hotspot.jre.full.win32.x86_64_21.0.10.v20260205-0638\jre\bin\instrument.dll
Event: 0.307 Loaded shared library C:\Users\dhaul\.p2\pool\plugins\org.eclipse.justj.openjdk.hotspot.jre.full.win32.x86_64_21.0.10.v20260205-0638\jre\bin\net.dll
Event: 0.309 Loaded shared library C:\Users\dhaul\.p2\pool\plugins\org.eclipse.justj.openjdk.hotspot.jre.full.win32.x86_64_21.0.10.v20260205-0638\jre\bin\nio.dll
Event: 0.312 Loaded shared library C:\Users\dhaul\.p2\pool\plugins\org.eclipse.justj.openjdk.hotspot.jre.full.win32.x86_64_21.0.10.v20260205-0638\jre\bin\zip.dll
Event: 0.411 Loaded shared library C:\Users\dhaul\.p2\pool\plugins\org.eclipse.justj.openjdk.hotspot.jre.full.win32.x86_64_21.0.10.v20260205-0638\jre\bin\verify.dll
Event: 0.461 Loaded shared library C:\Users\dhaul\.p2\pool\plugins\org.eclipse.justj.openjdk.hotspot.jre.full.win32.x86_64_21.0.10.v20260205-0638\jre\bin\jimage.dll
Event: 0.511 Loaded shared library C:\Users\dhaul\.p2\pool\plugins\org.eclipse.justj.openjdk.hotspot.jre.full.win32.x86_64_21.0.10.v20260205-0638\jre\bin\extnet.dll

Deoptimization events (20 events):
Event: 5.283 Thread 0x00000245378c8b80 DEOPT PACKING pc=0x0000024542db460c sp=0x000000b2491f9f20
Event: 5.283 Thread 0x00000245378c8b80 DEOPT UNPACKING pc=0x00000245427f7ba2 sp=0x000000b2491f9ee0 mode 2
Event: 5.290 Thread 0x00000245378c8b80 DEOPT PACKING pc=0x000002453b3d7158 sp=0x000000b2491fa3c0
Event: 5.290 Thread 0x00000245378c8b80 DEOPT UNPACKING pc=0x00000245427f86e2 sp=0x000000b2491f98c8 mode 0
Event: 5.314 Thread 0x00000245378c8b80 Uncommon trap: trap_request=0xffffffde fr.pc=0x0000024542dab57c relative=0x000000000000029c
Event: 5.314 Thread 0x00000245378c8b80 Uncommon trap: reason=class_check action=maybe_recompile pc=0x0000024542dab57c method=org.jacoco.agent.rt.internal_29a6edd.asm.Frame.getAbstractTypeFromApiFormat(Lorg/jacoco/agent/rt/internal_29a6edd/asm/SymbolTable;Ljava/lang/Object;)I @ 19 c2
Event: 5.314 Thread 0x00000245378c8b80 DEOPT PACKING pc=0x0000024542dab57c sp=0x000000b2491fa400
Event: 5.314 Thread 0x00000245378c8b80 DEOPT UNPACKING pc=0x00000245427f7ba2 sp=0x000000b2491fa3c8 mode 2
Event: 5.314 Thread 0x00000245378c8b80 Uncommon trap: trap_request=0xffffffde fr.pc=0x0000024542dab57c relative=0x000000000000029c
Event: 5.314 Thread 0x00000245378c8b80 Uncommon trap: reason=class_check action=maybe_recompile pc=0x0000024542dab57c method=org.jacoco.agent.rt.internal_29a6edd.asm.Frame.getAbstractTypeFromApiFormat(Lorg/jacoco/agent/rt/internal_29a6edd/asm/SymbolTable;Ljava/lang/Object;)I @ 19 c2
Event: 5.314 Thread 0x00000245378c8b80 DEOPT PACKING pc=0x0000024542dab57c sp=0x000000b2491fa400
Event: 5.314 Thread 0x00000245378c8b80 DEOPT UNPACKING pc=0x00000245427f7ba2 sp=0x000000b2491fa3c8 mode 2
Event: 5.314 Thread 0x00000245378c8b80 Uncommon trap: trap_request=0xffffffde fr.pc=0x0000024542dab57c relative=0x000000000000029c
Event: 5.314 Thread 0x00000245378c8b80 Uncommon trap: reason=class_check action=maybe_recompile pc=0x0000024542dab57c method=org.jacoco.agent.rt.internal_29a6edd.asm.Frame.getAbstractTypeFromApiFormat(Lorg/jacoco/agent/rt/internal_29a6edd/asm/SymbolTable;Ljava/lang/Object;)I @ 19 c2
Event: 5.314 Thread 0x00000245378c8b80 DEOPT PACKING pc=0x0000024542dab57c sp=0x000000b2491fa400
Event: 5.314 Thread 0x00000245378c8b80 DEOPT UNPACKING pc=0x00000245427f7ba2 sp=0x000000b2491fa3c8 mode 2
Event: 5.314 Thread 0x00000245378c8b80 Uncommon trap: trap_request=0xffffffde fr.pc=0x0000024542dab57c relative=0x000000000000029c
Event: 5.314 Thread 0x00000245378c8b80 Uncommon trap: reason=class_check action=maybe_recompile pc=0x0000024542dab57c method=org.jacoco.agent.rt.internal_29a6edd.asm.Frame.getAbstractTypeFromApiFormat(Lorg/jacoco/agent/rt/internal_29a6edd/asm/SymbolTable;Ljava/lang/Object;)I @ 19 c2
Event: 5.314 Thread 0x00000245378c8b80 DEOPT PACKING pc=0x0000024542dab57c sp=0x000000b2491fa400
Event: 5.314 Thread 0x00000245378c8b80 DEOPT UNPACKING pc=0x00000245427f7ba2 sp=0x000000b2491fa3c8 mode 2

Classes loaded (20 events):
Event: 5.203 Loading class java/lang/invoke/DirectMethodHandle$Special
Event: 5.203 Loading class java/lang/invoke/DirectMethodHandle$Special done
Event: 5.205 Loading class java/util/stream/SortedOps$RefSortingSink
Event: 5.205 Loading class java/util/stream/SortedOps$AbstractRefSortingSink
Event: 5.205 Loading class java/util/stream/SortedOps$AbstractRefSortingSink done
Event: 5.205 Loading class java/util/stream/SortedOps$RefSortingSink done
Event: 5.217 Loading class java/io/InvalidObjectException
Event: 5.217 Loading class java/io/ObjectStreamException
Event: 5.217 Loading class java/io/ObjectStreamException done
Event: 5.217 Loading class java/io/InvalidObjectException done
Event: 5.217 Loading class java/util/ConcurrentModificationException
Event: 5.218 Loading class java/util/ConcurrentModificationException done
Event: 5.241 Loading class java/util/concurrent/LinkedBlockingQueue
Event: 5.242 Loading class java/util/concurrent/BlockingQueue
Event: 5.242 Loading class java/util/concurrent/BlockingQueue done
Event: 5.242 Loading class java/util/concurrent/LinkedBlockingQueue done
Event: 5.242 Loading class java/util/concurrent/LinkedBlockingQueue$Node
Event: 5.242 Loading class java/util/concurrent/LinkedBlockingQueue$Node done
Event: 5.247 Loading class java/lang/InheritableThreadLocal
Event: 5.247 Loading class java/lang/InheritableThreadLocal done

Classes unloaded (0 events):
No events

Classes redefined (0 events):
No events

Internal exceptions (18 events):
Event: 0.416 Thread 0x00000245378c8b80 Exception <a 'java/lang/NoSuchMethodError'{0x000000008b7a08d8}: 'void java.lang.invoke.DirectMethodHandle$Holder.invokeStatic(java.lang.Object, java.lang.Object, java.lang.Object)'> (0x000000008b7a08d8) 
thrown [s\src\hotspot\share\interpreter\linkResolver.cpp, line 773]
Event: 0.422 Thread 0x00000245378c8b80 Exception <a 'java/lang/NoSuchMethodError'{0x000000008b7b83f0}: 'java.lang.Object java.lang.invoke.Invokers$Holder.invokeExact_MT(java.lang.Object, java.lang.Object, java.lang.Object, java.lang.Object, java.lang.Object)'> (0x000000008b7b83f0) 
thrown [s\src\hotspot\share\interpreter\linkResolver.cpp, line 773]
Event: 0.514 Thread 0x00000245378c8b80 Exception <a 'java/lang/NoSuchMethodError'{0x000000008b621b80}: 'void java.lang.invoke.DirectMethodHandle$Holder.invokeStatic(java.lang.Object, java.lang.Object)'> (0x000000008b621b80) 
thrown [s\src\hotspot\share\interpreter\linkResolver.cpp, line 773]
Event: 0.545 Thread 0x00000245378c8b80 Exception <a 'java/lang/NoSuchMethodError'{0x000000008b673f58}: 'void java.lang.invoke.DelegatingMethodHandle$Holder.reinvoke_L(java.lang.Object, java.lang.Object, java.lang.Object, java.lang.Object, java.lang.Object, java.lang.Object, java.lang.Object, java.lang.Object)'> (0x000000008b673f58) 
thrown [s\src\hotspot\share\interpreter\linkResolver.cpp, line 773]
Event: 0.550 Thread 0x00000245378c8b80 Exception <a 'java/lang/NoSuchMethodError'{0x000000008b6feaa0}: 'java.lang.Object java.lang.invoke.DirectMethodHandle$Holder.invokeStatic(java.lang.Object, java.lang.Object, int)'> (0x000000008b6feaa0) 
thrown [s\src\hotspot\share\interpreter\linkResolver.cpp, line 773]
Event: 0.551 Thread 0x00000245378c8b80 Exception <a 'java/lang/NoSuchMethodError'{0x000000008b50a578}: 'void java.lang.invoke.DelegatingMethodHandle$Holder.delegate(java.lang.Object, java.lang.Object, int, java.lang.Object)'> (0x000000008b50a578) 
thrown [s\src\hotspot\share\interpreter\linkResolver.cpp, line 773]
Event: 0.551 Thread 0x00000245378c8b80 Exception <a 'java/lang/NoSuchMethodError'{0x000000008b50e068}: 'int java.lang.invoke.DirectMethodHandle$Holder.invokeSpecial(java.lang.Object, java.lang.Object, java.lang.Object)'> (0x000000008b50e068) 
thrown [s\src\hotspot\share\interpreter\linkResolver.cpp, line 773]
Event: 0.557 Thread 0x00000245378c8b80 Exception <a 'java/lang/NoSuchMethodError'{0x000000008b524c48}: 'void java.lang.invoke.DirectMethodHandle$Holder.invokeStatic(java.lang.Object, java.lang.Object, java.lang.Object, java.lang.Object)'> (0x000000008b524c48) 
thrown [s\src\hotspot\share\interpreter\linkResolver.cpp, line 773]
Event: 1.657 Thread 0x00000245378c8b80 Exception <a 'java/lang/NoSuchMethodError'{0x000000008b4332c0}: 'void java.lang.invoke.DirectMethodHandle$Holder.invokeSpecial(java.lang.Object, java.lang.Object, java.lang.Object)'> (0x000000008b4332c0) 
thrown [s\src\hotspot\share\interpreter\linkResolver.cpp, line 773]
Event: 1.657 Thread 0x00000245378c8b80 Exception <a 'java/lang/NoSuchMethodError'{0x000000008b436320}: 'void java.lang.invoke.Invokers$Holder.invokeExact_MT(java.lang.Object, java.lang.Object, java.lang.Object)'> (0x000000008b436320) 
thrown [s\src\hotspot\share\interpreter\linkResolver.cpp, line 773]
Event: 3.806 Thread 0x00000245378c8b80 Exception <a 'java/lang/NoSuchMethodError'{0x000000008b3baab0}: 'java.lang.Object java.lang.invoke.Invokers$Holder.invoke_MT(java.lang.Object, java.lang.Object, java.lang.Object, java.lang.Object, java.lang.Object)'> (0x000000008b3baab0) 
thrown [s\src\hotspot\share\interpreter\linkResolver.cpp, line 773]
Event: 3.922 Thread 0x00000245378c8b80 Exception <a 'java/lang/NoSuchMethodError'{0x000000008af33168}: 'java.lang.Object java.lang.invoke.DirectMethodHandle$Holder.invokeStaticInit(java.lang.Object, java.lang.Object, java.lang.Object, java.lang.Object)'> (0x000000008af33168) 
thrown [s\src\hotspot\share\interpreter\linkResolver.cpp, line 773]
Event: 3.948 Thread 0x00000245378c8b80 Exception <a 'java/lang/NoSuchMethodError'{0x000000008ae81138}: 'java.lang.Object java.lang.invoke.DirectMethodHandle$Holder.invokeStaticInit(java.lang.Object, java.lang.Object, java.lang.Object)'> (0x000000008ae81138) 
thrown [s\src\hotspot\share\interpreter\linkResolver.cpp, line 773]
Event: 5.127 Thread 0x00000245378c8b80 Exception <a 'java/lang/NoSuchMethodError'{0x000000008bbbd5d8}: 'int java.lang.invoke.DirectMethodHandle$Holder.invokeStatic(java.lang.Object)'> (0x000000008bbbd5d8) 
thrown [s\src\hotspot\share\interpreter\linkResolver.cpp, line 773]
Event: 5.127 Thread 0x00000245378c8b80 Exception <a 'java/lang/NoSuchMethodError'{0x000000008bbc0820}: 'int java.lang.invoke.DirectMethodHandle$Holder.invokeStaticInit(java.lang.Object)'> (0x000000008bbc0820) 
thrown [s\src\hotspot\share\interpreter\linkResolver.cpp, line 773]
Event: 5.163 Thread 0x00000245378c8b80 Exception <a 'java/lang/NoSuchMethodError'{0x000000008b9b9af0}: 'java.lang.Object java.lang.invoke.DirectMethodHandle$Holder.invokeStatic(java.lang.Object, int, java.lang.Object)'> (0x000000008b9b9af0) 
thrown [s\src\hotspot\share\interpreter\linkResolver.cpp, line 773]
Event: 5.173 Thread 0x00000245378c8b80 Exception <a 'java/lang/NoSuchMethodError'{0x000000008b9c9850}: 'java.lang.Object java.lang.invoke.DirectMethodHandle$Holder.invokeInterface(java.lang.Object, java.lang.Object)'> (0x000000008b9c9850) 
thrown [s\src\hotspot\share\interpreter\linkResolver.cpp, line 773]
Event: 5.219 Thread 0x00000245378c8b80 Exception <a 'java/lang/NoSuchMethodError'{0x000000008b77b5b8}: 'void java.lang.invoke.DirectMethodHandle$Holder.invokeStaticInit(java.lang.Object, java.lang.Object, java.lang.Object, java.lang.Object)'> (0x000000008b77b5b8) 
thrown [s\src\hotspot\share\interpreter\linkResolver.cpp, line 773]

ZGC Phase Switch (0 events):
No events

VM Operations (20 events):
Event: 0.444 Executing non-safepoint VM operation: HandshakeAllThreads (Deoptimize)
Event: 0.444 Executing non-safepoint VM operation: HandshakeAllThreads (Deoptimize) done
Event: 0.546 Executing non-safepoint VM operation: HandshakeAllThreads (Deoptimize)
Event: 0.546 Executing non-safepoint VM operation: HandshakeAllThreads (Deoptimize) done
Event: 1.554 Executing safepoint VM operation: Cleanup
Event: 1.586 Executing safepoint VM operation: Cleanup done
Event: 1.589 Executing non-safepoint VM operation: HandshakeAllThreads (Deoptimize)
Event: 1.589 Executing non-safepoint VM operation: HandshakeAllThreads (Deoptimize) done
Event: 2.601 Executing safepoint VM operation: Cleanup
Event: 2.601 Executing safepoint VM operation: Cleanup done
Event: 3.998 Executing safepoint VM operation: ICBufferFull
Event: 3.998 Executing safepoint VM operation: ICBufferFull done
Event: 4.062 Executing safepoint VM operation: G1CollectForAllocation (G1 Evacuation Pause)
Event: 4.069 Executing safepoint VM operation: G1CollectForAllocation (G1 Evacuation Pause) done
Event: 5.075 Executing safepoint VM operation: Cleanup
Event: 5.076 Executing safepoint VM operation: Cleanup done
Event: 5.094 Executing non-safepoint VM operation: HandshakeAllThreads (Deoptimize)
Event: 5.094 Executing non-safepoint VM operation: HandshakeAllThreads (Deoptimize) done
Event: 6.096 Executing safepoint VM operation: Cleanup
Event: 6.096 Executing safepoint VM operation: Cleanup done

Memory protections (0 events):
No events

Nmethod flushes (0 events):
No events

Events (15 events):
Event: 0.162 Thread 0x00000245378c8b80 Thread added: 0x00000245378c8b80
Event: 0.183 Thread 0x00000245378c8b80 Thread added: 0x000002454f69a4b0
Event: 0.184 Thread 0x00000245378c8b80 Thread added: 0x000002454f69b4d0
Event: 0.184 Thread 0x00000245378c8b80 Thread added: 0x000002454f69fb80
Event: 0.184 Thread 0x00000245378c8b80 Thread added: 0x000002454f6a05e0
Event: 0.184 Thread 0x00000245378c8b80 Thread added: 0x000002454f6a9200
Event: 0.184 Thread 0x00000245378c8b80 Thread added: 0x000002454f6abf60
Event: 0.184 Thread 0x00000245378c8b80 Thread added: 0x000002454f6b4830
Event: 0.185 Thread 0x00000245378c8b80 Thread added: 0x000002454f6b1360
Event: 0.303 Thread 0x00000245378c8b80 Thread added: 0x000002454f92a110
Event: 0.343 Thread 0x000002454f6b1360 Thread added: 0x000002454f9495f0
Event: 0.535 Thread 0x00000245378c8b80 Thread added: 0x000002459521cae0
Event: 1.592 Thread 0x000002454f9495f0 Thread exited: 0x000002454f9495f0
Event: 1.666 Thread 0x00000245378c8b80 Thread added: 0x000002459529d0a0
Event: 1.689 Thread 0x000002454f6b1360 Thread added: 0x00000245952b9b10


Dynamic libraries:
0x00007ff6e2bd0000 - 0x00007ff6e2bde000 	C:\Users\dhaul\.p2\pool\plugins\org.eclipse.justj.openjdk.hotspot.jre.full.win32.x86_64_21.0.10.v20260205-0638\jre\bin\javaw.exe
0x00007ffe913e0000 - 0x00007ffe91647000 	C:\WINDOWS\SYSTEM32\ntdll.dll
0x00007ffe8fbb0000 - 0x00007ffe8fc79000 	C:\WINDOWS\System32\KERNEL32.DLL
0x00007ffe8de30000 - 0x00007ffe8e221000 	C:\WINDOWS\System32\KERNELBASE.dll
0x00007ffe8e660000 - 0x00007ffe8e7ab000 	C:\WINDOWS\System32\ucrtbase.dll
0x00007ffe7a500000 - 0x00007ffe7a51e000 	C:\Users\dhaul\.p2\pool\plugins\org.eclipse.justj.openjdk.hotspot.jre.full.win32.x86_64_21.0.10.v20260205-0638\jre\bin\VCRUNTIME140.dll
0x00007ffe43820000 - 0x00007ffe43838000 	C:\Users\dhaul\.p2\pool\plugins\org.eclipse.justj.openjdk.hotspot.jre.full.win32.x86_64_21.0.10.v20260205-0638\jre\bin\jli.dll
0x00007ffe8f180000 - 0x00007ffe8f345000 	C:\WINDOWS\System32\USER32.dll
0x00007ffe8e8e0000 - 0x00007ffe8e907000 	C:\WINDOWS\System32\win32u.dll
0x00007ffe71f20000 - 0x00007ffe721b3000 	C:\WINDOWS\WinSxS\amd64_microsoft.windows.common-controls_6595b64144ccf1df_6.0.26100.8037_none_3e092faae333b53b\COMCTL32.dll
0x00007ffe90ac0000 - 0x00007ffe90aeb000 	C:\WINDOWS\System32\GDI32.dll
0x00007ffe8e7b0000 - 0x00007ffe8e8db000 	C:\WINDOWS\System32\gdi32full.dll
0x00007ffe90dd0000 - 0x00007ffe90e79000 	C:\WINDOWS\System32\msvcrt.dll
0x00007ffe8e2e0000 - 0x00007ffe8e383000 	C:\WINDOWS\System32\msvcp_win.dll
0x00007ffe904e0000 - 0x00007ffe90511000 	C:\WINDOWS\System32\IMM32.DLL
0x00007ffe7b290000 - 0x00007ffe7b29c000 	C:\Users\dhaul\.p2\pool\plugins\org.eclipse.justj.openjdk.hotspot.jre.full.win32.x86_64_21.0.10.v20260205-0638\jre\bin\vcruntime140_1.dll
0x00007ffe43790000 - 0x00007ffe4381d000 	C:\Users\dhaul\.p2\pool\plugins\org.eclipse.justj.openjdk.hotspot.jre.full.win32.x86_64_21.0.10.v20260205-0638\jre\bin\msvcp140.dll
0x00007ffdffde0000 - 0x00007ffe00b81000 	C:\Users\dhaul\.p2\pool\plugins\org.eclipse.justj.openjdk.hotspot.jre.full.win32.x86_64_21.0.10.v20260205-0638\jre\bin\server\jvm.dll
0x00007ffe8fc80000 - 0x00007ffe8fd3b000 	C:\WINDOWS\System32\ADVAPI32.dll
0x00007ffe90d20000 - 0x00007ffe90dc7000 	C:\WINDOWS\System32\sechost.dll
0x00007ffe90af0000 - 0x00007ffe90c08000 	C:\WINDOWS\System32\RPCRT4.dll
0x00007ffe91300000 - 0x00007ffe91374000 	C:\WINDOWS\System32\WS2_32.dll
0x00007ffe85120000 - 0x00007ffe85155000 	C:\WINDOWS\SYSTEM32\WINMM.dll
0x00007ffe7c380000 - 0x00007ffe7c38b000 	C:\WINDOWS\SYSTEM32\VERSION.dll
0x00007ffe8db40000 - 0x00007ffe8db9e000 	C:\WINDOWS\SYSTEM32\POWRPROF.dll
0x00007ffe8db00000 - 0x00007ffe8db14000 	C:\WINDOWS\SYSTEM32\UMPDC.dll
0x00007ffe8ca50000 - 0x00007ffe8ca6b000 	C:\WINDOWS\SYSTEM32\kernel.appcore.dll
0x00007ffe88fa0000 - 0x00007ffe88faa000 	C:\Users\dhaul\.p2\pool\plugins\org.eclipse.justj.openjdk.hotspot.jre.full.win32.x86_64_21.0.10.v20260205-0638\jre\bin\jimage.dll
0x00007ffe8bac0000 - 0x00007ffe8bd02000 	C:\WINDOWS\SYSTEM32\DBGHELP.DLL
0x00007ffe8ff20000 - 0x00007ffe902a2000 	C:\WINDOWS\System32\combase.dll
0x00007ffe909e0000 - 0x00007ffe90ab7000 	C:\WINDOWS\System32\OLEAUT32.dll
0x00007ffe69010000 - 0x00007ffe6904b000 	C:\WINDOWS\SYSTEM32\dbgcore.DLL
0x00007ffe8e230000 - 0x00007ffe8e2d5000 	C:\WINDOWS\System32\bcryptPrimitives.dll
0x00007ffe55d10000 - 0x00007ffe55d1f000 	C:\Users\dhaul\.p2\pool\plugins\org.eclipse.justj.openjdk.hotspot.jre.full.win32.x86_64_21.0.10.v20260205-0638\jre\bin\instrument.dll
0x00007ffe7ea80000 - 0x00007ffe7eaa0000 	C:\Users\dhaul\.p2\pool\plugins\org.eclipse.justj.openjdk.hotspot.jre.full.win32.x86_64_21.0.10.v20260205-0638\jre\bin\java.dll
0x00007ffe8f440000 - 0x00007ffe8fb9f000 	C:\WINDOWS\System32\SHELL32.dll
0x00007ffe8dcc0000 - 0x00007ffe8de2a000 	C:\WINDOWS\System32\wintypes.dll
0x00007ffe8e910000 - 0x00007ffe8f174000 	C:\WINDOWS\System32\windows.storage.dll
0x00007ffe90c10000 - 0x00007ffe90d07000 	C:\WINDOWS\System32\SHCORE.dll
0x00007ffe8f370000 - 0x00007ffe8f3d7000 	C:\WINDOWS\System32\shlwapi.dll
0x00007ffe8dbe0000 - 0x00007ffe8dc09000 	C:\WINDOWS\SYSTEM32\profapi.dll
0x00007ffe7ea60000 - 0x00007ffe7ea78000 	C:\Users\dhaul\.p2\pool\plugins\org.eclipse.justj.openjdk.hotspot.jre.full.win32.x86_64_21.0.10.v20260205-0638\jre\bin\zip.dll
0x00007ffe88f20000 - 0x00007ffe88f30000 	C:\Users\dhaul\.p2\pool\plugins\org.eclipse.justj.openjdk.hotspot.jre.full.win32.x86_64_21.0.10.v20260205-0638\jre\bin\net.dll
0x00007ffe7ec90000 - 0x00007ffe7edb7000 	C:\WINDOWS\SYSTEM32\WINHTTP.dll
0x00007ffe8cfc0000 - 0x00007ffe8d02b000 	C:\WINDOWS\system32\mswsock.dll
0x00007ffe7e710000 - 0x00007ffe7e726000 	C:\Users\dhaul\.p2\pool\plugins\org.eclipse.justj.openjdk.hotspot.jre.full.win32.x86_64_21.0.10.v20260205-0638\jre\bin\nio.dll
0x00007ffe7bc80000 - 0x00007ffe7bc90000 	C:\Users\dhaul\.p2\pool\plugins\org.eclipse.justj.openjdk.hotspot.jre.full.win32.x86_64_21.0.10.v20260205-0638\jre\bin\verify.dll
0x00007ffe65d00000 - 0x00007ffe65d18000 	C:\WINDOWS\system32\napinsp.dll
0x00007ffe8c510000 - 0x00007ffe8c63a000 	C:\WINDOWS\SYSTEM32\DNSAPI.dll
0x00007ffe8c340000 - 0x00007ffe8c373000 	C:\WINDOWS\SYSTEM32\IPHLPAPI.DLL
0x00007ffe8f360000 - 0x00007ffe8f36a000 	C:\WINDOWS\System32\NSI.dll
0x00007ffe61ea0000 - 0x00007ffe61eb2000 	C:\WINDOWS\System32\winrnr.dll
0x00007ffe61e70000 - 0x00007ffe61e92000 	C:\WINDOWS\system32\nlansp_c.dll
0x00007ffe7d400000 - 0x00007ffe7d416000 	C:\WINDOWS\system32\wshbth.dll
0x00007ffe842e0000 - 0x00007ffe842eb000 	C:\Windows\System32\rasadhlp.dll
0x00007ffe87ab0000 - 0x00007ffe87b36000 	C:\WINDOWS\System32\fwpuclnt.dll
0x00007ffe7b870000 - 0x00007ffe7b879000 	C:\Users\dhaul\.p2\pool\plugins\org.eclipse.justj.openjdk.hotspot.jre.full.win32.x86_64_21.0.10.v20260205-0638\jre\bin\extnet.dll

JVMTI agents:
C:\Users\dhaul\eclipse\jee-2026-03\eclipse\configuration\org.eclipse.osgi\966\0\.cp\jacocoagent.jar path:C:\Users\dhaul\.p2\pool\plugins\org.eclipse.justj.openjdk.hotspot.jre.full.win32.x86_64_21.0.10.v20260205-0638\jre\bin\instrument.dll, loaded, initialized, instrumentlib options:includes=*,excludes=,exclclassloader=sun.reflect.DelegatingClassLoader,output=tcpclient,port=63317

dbghelp: loaded successfully - version: 4.0.5 - missing functions: none
symbol engine: initialized successfully - sym options: 0x614 - pdb path: .;C:\Users\dhaul\.p2\pool\plugins\org.eclipse.justj.openjdk.hotspot.jre.full.win32.x86_64_21.0.10.v20260205-0638\jre\bin;C:\WINDOWS\SYSTEM32;C:\WINDOWS\WinSxS\amd64_microsoft.windows.common-controls_6595b64144ccf1df_6.0.26100.8037_none_3e092faae333b53b;C:\Users\dhaul\.p2\pool\plugins\org.eclipse.justj.openjdk.hotspot.jre.full.win32.x86_64_21.0.10.v20260205-0638\jre\bin\server

VM Arguments:
jvm_args: -javaagent:C:\Users\dhaul\eclipse\jee-2026-03\eclipse\configuration\org.eclipse.osgi\966\0\.cp\jacocoagent.jar=includes=*,excludes=,exclclassloader=sun.reflect.DelegatingClassLoader,output=tcpclient,port=63317 -Dfile.encoding=UTF-8 -Dstdout.encoding=UTF-8 -Dstderr.encoding=UTF-8 -XX:+ShowCodeDetailsInExceptionMessages 
java_command: com.dimple.placement.PlacementApplication
java_class_path (initial): C:\Users\dhaul\Desktop\MCA JIMS\Sem 2\Minor\placement\placement\target\classes;C:\Users\dhaul\.m2\repository\org\springframework\boot\spring-boot-h2console\4.0.5\spring-boot-h2console-4.0.5.jar;C:\Users\dhaul\.m2\repository\org\springframework\boot\spring-boot\4.0.5\spring-boot-4.0.5.jar;C:\Users\dhaul\.m2\repository\org\springframework\spring-core\7.0.6\spring-core-7.0.6.jar;C:\Users\dhaul\.m2\repository\commons-logging\commons-logging\1.3.6\commons-logging-1.3.6.jar;C:\Users\dhaul\.m2\repository\org\jspecify\jspecify\1.0.0\jspecify-1.0.0.jar;C:\Users\dhaul\.m2\repository\org\springframework\spring-context\7.0.6\spring-context-7.0.6.jar;C:\Users\dhaul\.m2\repository\org\springframework\spring-aop\7.0.6\spring-aop-7.0.6.jar;C:\Users\dhaul\.m2\repository\org\springframework\spring-beans\7.0.6\spring-beans-7.0.6.jar;C:\Users\dhaul\.m2\repository\org\springframework\spring-expression\7.0.6\spring-expression-7.0.6.jar;C:\Users\dhaul\.m2\repository\io\micrometer\micrometer-observation\1.16.4\micrometer-observation-1.16.4.jar;C:\Users\dhaul\.m2\repository\io\micrometer\micrometer-commons\1.16.4\micrometer-commons-1.16.4.jar;C:\Users\dhaul\.m2\repository\jakarta\servlet\jakarta.servlet-api\6.1.0\jakarta.servlet-api-6.1.0.jar;C:\Users\dhaul\.m2\repository\org\springframework\boot\spring-boot-starter-data-jpa\4.0.5\spring-boot-starter-data-jpa-4.0.5.jar;C:\Users\dhaul\.m2\repository\org\springframework\boot\spring-boot-starter\4.0.5\spring-boot-starter-4.0.5.jar;C:\Users\dhaul\.m2\repository\org\springframework\boot\spring-boot-starter-logging\4.0.5\spring-boot-starter-logging-4.0.5.jar;C:\Users\dhaul\.m2\repository\ch\qos\logback\logback-classic\1.5.32\logback-classic-1.5.32.jar;C:\Users\dhaul\.m2\repository\ch\qos\logback\logback-core\1.5.32\logback-core-1.5.32.jar;C:\Users\dhaul\.m2\repository\org\apache\logging\log4j\log4j-to-slf4j\2.25.3\log4j-to-slf4j-2.25.3.jar;C:\Users\dhaul\.m2\repository\org\apache\logging\log4j\log4j-api\2.25.3\log4j-api-2.25.3.jar;C:\Users\dhaul\.m2\repository\org\slf4j\jul-to-slf4j\2.0.17\jul-to-slf4j-2.0.17.jar;C:\Users\dhaul\.m2\repository\org\springframework\boot\spring-boot-autoconfigure\4.0.5\spring-boot-autoconfigure-4.0.5.jar;C:\Users\dhaul\.m2\repository\jakarta\annotation\jakarta.annotation-api\3.0.0\jakarta.annotation-api-3.0.0.jar;C:\Users\dhaul\.m2\repository\org\yaml\snakeyaml\2.5\snakeyaml-2.5.jar;C:\Users\dhaul\.m2\repository\org\springframework\boot\spring-boot-starter-jdbc\4.0.5\spring-boot-starter-jdbc-4.0.5.jar;C:\Users\dhaul\.m2\repository\com\zaxxer\HikariCP\7.0.2\HikariCP-7.0.2.jar;C:\Users\dhaul\.m2\repository\org\slf4j\slf4j-api\2.0.17\slf4j-api-2.0.17.jar;C:\Users\dhaul\.m2\repository\org\springframework\boot\spring-boot-data-jpa\4.0.5\spring-boot-data-jpa-4.0.5.jar;C:\Users\dhaul\.m2\repository\org\springframework\boot\spring-boot-data-commons\4.0.5\spring-boot-data-commons-4.0.5.jar;C:\Users\dhaul\.m2\repository\org\springframework\boot\spring-boot-persistence\4.0.5\spring-boot-persistence-4.0.5.jar;C:\Users\dhaul\.m2\repository\org\springframework\data\spring-data-commons\4.0.4\spring-data-commons-4.0.4.jar;C:\Users\dhaul\.m2\repository\org\springframework\boot\spring-boot-hibernate\4.0.5\spring-boot-hibernate-4.0.5.jar;C:\Users\dhaul\.m2\repository\org\springframework\boot\spring-boot-jpa\4.0.5\spring-boot-jpa-4.0.5.jar;C:\Users\dhaul\.m2\repository\jakarta\persistence\jakarta.persistence-api\3.2.0\jakarta.persistence-api-3.2.0.jar;C:\Users\dhaul\.m2\repository\org\hibernate\orm\hibernate-core\7.2.7.Final\hibernate-core-7.2.7.Final.jar;C:\Users\dhaul\.m2\repository\jakarta\transaction\jakarta.transaction-api\2.0.1\jakarta.transaction-api-2.0.1.jar;C:\Users\dhaul\.m2\repository\org\jboss\logging\jboss-logging\3.6.3.Final\jboss-logging-3.6.3.Final.jar;C:\Users\dhaul\.m2\repository\org\hibernate\models\hibernate-models\1.0.1\hibernate-models-1.0.1.jar;C:\Users\dhaul\.m2\repository\com\fasterxml\classmate\1.7.3\classmate-1.7.3.jar;C:\Users\dhaul\.m2\repository\org\glassfish\jaxb\jaxb-runtime\4.0.6\jaxb-runtime-4.0.6.jar;C:\Users\dhaul\.m2\repository\org\glassfish\jaxb\jaxb-core\4.0.6\jaxb-core-4.0.6.jar;C:\Users\dhaul\.m2\repository\org\eclipse\angus\angus-activation\2.0.3\angus-activation-2.0.3.jar;C:\Users\dhaul\.m2\repository\org\glassfish\jaxb\txw2\4.0.6\txw2-4.0.6.jar;C:\Users\dhaul\.m2\repository\com\sun\istack\istack-commons-runtime\4.1.2\istack-commons-runtime-4.1.2.jar;C:\Users\dhaul\.m2\repository\jakarta\inject\jakarta.inject-api\2.0.1\jakarta.inject-api-2.0.1.jar;C:\Users\dhaul\.m2\repository\org\springframework\spring-orm\7.0.6\spring-orm-7.0.6.jar;C:\Users\dhaul\.m2\repository\org\springframework\data\spring-data-jpa\4.0.4\spring-data-jpa-4.0.4.jar;C:\Users\dhaul\.m2\repository\org\springframework\spring-tx\7.0.6\spring-tx-7.0.6.jar;C:\Users\dhaul\.m2\repository\org\antlr\antlr4-runtime\4.13.2\antlr4-runtime-4.13.2.jar;C:\Users\dhaul\.m2\repository\org\springframework\spring-aspects\7.0.6\spring-aspects-7.0.6.jar;C:\Users\dhaul\.m2\repository\org\aspectj\aspectjweaver\1.9.25.1\aspectjweaver-1.9.25.1.jar;C:\Users\dhaul\.m2\repository\org\springframework\boot\spring-boot-jdbc\4.0.5\spring-boot-jdbc-4.0.5.jar;C:\Users\dhaul\.m2\repository\org\springframework\boot\spring-boot-sql\4.0.5\spring-boot-sql-4.0.5.jar;C:\Users\dhaul\.m2\repository\org\springframework\boot\spring-boot-transaction\4.0.5\spring-boot-transaction-4.0.5.jar;C:\Users\dhaul\.m2\repository\org\springframework\spring-jdbc\7.0.6\spring-jdbc-7.0.6.jar;C:\Users\dhaul\.m2\repository\org\springframework\boot\spring-boot-starter-webmvc\4.0.5\spring-boot-starter-webmvc-4.0.5.jar;C:\Users\dhaul\.m2\repository\org\springframework\boot\spring-boot-starter-jackson\4.0.5\spring-boot-starter-jackson-4.0.5.jar;C:\Users\dhaul\.m2\repository\org\springframework\boot\spring-boot-jackson\4.0.5\spring-boot-jackson-4.0.5.jar;C:\Users\dhaul\.m2\repository\tools\jackson\core\jackson-databind\3.1.0\jackson-databind-3.1.0.jar;C:\Users\dhaul\.m2\repository\com\fasterxml\jackson\core\jackson-annotations\2.21\jackson-annotations-2.21.jar;C:\Users\dhaul\.m2\repository\tools\jackson\core\jackson-core\3.1.0\jackson-core-3.1.0.jar;C:\Users\dhaul\.m2\repository\org\springframework\boot\spring-boot-starter-tomcat\4.0.5\spring-boot-starter-tomcat-4.0.5.jar;C:\Users\dhaul\.m2\repository\org\springframework\boot\spring-boot-starter-tomcat-runtime\4.0.5\spring-boot-starter-tomcat-runtime-4.0.5.jar;C:\Users\dhaul\.m2\repository\org\apache\tomcat\embed\tomcat-embed-core\11.0.20\tomcat-embed-core-11.0.20.jar;C:\Users\dhaul\.m2\repository\org\apache\tomcat\embed\tomcat-embed-el\11.0.20\tomcat-embed-el-11.0.20.jar;C:\Users\dhaul\.m2\repository\org\apache\tomcat\embed\tomcat-embed-websocket\11.0.20\tomcat-embed-websocket-11.0.20.jar;C:\Users\dhaul\.m2\repository\org\springframework\boot\spring-boot-tomcat\4.0.5\spring-boot-tomcat-4.0.5.jar;C:\Users\dhaul\.m2\repository\org\springframework\boot\spring-boot-http-converter\4.0.5\spring-boot-http-converter-4.0.5.jar;C:\Users\dhaul\.m2\repository\org\springframework\spring-web\7.0.6\spring-web-7.0.6.jar;C:\Users\dhaul\.m2\repository\org\springframework\boot\spring-boot-webmvc\4.0.5\spring-boot-webmvc-4.0.5.jar;C:\Users\dhaul\.m2\repository\org\springframework\boot\spring-boot-servlet\4.0.5\spring-boot-servlet-4.0.5.jar;C:\Users\dhaul\.m2\repository\org\springframework\spring-webmvc\7.0.6\spring-webmvc-7.0.6.jar;C:\Users\dhaul\.m2\repository\com\h2database\h2\2.4.240\h2-2.4.240.jar;C:\Users\dhaul\.m2\repository\org\projectlombok\lombok\1.18.44\lombok-1.18.44.jar;C:\Users\dhaul\.m2\repository\jakarta\xml\bind\jakarta.xml.bind-api\4.0.4\jakarta.xml.bind-api-4.0.4.jar;C:\Users\dhaul\.m2\repository\jakarta\activation\jakarta.activation-api\2.1.4\jakarta.activation-api-2.1.4.jar;C:\Users\dhaul\.m2\repository\net\bytebuddy\byte-buddy\1.17.8\byte-buddy-1.17.8.jar;C:\Users\dhaul\.m2\repository\org\springframework\boot\spring-boot-web-server\4.0.5\spring-boot-web-server-4.0.5.jar
Launcher Type: SUN_STANDARD

[Global flags]
     intx CICompilerCount                          = 4                                         {product} {ergonomic}
     uint ConcGCThreads                            = 2                                         {product} {ergonomic}
     uint G1ConcRefinementThreads                  = 8                                         {product} {ergonomic}
   size_t G1HeapRegionSize                         = 1048576                                   {product} {ergonomic}
    uintx GCDrainStackTargetSize                   = 64                                        {product} {ergonomic}
   size_t InitialHeapSize                          = 130023424                                 {product} {ergonomic}
   size_t MarkStackSize                            = 4194304                                   {product} {ergonomic}
   size_t MaxHeapSize                              = 2078277632                                {product} {ergonomic}
   size_t MaxNewSize                               = 1246756864                                {product} {ergonomic}
   size_t MinHeapDeltaBytes                        = 1048576                                   {product} {ergonomic}
   size_t MinHeapSize                              = 8388608                                   {product} {ergonomic}
    uintx NonNMethodCodeHeapSize                   = 5839372                                {pd product} {ergonomic}
    uintx NonProfiledCodeHeapSize                  = 122909434                              {pd product} {ergonomic}
    uintx ProfiledCodeHeapSize                     = 122909434                              {pd product} {ergonomic}
    uintx ReservedCodeCacheSize                    = 251658240                              {pd product} {ergonomic}
     bool SegmentedCodeCache                       = true                                      {product} {ergonomic}
     bool ShowCodeDetailsInExceptionMessages       = true                                   {manageable} {command line}
   size_t SoftMaxHeapSize                          = 2078277632                             {manageable} {ergonomic}
     bool UseCompressedOops                        = true                           {product lp64_product} {ergonomic}
     bool UseG1GC                                  = true                                      {product} {ergonomic}
     bool UseLargePagesIndividualAllocation        = false                                  {pd product} {ergonomic}

Logging:
Log output configuration:
 #0: stdout all=warning uptime,level,tags foldmultilines=false
 #1: stderr all=off uptime,level,tags foldmultilines=false

Release file:
JAVA_VERSION="21.0.10" 
MODULES="java.base java.compiler java.datatransfer java.xml java.prefs java.desktop java.instrument java.logging java.management java.security.sasl java.naming java.rmi java.management.rmi java.net.http java.scripting java.security.jgss java.transaction.xa java.sql java.sql.rowset java.xml.crypto java.se java.smartcardio jdk.accessibility jdk.internal.jvmstat jdk.attach jdk.charsets jdk.internal.opt jdk.zipfs jdk.compiler jdk.crypto.ec jdk.crypto.cryptoki jdk.crypto.mscapi jdk.dynalink jdk.internal.ed jdk.editpad jdk.hotspot.agent jdk.httpserver jdk.internal.le jdk.internal.vm.ci jdk.internal.vm.compiler jdk.internal.vm.compiler.management jdk.jartool jdk.javadoc jdk.jcmd jdk.management jdk.management.agent jdk.jconsole jdk.jdeps jdk.jdwp.agent jdk.jdi jdk.jfr jdk.jshell jdk.jsobject jdk.jstatd jdk.localedata jdk.management.jfr jdk.naming.dns jdk.naming.rmi jdk.net jdk.nio.mapmode jdk.random jdk.sctp jdk.security.auth jdk.security.jgss jdk.unsupported jdk.unsupported.desktop jdk.xml.dom" 

Environment Variables:
PATH=C:/Users/dhaul/.p2/pool/plugins/org.eclipse.justj.openjdk.hotspot.jre.full.win32.x86_64_21.0.10.v20260205-0638/jre/bin/server;C:/Users/dhaul/.p2/pool/plugins/org.eclipse.justj.openjdk.hotspot.jre.full.win32.x86_64_21.0.10.v20260205-0638/jre/bin;C:\Program Files\Eclipse Adoptium\jdk-25.0.1.8-hotspot\bin;C:\WINDOWS\system32;C:\WINDOWS;C:\WINDOWS\System32\Wbem;C:\WINDOWS\System32\WindowsPowerShell\v1.0\;C:\WINDOWS\System32\OpenSSH\;C:\Program Files\dotnet\;C:\Program Files\Microsoft SQL Server\170\Tools\Binn\;C:\Program Files\Microsoft SQL Server\Client SDK\ODBC\170\Tools\Binn\;C:\Program Files (x86)\IncrediBuild;C:\Program Files (x86)\Windows Kits\10\Windows Performance Toolkit\;C:\Program Files\Git\cmd;C:\Program Files\MySQL\MySQL Shell 8.0\bin\;C:\Users\dhaul\AppData\Local\Microsoft\WindowsApps;C:\Users\dhaul\AppData\Local\Programs\Microsoft VS Code\bin;C:\Users\dhaul\AppData\Local\Packages\PythonSoftwareFoundation.Python.3.13_qbz5n2kfra8p0\LocalCache\local-packages\Python313\Scripts;c:\users\dhaul\appdata\local\packages\pythonsoftwarefoundation.python.3.13_qbz5n2kfra8p0\localcache\local-packages\python313\site-packages (2.3.4);c:\users\dhaul\appdata\local\packages\pythonsoftwarefoundation.python.3.13_qbz5n2kfra8p0\localcache\local-packages\python313\site-packages (0.45.1);c:\users\dhaul\appdata\local\packages\pythonsoftwarefoundation.python.3.13_qbz5n2kfra8p0\localcache\local\pip\cache\wheels\39\20\47\6b647a3457f0e36c161b2516a5bd7f29f6bbd5e3a67c46a710;C:\Program Files\MySQL;C:\Users\dhaul\Downloads\dlib;C:\Users\dhaul\Downloads\dlib\dlib;C:\Users\dhaul\AppData\Local\Packages\PythonSoftwareFoundation.Python.3.13_qbz5n2kfra8p0\LocalCache\Local\pip\cache\wheels;C:\Users\dhaul\AppData\Local\Packages\PythonSoftwareFoundation.Python.3.13_qbz5n2kfra8p0\LocalCache\Local\pip;C:\Users\dhaul;C:\MinGW\bin;C:\MinGW\bin\mingw-get.exe;C:\Users\dhaul\.dotnet\tools;C:\Users\dhaul\vscode-remote-wsl\oracleJdk-25\lib;C:\Users\dhaul\Downloads\mysql-connector-j-9.5.0\mysql-connector-j-9.5.0;;C:\WINDOWS\System32;
USERNAME=dhaul
OS=Windows_NT
PROCESSOR_IDENTIFIER=Intel64 Family 6 Model 140 Stepping 1, GenuineIntel
TMP=C:\Users\dhaul\AppData\Local\Temp
TEMP=C:\Users\dhaul\AppData\Local\Temp




Periodic native trim disabled

---------------  S Y S T E M  ---------------

OS:
 Windows 11 , 64 bit Build 26100 (10.0.26100.7920)
OS uptime: 15 days 18:00 hours
Hyper-V role detected

CPU: total 8 (initial active 8) (4 cores per cpu, 2 threads per core) family 6 model 140 stepping 1 microcode 0xbe, cx8, cmov, fxsr, ht, mmx, 3dnowpref, sse, sse2, sse3, ssse3, sse4.1, sse4.2, popcnt, lzcnt, tsc, tscinvbit, avx, avx2, aes, erms, clmul, bmi1, bmi2, adx, avx512f, avx512dq, avx512cd, avx512bw, avx512vl, sha, fma, vzeroupper, avx512_vpopcntdq, avx512_vpclmulqdq, avx512_vaes, avx512_vnni, clflush, clflushopt, clwb, avx512_vbmi2, avx512_vbmi, hv, rdtscp, rdpid, fsrm, gfni, avx512_bitalg, f16c, cet_ibt, cet_ss, avx512_ifma
Processor Information for processor 0
  Max Mhz: 2419, Current Mhz: 2419, Mhz Limit: 2419
Processor Information for processor 1
  Max Mhz: 2419, Current Mhz: 2419, Mhz Limit: 2419
Processor Information for processor 2
  Max Mhz: 2419, Current Mhz: 2419, Mhz Limit: 2419
Processor Information for processor 3
  Max Mhz: 2419, Current Mhz: 2419, Mhz Limit: 2419
Processor Information for processor 4
  Max Mhz: 2419, Current Mhz: 2419, Mhz Limit: 2419
Processor Information for processor 5
  Max Mhz: 2419, Current Mhz: 2419, Mhz Limit: 2419
Processor Information for processor 6
  Max Mhz: 2419, Current Mhz: 1209, Mhz Limit: 2419
Processor Information for processor 7
  Max Mhz: 2419, Current Mhz: 2419, Mhz Limit: 2419

Memory: 4k page, system-wide physical 7926M (545M free)
TotalPageFile size 32502M (AvailPageFile size 4M)
current process WorkingSet (physical memory assigned to process): 104M, peak: 104M
current process commit charge ("private bytes"): 237M, peak: 239M

vm_info: OpenJDK 64-Bit Server VM (21.0.10+7-LTS) for windows-amd64 JRE (21.0.10+7-LTS), built on 2026-01-20T00:00:00Z by "admin" with MS VC++ 17.12 (VS2022)

END.
