#
# There is insufficient memory for the Java Runtime Environment to continue.
# Native memory allocation (malloc) failed to allocate 1062096 bytes. Error detail: Chunk::new
# Possible reasons:
#   The system is out of physical RAM or swap space
#   This process is running with CompressedOops enabled, and the Java Heap may be blocking the growth of the native heap
# Possible solutions:
#   Reduce memory load on the system
#   Increase physical memory or swap space
#   Check if swap backing store is full
#   Decrease Java heap size (-Xmx/-Xms)
#   Decrease number of Java threads
#   Decrease Java thread stack sizes (-Xss)
#   Set larger code cache with -XX:ReservedCodeCacheSize=
#   JVM is running with Unscaled Compressed Oops mode in which the Java heap is
#     placed in the first 4GB address space. The Java Heap base address is the
#     maximum limit for the native heap growth. Please use -XX:HeapBaseMinAddress
#     to set the Java Heap base and to place the Java Heap above 4GB virtual address.
# This output file may be truncated or incomplete.
#
#  Out of Memory Error (arena.cpp:168), pid=6968, tid=24352
#
# JRE version: OpenJDK Runtime Environment Temurin-21.0.10+7 (21.0.10+7) (build 21.0.10+7-LTS)
# Java VM: OpenJDK 64-Bit Server VM Temurin-21.0.10+7 (21.0.10+7-LTS, mixed mode, sharing, tiered, compressed oops, compressed class ptrs, g1 gc, windows-amd64)
# No core dump will be written. Minidumps are not enabled by default on client versions of Windows
#

---------------  S U M M A R Y ------------

Command Line: -Dfile.encoding=UTF-8 -Dstdout.encoding=UTF-8 -Dstderr.encoding=UTF-8 -XX:+ShowCodeDetailsInExceptionMessages com.dimple.placement.PlacementApplication

Host: 11th Gen Intel(R) Core(TM) i5-1135G7 @ 2.40GHz, 8 cores, 7G,  Windows 11 , 64 bit Build 26100 (10.0.26100.7920)
Time: Sun Apr 12 16:19:58 2026 India Standard Time elapsed time: 14.716367 seconds (0d 0h 0m 14s)

---------------  T H R E A D  ---------------

Current thread (0x0000023ec0608090):  JavaThread "C2 CompilerThread0" daemon [_thread_in_native, id=24352, stack(0x000000f4f5f00000,0x000000f4f6000000) (1024K)]


Current CompileTask:
C2:14716 4794       4       org.springframework.core.annotation.TypeMappedAnnotations::scan (66 bytes)

Stack: [0x000000f4f5f00000,0x000000f4f6000000]
Native frames: (J=compiled Java code, j=interpreted, Vv=VM code, C=native code)
V  [jvm.dll+0x6d7a39]
V  [jvm.dll+0x8b4b26]
V  [jvm.dll+0x8b70de]
V  [jvm.dll+0x8b77c3]
V  [jvm.dll+0x284346]
V  [jvm.dll+0xc66ed]
V  [jvm.dll+0xc6c31]
V  [jvm.dll+0x2fb29e]
V  [jvm.dll+0x5fe884]
V  [jvm.dll+0x255b17]
V  [jvm.dll+0x255edd]
V  [jvm.dll+0x24e500]
V  [jvm.dll+0x24ba42]
V  [jvm.dll+0x1cb34e]
V  [jvm.dll+0x25b85d]
V  [jvm.dll+0x259dea]
V  [jvm.dll+0x3f857e]
V  [jvm.dll+0x85f59d]
V  [jvm.dll+0x6d626d]
C  [ucrtbase.dll+0x37b0]
C  [KERNEL32.DLL+0x2e8d7]
C  [ntdll.dll+0x8c48c]


---------------  P R O C E S S  ---------------

Threads class SMR info:
_java_thread_list=0x0000023f07c0ddc0, length=17, elements={
0x0000023ea63eadb0, 0x0000023ec03b9cd0, 0x0000023ec03c0750, 0x0000023ec03c2f90,
0x0000023ec03c3ae0, 0x0000023ec03cf550, 0x0000023ec03d4d60, 0x0000023ec0608090,
0x0000023ec03d72e0, 0x0000023ec03d5a80, 0x0000023ec03d67a0, 0x0000023f06c9ef10,
0x0000023ec03d6110, 0x0000023ec03d53f0, 0x0000023ec03d3320, 0x0000023ec03d46d0,
0x0000023ec03d39b0
}

Java Threads: ( => current thread )
  0x0000023ea63eadb0 JavaThread "main"                              [_thread_in_native, id=29612, stack(0x000000f4f5100000,0x000000f4f5200000) (1024K)]
  0x0000023ec03b9cd0 JavaThread "Reference Handler"          daemon [_thread_blocked, id=20812, stack(0x000000f4f5900000,0x000000f4f5a00000) (1024K)]
  0x0000023ec03c0750 JavaThread "Finalizer"                  daemon [_thread_blocked, id=4240, stack(0x000000f4f5a00000,0x000000f4f5b00000) (1024K)]
  0x0000023ec03c2f90 JavaThread "Signal Dispatcher"          daemon [_thread_blocked, id=1544, stack(0x000000f4f5b00000,0x000000f4f5c00000) (1024K)]
  0x0000023ec03c3ae0 JavaThread "Attach Listener"            daemon [_thread_blocked, id=27400, stack(0x000000f4f5c00000,0x000000f4f5d00000) (1024K)]
  0x0000023ec03cf550 JavaThread "Service Thread"             daemon [_thread_blocked, id=676, stack(0x000000f4f5d00000,0x000000f4f5e00000) (1024K)]
  0x0000023ec03d4d60 JavaThread "Monitor Deflation Thread"   daemon [_thread_blocked, id=20868, stack(0x000000f4f5e00000,0x000000f4f5f00000) (1024K)]
=>0x0000023ec0608090 JavaThread "C2 CompilerThread0"         daemon [_thread_in_native, id=24352, stack(0x000000f4f5f00000,0x000000f4f6000000) (1024K)]
  0x0000023ec03d72e0 JavaThread "C1 CompilerThread0"         daemon [_thread_blocked, id=13084, stack(0x000000f4f6000000,0x000000f4f6100000) (1024K)]
  0x0000023ec03d5a80 JavaThread "Notification Thread"        daemon [_thread_blocked, id=18832, stack(0x000000f4f6100000,0x000000f4f6200000) (1024K)]
  0x0000023ec03d67a0 JavaThread "Common-Cleaner"             daemon [_thread_blocked, id=12196, stack(0x000000f4f6200000,0x000000f4f6300000) (1024K)]
  0x0000023f06c9ef10 JavaThread "C2 CompilerThread1"         daemon [_thread_in_native, id=21552, stack(0x000000f4f6a00000,0x000000f4f6b00000) (1024K)]
  0x0000023ec03d6110 JavaThread "Catalina-utility-1"                [_thread_blocked, id=9960, stack(0x000000f4f6d00000,0x000000f4f6e00000) (1024K)]
  0x0000023ec03d53f0 JavaThread "Catalina-utility-2"                [_thread_blocked, id=15824, stack(0x000000f4f6e00000,0x000000f4f6f00000) (1024K)]
  0x0000023ec03d3320 JavaThread "container-0"                       [_thread_blocked, id=5956, stack(0x000000f4f6f00000,0x000000f4f7000000) (1024K)]
  0x0000023ec03d46d0 JavaThread "HikariPool-1:housekeeper"   daemon [_thread_blocked, id=20816, stack(0x000000f4f7000000,0x000000f4f7100000) (1024K)]
  0x0000023ec03d39b0 JavaThread "HikariPool-1:connection-adder" daemon [_thread_blocked, id=19280, stack(0x000000f4f7100000,0x000000f4f7200000) (1024K)]
Total: 17

Other Threads:
  0x0000023ec039fca0 VMThread "VM Thread"                           [id=16592, stack(0x000000f4f5800000,0x000000f4f5900000) (1024K)]
  0x0000023ec038c320 WatcherThread "VM Periodic Task Thread"        [id=17528, stack(0x000000f4f5700000,0x000000f4f5800000) (1024K)]
  0x0000023ea67ccd50 WorkerThread "GC Thread#0"                     [id=18144, stack(0x000000f4f5200000,0x000000f4f5300000) (1024K)]
  0x0000023f064846d0 WorkerThread "GC Thread#1"                     [id=19220, stack(0x000000f4f6300000,0x000000f4f6400000) (1024K)]
  0x0000023f06a3fc80 WorkerThread "GC Thread#2"                     [id=26204, stack(0x000000f4f6400000,0x000000f4f6500000) (1024K)]
  0x0000023f06a44150 WorkerThread "GC Thread#3"                     [id=8496, stack(0x000000f4f6500000,0x000000f4f6600000) (1024K)]
  0x0000023f06a48b20 WorkerThread "GC Thread#4"                     [id=17120, stack(0x000000f4f6600000,0x000000f4f6700000) (1024K)]
  0x0000023f06a48ed0 WorkerThread "GC Thread#5"                     [id=23516, stack(0x000000f4f6700000,0x000000f4f6800000) (1024K)]
  0x0000023f06a49a90 WorkerThread "GC Thread#6"                     [id=22588, stack(0x000000f4f6800000,0x000000f4f6900000) (1024K)]
  0x0000023f06ba57a0 WorkerThread "GC Thread#7"                     [id=25156, stack(0x000000f4f6b00000,0x000000f4f6c00000) (1024K)]
  0x0000023ea67ddd10 ConcurrentGCThread "G1 Main Marker"            [id=21276, stack(0x000000f4f5300000,0x000000f4f5400000) (1024K)]
  0x0000023ea67de820 WorkerThread "G1 Conc#0"                       [id=19196, stack(0x000000f4f5400000,0x000000f4f5500000) (1024K)]
  0x0000023f06ba4180 WorkerThread "G1 Conc#1"                       [id=16964, stack(0x000000f4f6900000,0x000000f4f6a00000) (1024K)]
  0x0000023ec025b890 ConcurrentGCThread "G1 Refine#0"               [id=23872, stack(0x000000f4f5500000,0x000000f4f5600000) (1024K)]
  0x0000023ec025e1c0 ConcurrentGCThread "G1 Service"                [id=28776, stack(0x000000f4f5600000,0x000000f4f5700000) (1024K)]
Total: 15

Threads with active compile tasks:
C2 CompilerThread0  14734 4794       4       org.springframework.core.annotation.TypeMappedAnnotations::scan (66 bytes)
C2 CompilerThread1  14735 4796       4       org.springframework.core.annotation.AnnotationsScanner::scan (21 bytes)
Total: 2

VM state: not at safepoint (normal execution)

VM Mutex/Monitor currently owned by a thread: None

Heap address: 0x0000000084200000, size: 1982 MB, Compressed Oops mode: 32-bit

CDS archive(s) mapped at: [0x0000023ec1000000-0x0000023ec1c80000-0x0000023ec1c80000), size 13107200, SharedBaseAddress: 0x0000023ec1000000, ArchiveRelocationMode: 1.
Compressed class space mapped at: 0x0000023ec2000000-0x0000023f02000000, reserved size: 1073741824
Narrow klass base: 0x0000023ec1000000, Narrow klass shift: 0, Narrow klass range: 0x100000000

GC Precious Log:
 CardTable entry size: 512
 Card Set container configuration: InlinePtr #cards 5 size 8 Array Of Cards #cards 12 size 40 Howl #buckets 4 coarsen threshold 1843 Howl Bitmap #cards 512 size 80 coarsen threshold 460 Card regions per heap region 1 cards per card region 2048
 CPUs: 8 total, 8 available
 Memory: 7926M
 Large Page Support: Disabled
 NUMA Support: Disabled
 Compressed Oops: Enabled (32-bit)
 Heap Region Size: 1M
 Heap Min Capacity: 8M
 Heap Initial Capacity: 124M
 Heap Max Capacity: 1982M
 Pre-touch: Disabled
 Parallel Workers: 8
 Concurrent Workers: 2
 Concurrent Refinement Workers: 8
 Periodic GC: Disabled

Heap:
 garbage-first heap   total 70656K, used 32201K [0x0000000084200000, 0x0000000100000000)
  region size 1024K, 12 young (12288K), 3 survivors (3072K)
 Metaspace       used 61094K, committed 61696K, reserved 1114112K
  class space    used 8503K, committed 8768K, reserved 1048576K

Heap Regions: E=young(eden), S=young(survivor), O=old, HS=humongous(starts), HC=humongous(continues), CS=collection set, F=free, TAMS=top-at-mark-start, PB=parsable bottom
|   0|0x0000000084200000, 0x0000000084300000, 0x0000000084300000|100%|HS|  |TAMS 0x0000000084200000| PB 0x0000000084200000| Complete 
|   1|0x0000000084300000, 0x0000000084400000, 0x0000000084400000|100%|HS|  |TAMS 0x0000000084300000| PB 0x0000000084300000| Complete 
|   2|0x0000000084400000, 0x0000000084500000, 0x0000000084500000|100%| O|  |TAMS 0x0000000084400000| PB 0x0000000084400000| Untracked 
|   3|0x0000000084500000, 0x0000000084600000, 0x0000000084600000|100%| O|  |TAMS 0x0000000084500000| PB 0x0000000084500000| Untracked 
|   4|0x0000000084600000, 0x0000000084700000, 0x0000000084700000|100%| O|  |TAMS 0x0000000084600000| PB 0x0000000084600000| Untracked 
|   5|0x0000000084700000, 0x0000000084800000, 0x0000000084800000|100%| O|  |TAMS 0x0000000084700000| PB 0x0000000084700000| Untracked 
|   6|0x0000000084800000, 0x0000000084900000, 0x0000000084900000|100%| O|  |TAMS 0x0000000084800000| PB 0x0000000084800000| Untracked 
|   7|0x0000000084900000, 0x0000000084a00000, 0x0000000084a00000|100%| O|  |TAMS 0x0000000084900000| PB 0x0000000084900000| Untracked 
|   8|0x0000000084a00000, 0x0000000084b00000, 0x0000000084b00000|100%| O|  |TAMS 0x0000000084a00000| PB 0x0000000084a00000| Untracked 
|   9|0x0000000084b00000, 0x0000000084c00000, 0x0000000084c00000|100%| O|  |TAMS 0x0000000084b00000| PB 0x0000000084b00000| Untracked 
|  10|0x0000000084c00000, 0x0000000084d00000, 0x0000000084d00000|100%| O|  |TAMS 0x0000000084c00000| PB 0x0000000084c00000| Untracked 
|  11|0x0000000084d00000, 0x0000000084e00000, 0x0000000084e00000|100%| O|  |TAMS 0x0000000084d00000| PB 0x0000000084d00000| Untracked 
|  12|0x0000000084e00000, 0x0000000084f00000, 0x0000000084f00000|100%| O|  |TAMS 0x0000000084e00000| PB 0x0000000084e00000| Untracked 
|  13|0x0000000084f00000, 0x0000000085000000, 0x0000000085000000|100%| O|  |TAMS 0x0000000084f00000| PB 0x0000000084f00000| Untracked 
|  14|0x0000000085000000, 0x0000000085100000, 0x0000000085100000|100%| O|  |TAMS 0x0000000085000000| PB 0x0000000085000000| Untracked 
|  15|0x0000000085100000, 0x0000000085200000, 0x0000000085200000|100%| O|Cm|TAMS 0x0000000085100000| PB 0x0000000085100000| Complete 
|  16|0x0000000085200000, 0x0000000085300000, 0x0000000085300000|100%| O|  |TAMS 0x0000000085200000| PB 0x0000000085200000| Untracked 
|  17|0x0000000085300000, 0x00000000853ca818, 0x0000000085400000| 79%| O|  |TAMS 0x0000000085300000| PB 0x0000000085300000| Untracked 
|  18|0x0000000085400000, 0x0000000085400000, 0x0000000085500000|  0%| F|  |TAMS 0x0000000085400000| PB 0x0000000085400000| Untracked 
|  19|0x0000000085500000, 0x0000000085500000, 0x0000000085600000|  0%| F|  |TAMS 0x0000000085500000| PB 0x0000000085500000| Untracked 
|  20|0x0000000085600000, 0x0000000085600000, 0x0000000085700000|  0%| F|  |TAMS 0x0000000085600000| PB 0x0000000085600000| Untracked 
|  21|0x0000000085700000, 0x0000000085700000, 0x0000000085800000|  0%| F|  |TAMS 0x0000000085700000| PB 0x0000000085700000| Untracked 
|  22|0x0000000085800000, 0x0000000085800000, 0x0000000085900000|  0%| F|  |TAMS 0x0000000085800000| PB 0x0000000085800000| Untracked 
|  23|0x0000000085900000, 0x0000000085900000, 0x0000000085a00000|  0%| F|  |TAMS 0x0000000085900000| PB 0x0000000085900000| Untracked 
|  24|0x0000000085a00000, 0x0000000085a00000, 0x0000000085b00000|  0%| F|  |TAMS 0x0000000085a00000| PB 0x0000000085a00000| Untracked 
|  25|0x0000000085b00000, 0x0000000085b00000, 0x0000000085c00000|  0%| F|  |TAMS 0x0000000085b00000| PB 0x0000000085b00000| Untracked 
|  26|0x0000000085c00000, 0x0000000085c00000, 0x0000000085d00000|  0%| F|  |TAMS 0x0000000085c00000| PB 0x0000000085c00000| Untracked 
|  27|0x0000000085d00000, 0x0000000085d00000, 0x0000000085e00000|  0%| F|  |TAMS 0x0000000085d00000| PB 0x0000000085d00000| Untracked 
|  28|0x0000000085e00000, 0x0000000085e00000, 0x0000000085f00000|  0%| F|  |TAMS 0x0000000085e00000| PB 0x0000000085e00000| Untracked 
|  29|0x0000000085f00000, 0x0000000085f00000, 0x0000000086000000|  0%| F|  |TAMS 0x0000000085f00000| PB 0x0000000085f00000| Untracked 
|  30|0x0000000086000000, 0x0000000086000000, 0x0000000086100000|  0%| F|  |TAMS 0x0000000086000000| PB 0x0000000086000000| Untracked 
|  31|0x0000000086100000, 0x0000000086100000, 0x0000000086200000|  0%| F|  |TAMS 0x0000000086100000| PB 0x0000000086100000| Untracked 
|  32|0x0000000086200000, 0x0000000086200000, 0x0000000086300000|  0%| F|  |TAMS 0x0000000086200000| PB 0x0000000086200000| Untracked 
|  33|0x0000000086300000, 0x0000000086300000, 0x0000000086400000|  0%| F|  |TAMS 0x0000000086300000| PB 0x0000000086300000| Untracked 
|  34|0x0000000086400000, 0x0000000086400000, 0x0000000086500000|  0%| F|  |TAMS 0x0000000086400000| PB 0x0000000086400000| Untracked 
|  35|0x0000000086500000, 0x0000000086500000, 0x0000000086600000|  0%| F|  |TAMS 0x0000000086500000| PB 0x0000000086500000| Untracked 
|  36|0x0000000086600000, 0x0000000086600000, 0x0000000086700000|  0%| F|  |TAMS 0x0000000086600000| PB 0x0000000086600000| Untracked 
|  37|0x0000000086700000, 0x0000000086700000, 0x0000000086800000|  0%| F|  |TAMS 0x0000000086700000| PB 0x0000000086700000| Untracked 
|  38|0x0000000086800000, 0x0000000086800000, 0x0000000086900000|  0%| F|  |TAMS 0x0000000086800000| PB 0x0000000086800000| Untracked 
|  39|0x0000000086900000, 0x0000000086900000, 0x0000000086a00000|  0%| F|  |TAMS 0x0000000086900000| PB 0x0000000086900000| Untracked 
|  40|0x0000000086a00000, 0x0000000086a00000, 0x0000000086b00000|  0%| F|  |TAMS 0x0000000086a00000| PB 0x0000000086a00000| Untracked 
|  41|0x0000000086b00000, 0x0000000086b00000, 0x0000000086c00000|  0%| F|  |TAMS 0x0000000086b00000| PB 0x0000000086b00000| Untracked 
|  42|0x0000000086c00000, 0x0000000086ca7bf8, 0x0000000086d00000| 65%| S|CS|TAMS 0x0000000086c00000| PB 0x0000000086c00000| Complete 
|  43|0x0000000086d00000, 0x0000000086e00000, 0x0000000086e00000|100%| S|CS|TAMS 0x0000000086d00000| PB 0x0000000086d00000| Complete 
|  44|0x0000000086e00000, 0x0000000086f00000, 0x0000000086f00000|100%| S|CS|TAMS 0x0000000086e00000| PB 0x0000000086e00000| Complete 
|  45|0x0000000086f00000, 0x0000000086f00000, 0x0000000087000000|  0%| F|  |TAMS 0x0000000086f00000| PB 0x0000000086f00000| Untracked 
|  46|0x0000000087000000, 0x0000000087000000, 0x0000000087100000|  0%| F|  |TAMS 0x0000000087000000| PB 0x0000000087000000| Untracked 
|  47|0x0000000087100000, 0x0000000087100000, 0x0000000087200000|  0%| F|  |TAMS 0x0000000087100000| PB 0x0000000087100000| Untracked 
|  48|0x0000000087200000, 0x0000000087200000, 0x0000000087300000|  0%| F|  |TAMS 0x0000000087200000| PB 0x0000000087200000| Untracked 
|  49|0x0000000087300000, 0x0000000087300000, 0x0000000087400000|  0%| F|  |TAMS 0x0000000087300000| PB 0x0000000087300000| Untracked 
|  50|0x0000000087400000, 0x0000000087400000, 0x0000000087500000|  0%| F|  |TAMS 0x0000000087400000| PB 0x0000000087400000| Untracked 
|  51|0x0000000087500000, 0x0000000087500000, 0x0000000087600000|  0%| F|  |TAMS 0x0000000087500000| PB 0x0000000087500000| Untracked 
|  52|0x0000000087600000, 0x0000000087600000, 0x0000000087700000|  0%| F|  |TAMS 0x0000000087600000| PB 0x0000000087600000| Untracked 
|  53|0x0000000087700000, 0x0000000087700000, 0x0000000087800000|  0%| F|  |TAMS 0x0000000087700000| PB 0x0000000087700000| Untracked 
|  54|0x0000000087800000, 0x0000000087800000, 0x0000000087900000|  0%| F|  |TAMS 0x0000000087800000| PB 0x0000000087800000| Untracked 
|  55|0x0000000087900000, 0x0000000087900000, 0x0000000087a00000|  0%| F|  |TAMS 0x0000000087900000| PB 0x0000000087900000| Untracked 
|  56|0x0000000087a00000, 0x0000000087a00000, 0x0000000087b00000|  0%| F|  |TAMS 0x0000000087a00000| PB 0x0000000087a00000| Untracked 
|  57|0x0000000087b00000, 0x0000000087c00000, 0x0000000087c00000|100%| E|  |TAMS 0x0000000087b00000| PB 0x0000000087b00000| Complete 
|  58|0x0000000087c00000, 0x0000000087d00000, 0x0000000087d00000|100%| E|CS|TAMS 0x0000000087c00000| PB 0x0000000087c00000| Complete 
|  80|0x0000000089200000, 0x0000000089300000, 0x0000000089300000|100%| E|CS|TAMS 0x0000000089200000| PB 0x0000000089200000| Complete 
|  81|0x0000000089300000, 0x0000000089400000, 0x0000000089400000|100%| E|CS|TAMS 0x0000000089300000| PB 0x0000000089300000| Complete 
|  82|0x0000000089400000, 0x0000000089500000, 0x0000000089500000|100%| E|CS|TAMS 0x0000000089400000| PB 0x0000000089400000| Complete 
|  83|0x0000000089500000, 0x0000000089600000, 0x0000000089600000|100%| E|CS|TAMS 0x0000000089500000| PB 0x0000000089500000| Complete 
|  84|0x0000000089600000, 0x0000000089700000, 0x0000000089700000|100%| E|CS|TAMS 0x0000000089600000| PB 0x0000000089600000| Complete 
|  85|0x0000000089700000, 0x0000000089800000, 0x0000000089800000|100%| E|CS|TAMS 0x0000000089700000| PB 0x0000000089700000| Complete 
| 123|0x000000008bd00000, 0x000000008be00000, 0x000000008be00000|100%| E|CS|TAMS 0x000000008bd00000| PB 0x000000008bd00000| Complete 
|1979|0x00000000ffd00000, 0x00000000ffe00000, 0x00000000ffe00000|100%| O|  |TAMS 0x00000000ffd00000| PB 0x00000000ffd00000| Untracked 
|1980|0x00000000ffe00000, 0x00000000fff00000, 0x00000000fff00000|100%| O|  |TAMS 0x00000000ffe00000| PB 0x00000000ffe00000| Untracked 
|1981|0x00000000fff00000, 0x0000000100000000, 0x0000000100000000|100%| O|  |TAMS 0x00000000fff00000| PB 0x00000000fff00000| Untracked 

Card table byte_map: [0x0000023ebb820000,0x0000023ebbc00000] _byte_map_base: 0x0000023ebb3ff000

Marking Bits: (CMBitMap*) 0x0000023ea67cdc70
 Bits: [0x0000023ebbc00000, 0x0000023ebdaf8000)

Polling page: 0x0000023ea66d0000

Metaspace:

Usage:
  Non-class:     51.37 MB used.
      Class:      8.31 MB used.
       Both:     59.67 MB used.

Virtual space:
  Non-class space:       64.00 MB reserved,      51.69 MB ( 81%) committed,  1 nodes.
      Class space:        1.00 GB reserved,       8.56 MB ( <1%) committed,  1 nodes.
             Both:        1.06 GB reserved,      60.25 MB (  6%) committed. 

Chunk freelists:
   Non-Class:  11.88 MB
       Class:  7.38 MB
        Both:  19.25 MB

MaxMetaspaceSize: unlimited
CompressedClassSpaceSize: 1.00 GB
Initial GC threshold: 21.00 MB
Current GC threshold: 99.19 MB
CDS: on
 - commit_granule_bytes: 65536.
 - commit_granule_words: 8192.
 - virtual_space_node_default_size: 8388608.
 - enlarge_chunks_in_place: 1.
 - use_allocation_guard: 0.


Internal statistics:

num_allocs_failed_limit: 12.
num_arena_births: 820.
num_arena_deaths: 0.
num_vsnodes_births: 2.
num_vsnodes_deaths: 0.
num_space_committed: 964.
num_space_uncommitted: 0.
num_chunks_returned_to_freelist: 12.
num_chunks_taken_from_freelist: 3058.
num_chunk_merges: 12.
num_chunk_splits: 2225.
num_chunks_enlarged: 1749.
num_inconsistent_stats: 0.

CodeHeap 'non-profiled nmethods': size=120000Kb used=2593Kb max_used=3052Kb free=117406Kb
 bounds [0x0000023eb34b0000, 0x0000023eb37b0000, 0x0000023eba9e0000]
CodeHeap 'profiled nmethods': size=120000Kb used=7975Kb max_used=8562Kb free=112024Kb
 bounds [0x0000023eab9e0000, 0x0000023eac250000, 0x0000023eb2f10000]
CodeHeap 'non-nmethods': size=5760Kb used=1718Kb max_used=1733Kb free=4041Kb
 bounds [0x0000023eb2f10000, 0x0000023eb3180000, 0x0000023eb34b0000]
CodeCache: size=245760Kb, used=12286Kb, max_used=13347Kb, free=233471Kb
 total_blobs=4889, nmethods=4192, adapters=601, full_count=0
Compilation: enabled, stopped_count=0, restarted_count=0

Compilation events (20 events):
Event: 13.656 Thread 0x0000023ec03d72e0 4834       3       java.lang.invoke.BoundMethodHandle$Species_LLL::make (14 bytes)
Event: 13.656 Thread 0x0000023ec03d72e0 nmethod 4834 0x0000023eabe54390 code [0x0000023eabe54560, 0x0000023eabe54890]
Event: 13.657 Thread 0x0000023ec03d72e0 4835       3       java.lang.invoke.BoundMethodHandle$Species_LLL::<init> (24 bytes)
Event: 13.657 Thread 0x0000023ec03d72e0 nmethod 4835 0x0000023eabd4f790 code [0x0000023eabd4f960, 0x0000023eabd4fc50]
Event: 13.657 Thread 0x0000023ec03d72e0 4836       3       java.lang.invoke.MethodHandles$Lookup::getDirectMethod (18 bytes)
Event: 13.657 Thread 0x0000023ec03d72e0 nmethod 4836 0x0000023eabc11010 code [0x0000023eabc111c0, 0x0000023eabc11310]
Event: 13.657 Thread 0x0000023ec03d72e0 4837       2       sun.invoke.util.VerifyType::isNullConversion (157 bytes)
Event: 13.658 Thread 0x0000023ec03d72e0 nmethod 4837 0x0000023eabb79310 code [0x0000023eabb79540, 0x0000023eabb79bc0]
Event: 13.658 Thread 0x0000023ec03d72e0 4838       3       org.springframework.util.ReflectionUtils::makeAccessible (36 bytes)
Event: 13.659 Thread 0x0000023ec03d72e0 nmethod 4838 0x0000023eabbddb10 code [0x0000023eabbddd40, 0x0000023eabbde4f8]
Event: 13.689 Thread 0x0000023ec03d72e0 4839       3       org.springframework.core.convert.support.GenericConversionService$ConverterAdapter::<init> (41 bytes)
Event: 13.690 Thread 0x0000023ec03d72e0 nmethod 4839 0x0000023eabc1ff90 code [0x0000023eabc201e0, 0x0000023eabc20d90]
Event: 13.690 Thread 0x0000023ec03d72e0 4840       3       org.springframework.core.convert.support.GenericConversionService$ConverterAdapter::getConvertibleTypes (8 bytes)
Event: 13.690 Thread 0x0000023ec03d72e0 nmethod 4840 0x0000023eabe68510 code [0x0000023eabe686e0, 0x0000023eabe68a80]
Event: 13.692 Thread 0x0000023ec03d72e0 4841       3       ch.qos.logback.core.pattern.FormattingConverter::write (154 bytes)
Event: 13.693 Thread 0x0000023ec03d72e0 nmethod 4841 0x0000023eabe5c610 code [0x0000023eabe5c980, 0x0000023eabe5d9d0]
Event: 13.693 Thread 0x0000023ec03d72e0 4842       1       java.time.temporal.ValueRange::getMinimum (5 bytes)
Event: 13.693 Thread 0x0000023ec03d72e0 nmethod 4842 0x0000023eb3599f90 code [0x0000023eb359a120, 0x0000023eb359a1e8]
Event: 13.693 Thread 0x0000023ec03d72e0 4843       1       java.time.temporal.ValueRange::getMaximum (5 bytes)
Event: 13.693 Thread 0x0000023ec03d72e0 nmethod 4843 0x0000023eb3599c90 code [0x0000023eb3599e20, 0x0000023eb3599ee8]

GC Heap History (18 events):
Event: 4.029 GC heap before
{Heap before GC invocations=0 (full 0):
 garbage-first heap   total 126976K, used 25600K [0x0000000084200000, 0x0000000100000000)
  region size 1024K, 23 young (23552K), 0 survivors (0K)
 Metaspace       used 7007K, committed 7168K, reserved 1114112K
  class space    used 840K, committed 896K, reserved 1048576K
}
Event: 4.037 GC heap after
{Heap after GC invocations=1 (full 0):
 garbage-first heap   total 126976K, used 7744K [0x0000000084200000, 0x0000000100000000)
  region size 1024K, 3 young (3072K), 3 survivors (3072K)
 Metaspace       used 7007K, committed 7168K, reserved 1114112K
  class space    used 840K, committed 896K, reserved 1048576K
}
Event: 5.574 GC heap before
{Heap before GC invocations=1 (full 0):
 garbage-first heap   total 126976K, used 35392K [0x0000000084200000, 0x0000000100000000)
  region size 1024K, 31 young (31744K), 3 survivors (3072K)
 Metaspace       used 14474K, committed 14848K, reserved 1114112K
  class space    used 1832K, committed 1984K, reserved 1048576K
}
Event: 5.581 GC heap after
{Heap after GC invocations=2 (full 0):
 garbage-first heap   total 126976K, used 10473K [0x0000000084200000, 0x0000000100000000)
  region size 1024K, 3 young (3072K), 3 survivors (3072K)
 Metaspace       used 14474K, committed 14848K, reserved 1114112K
  class space    used 1832K, committed 1984K, reserved 1048576K
}
Event: 9.470 GC heap before
{Heap before GC invocations=2 (full 0):
 garbage-first heap   total 126976K, used 45289K [0x0000000084200000, 0x0000000100000000)
  region size 1024K, 38 young (38912K), 3 survivors (3072K)
 Metaspace       used 21101K, committed 21504K, reserved 1114112K
  class space    used 2623K, committed 2816K, reserved 1048576K
}
Event: 9.477 GC heap after
{Heap after GC invocations=3 (full 0):
 garbage-first heap   total 126976K, used 13970K [0x0000000084200000, 0x0000000100000000)
  region size 1024K, 6 young (6144K), 6 survivors (6144K)
 Metaspace       used 21101K, committed 21504K, reserved 1114112K
  class space    used 2623K, committed 2816K, reserved 1048576K
}
Event: 10.544 GC heap before
{Heap before GC invocations=4 (full 0):
 garbage-first heap   total 48128K, used 47762K [0x0000000084200000, 0x0000000100000000)
  region size 1024K, 39 young (39936K), 6 survivors (6144K)
 Metaspace       used 27827K, committed 28352K, reserved 1114112K
  class space    used 3573K, committed 3776K, reserved 1048576K
}
Event: 10.563 GC heap after
{Heap after GC invocations=5 (full 0):
 garbage-first heap   total 58368K, used 17434K [0x0000000084200000, 0x0000000100000000)
  region size 1024K, 7 young (7168K), 7 survivors (7168K)
 Metaspace       used 27827K, committed 28352K, reserved 1114112K
  class space    used 3573K, committed 3776K, reserved 1048576K
}
Event: 11.353 GC heap before
{Heap before GC invocations=5 (full 0):
 garbage-first heap   total 58368K, used 44058K [0x0000000084200000, 0x0000000100000000)
  region size 1024K, 34 young (34816K), 7 survivors (7168K)
 Metaspace       used 35623K, committed 36096K, reserved 1114112K
  class space    used 4463K, committed 4672K, reserved 1048576K
}
Event: 11.361 GC heap after
{Heap after GC invocations=6 (full 0):
 garbage-first heap   total 58368K, used 19764K [0x0000000084200000, 0x0000000100000000)
  region size 1024K, 3 young (3072K), 3 survivors (3072K)
 Metaspace       used 35623K, committed 36096K, reserved 1114112K
  class space    used 4463K, committed 4672K, reserved 1048576K
}
Event: 11.388 GC heap before
{Heap before GC invocations=6 (full 0):
 garbage-first heap   total 58368K, used 20788K [0x0000000084200000, 0x0000000100000000)
  region size 1024K, 5 young (5120K), 3 survivors (3072K)
 Metaspace       used 35911K, committed 36416K, reserved 1114112K
  class space    used 4494K, committed 4736K, reserved 1048576K
}
Event: 11.391 GC heap after
{Heap after GC invocations=7 (full 0):
 garbage-first heap   total 58368K, used 20023K [0x0000000084200000, 0x0000000100000000)
  region size 1024K, 1 young (1024K), 1 survivors (1024K)
 Metaspace       used 35911K, committed 36416K, reserved 1114112K
  class space    used 4494K, committed 4736K, reserved 1048576K
}
Event: 12.161 GC heap before
{Heap before GC invocations=8 (full 0):
 garbage-first heap   total 58368K, used 47671K [0x0000000084200000, 0x0000000100000000)
  region size 1024K, 29 young (29696K), 1 survivors (1024K)
 Metaspace       used 42743K, committed 43264K, reserved 1114112K
  class space    used 5752K, committed 5952K, reserved 1048576K
}
Event: 12.164 GC heap after
{Heap after GC invocations=9 (full 0):
 garbage-first heap   total 70656K, used 21651K [0x0000000084200000, 0x0000000100000000)
  region size 1024K, 3 young (3072K), 3 survivors (3072K)
 Metaspace       used 42743K, committed 43264K, reserved 1114112K
  class space    used 5752K, committed 5952K, reserved 1048576K
}
Event: 13.028 GC heap before
{Heap before GC invocations=9 (full 0):
 garbage-first heap   total 70656K, used 58515K [0x0000000084200000, 0x0000000100000000)
  region size 1024K, 40 young (40960K), 3 survivors (3072K)
 Metaspace       used 54661K, committed 55232K, reserved 1114112K
  class space    used 7416K, committed 7680K, reserved 1048576K
}
Event: 13.033 GC heap after
{Heap after GC invocations=10 (full 0):
 garbage-first heap   total 70656K, used 23009K [0x0000000084200000, 0x0000000100000000)
  region size 1024K, 4 young (4096K), 4 survivors (4096K)
 Metaspace       used 54661K, committed 55232K, reserved 1114112K
  class space    used 7416K, committed 7680K, reserved 1048576K
}
Event: 13.485 GC heap before
{Heap before GC invocations=10 (full 0):
 garbage-first heap   total 70656K, used 42465K [0x0000000084200000, 0x0000000100000000)
  region size 1024K, 25 young (25600K), 4 survivors (4096K)
 Metaspace       used 60181K, committed 60800K, reserved 1114112K
  class space    used 8323K, committed 8640K, reserved 1048576K
}
Event: 13.490 GC heap after
{Heap after GC invocations=11 (full 0):
 garbage-first heap   total 70656K, used 24009K [0x0000000084200000, 0x0000000100000000)
  region size 1024K, 3 young (3072K), 3 survivors (3072K)
 Metaspace       used 60181K, committed 60800K, reserved 1114112K
  class space    used 8323K, committed 8640K, reserved 1048576K
}

Dll operation events (9 events):
Event: 0.006 Loaded shared library C:\Users\dhaul\.p2\pool\plugins\org.eclipse.justj.openjdk.hotspot.jre.full.win32.x86_64_21.0.10.v20260205-0638\jre\bin\java.dll
Event: 0.031 Loaded shared library C:\Users\dhaul\.p2\pool\plugins\org.eclipse.justj.openjdk.hotspot.jre.full.win32.x86_64_21.0.10.v20260205-0638\jre\bin\zip.dll
Event: 0.075 Loaded shared library C:\Users\dhaul\.p2\pool\plugins\org.eclipse.justj.openjdk.hotspot.jre.full.win32.x86_64_21.0.10.v20260205-0638\jre\bin\net.dll
Event: 0.077 Loaded shared library C:\Users\dhaul\.p2\pool\plugins\org.eclipse.justj.openjdk.hotspot.jre.full.win32.x86_64_21.0.10.v20260205-0638\jre\bin\nio.dll
Event: 0.079 Loaded shared library C:\Users\dhaul\.p2\pool\plugins\org.eclipse.justj.openjdk.hotspot.jre.full.win32.x86_64_21.0.10.v20260205-0638\jre\bin\zip.dll
Event: 0.123 Loaded shared library C:\Users\dhaul\.p2\pool\plugins\org.eclipse.justj.openjdk.hotspot.jre.full.win32.x86_64_21.0.10.v20260205-0638\jre\bin\jimage.dll
Event: 8.911 Loaded shared library C:\Users\dhaul\.p2\pool\plugins\org.eclipse.justj.openjdk.hotspot.jre.full.win32.x86_64_21.0.10.v20260205-0638\jre\bin\sunmscapi.dll
Event: 10.590 Loaded shared library C:\Users\dhaul\.p2\pool\plugins\org.eclipse.justj.openjdk.hotspot.jre.full.win32.x86_64_21.0.10.v20260205-0638\jre\bin\management.dll
Event: 10.599 Loaded shared library C:\Users\dhaul\.p2\pool\plugins\org.eclipse.justj.openjdk.hotspot.jre.full.win32.x86_64_21.0.10.v20260205-0638\jre\bin\management_ext.dll

Deoptimization events (20 events):
Event: 13.588 Thread 0x0000023ea63eadb0 Uncommon trap: trap_request=0xffffff45 fr.pc=0x0000023eb36d9368 relative=0x0000000000003208
Event: 13.588 Thread 0x0000023ea63eadb0 Uncommon trap: reason=unstable_if action=reinterpret pc=0x0000023eb36d9368 method=org.springframework.beans.factory.support.AbstractBeanFactory.isTypeMatch(Ljava/lang/String;Lorg/springframework/core/ResolvableType;Z)Z @ 69 c2
Event: 13.588 Thread 0x0000023ea63eadb0 DEOPT PACKING pc=0x0000023eb36d9368 sp=0x000000f4f51fd2c0
Event: 13.588 Thread 0x0000023ea63eadb0 DEOPT UNPACKING pc=0x0000023eb2f67ba2 sp=0x000000f4f51fd288 mode 2
Event: 13.593 Thread 0x0000023ea63eadb0 Uncommon trap: trap_request=0xfffffff4 fr.pc=0x0000023eb370247c relative=0x000000000000033c
Event: 13.593 Thread 0x0000023ea63eadb0 Uncommon trap: reason=null_check action=make_not_entrant pc=0x0000023eb370247c method=sun.invoke.util.VerifyType.isNullConversion(Ljava/lang/Class;Ljava/lang/Class;Z)Z @ 67 c2
Event: 13.593 Thread 0x0000023ea63eadb0 DEOPT PACKING pc=0x0000023eb370247c sp=0x000000f4f51fc8d0
Event: 13.593 Thread 0x0000023ea63eadb0 DEOPT UNPACKING pc=0x0000023eb2f67ba2 sp=0x000000f4f51fc850 mode 2
Event: 13.596 Thread 0x0000023ea63eadb0 Uncommon trap: trap_request=0xffffff45 fr.pc=0x0000023eb36e6088 relative=0x00000000000006a8
Event: 13.596 Thread 0x0000023ea63eadb0 Uncommon trap: reason=unstable_if action=reinterpret pc=0x0000023eb36e6088 method=org.springframework.core.annotation.AnnotationsScanner.getBaseTypeMethods(Ljava/lang/Object;Ljava/lang/Class;)[Ljava/lang/reflect/Method; @ 71 c2
Event: 13.596 Thread 0x0000023ea63eadb0 DEOPT PACKING pc=0x0000023eb36e6088 sp=0x000000f4f51fc920
Event: 13.596 Thread 0x0000023ea63eadb0 DEOPT UNPACKING pc=0x0000023eb2f67ba2 sp=0x000000f4f51fc8d8 mode 2
Event: 13.601 Thread 0x0000023ea63eadb0 Uncommon trap: trap_request=0xffffff45 fr.pc=0x0000023eb34bba04 relative=0x00000000000001e4
Event: 13.601 Thread 0x0000023ea63eadb0 Uncommon trap: reason=unstable_if action=reinterpret pc=0x0000023eb34bba04 method=java.util.ArrayDeque.addLast(Ljava/lang/Object;)V @ 42 c2
Event: 13.601 Thread 0x0000023ea63eadb0 DEOPT PACKING pc=0x0000023eb34bba04 sp=0x000000f4f51fd2e0
Event: 13.601 Thread 0x0000023ea63eadb0 DEOPT UNPACKING pc=0x0000023eb2f67ba2 sp=0x000000f4f51fd290 mode 2
Event: 13.612 Thread 0x0000023ea63eadb0 Uncommon trap: trap_request=0xfffffff4 fr.pc=0x0000023eb3787de4 relative=0x0000000000001e24
Event: 13.612 Thread 0x0000023ea63eadb0 Uncommon trap: reason=null_check action=make_not_entrant pc=0x0000023eb3787de4 method=java.lang.Class.getMethodsRecursive(Ljava/lang/String;[Ljava/lang/Class;Z)Ljava/lang/PublicMethods$MethodList; @ 26 c2
Event: 13.612 Thread 0x0000023ea63eadb0 DEOPT PACKING pc=0x0000023eb3787de4 sp=0x000000f4f51fd330
Event: 13.612 Thread 0x0000023ea63eadb0 DEOPT UNPACKING pc=0x0000023eb2f67ba2 sp=0x000000f4f51fd318 mode 2

Classes loaded (20 events):
Event: 13.074 Loading class java/util/ArrayList$ListItr
Event: 13.074 Loading class java/util/ArrayList$ListItr done
Event: 13.153 Loading class java/util/AbstractList$SubList
Event: 13.153 Loading class java/util/AbstractList$SubList done
Event: 13.169 Loading class java/lang/reflect/AnnotatedArrayType
Event: 13.169 Loading class java/lang/reflect/AnnotatedArrayType done
Event: 13.197 Loading class java/lang/foreign/ValueLayout
Event: 13.197 Loading class java/lang/foreign/MemoryLayout
Event: 13.197 Loading class java/lang/foreign/MemoryLayout done
Event: 13.198 Loading class java/lang/foreign/ValueLayout done
Event: 13.201 Loading class jdk/internal/org/objectweb/asm/ClassReader
Event: 13.201 Loading class jdk/internal/org/objectweb/asm/ClassReader done
Event: 13.530 Loading class sun/security/provider/SecureRandom
Event: 13.530 Loading class sun/security/provider/SecureRandom done
Event: 13.563 Loading class javax/naming/Reference
Event: 13.563 Loading class javax/naming/Reference done
Event: 13.595 Loading class java/lang/SafeVarargs
Event: 13.595 Loading class java/lang/SafeVarargs done
Event: 13.599 Loading class sun/reflect/generics/reflectiveObjects/GenericArrayTypeImpl
Event: 13.599 Loading class sun/reflect/generics/reflectiveObjects/GenericArrayTypeImpl done

Classes unloaded (0 events):
No events

Classes redefined (0 events):
No events

Internal exceptions (20 events):
Event: 11.276 Thread 0x0000023ea63eadb0 Exception <a 'java/lang/NoSuchMethodError'{0x0000000085864720}: 'java.lang.Object java.lang.invoke.DirectMethodHandle$Holder.invokeStaticInit(java.lang.Object, java.lang.Object, java.lang.Object, java.lang.Object)'> (0x0000000085864720) 
thrown [s\src\hotspot\share\interpreter\linkResolver.cpp, line 773]
Event: 11.323 Thread 0x0000023ea63eadb0 Exception <a 'java/lang/NoSuchMethodError'{0x00000000857f9d90}: 'void java.lang.invoke.DelegatingMethodHandle$Holder.reinvoke_L(java.lang.Object, java.lang.Object, java.lang.Object, java.lang.Object, int, java.lang.Object, java.lang.Object, java.lang.Object)'> (0x00000000857f9d90) 
thrown [s\src\hotspot\share\interpreter\linkResolver.cpp, line 773]
Event: 12.370 Thread 0x0000023ea63eadb0 Exception <a 'java/lang/NoSuchMethodError'{0x0000000087b44ca0}: 'int java.lang.invoke.Invokers$Holder.invokeExact_MT(java.lang.Object, java.lang.Object)'> (0x0000000087b44ca0) 
thrown [s\src\hotspot\share\interpreter\linkResolver.cpp, line 773]
Event: 12.417 Thread 0x0000023ea63eadb0 Exception <a 'java/lang/NoSuchMethodError'{0x0000000087aa8590}: 'java.lang.Object java.lang.invoke.DirectMethodHandle$Holder.newInvokeSpecial(java.lang.Object, java.lang.Object, java.lang.Object, java.lang.Object, java.lang.Object, int, java.lang.Object)'> (0x0000000087aa8590) 
thrown [s\src\hotspot\share\interpreter\linkResolver.cpp, line 773]
Event: 12.645 Thread 0x0000023ea63eadb0 Exception <a 'java/lang/NoSuchMethodError'{0x00000000871b33e8}: 'java.lang.Object java.lang.invoke.DirectMethodHandle$Holder.newInvokeSpecial(java.lang.Object, java.lang.Object, int)'> (0x00000000871b33e8) 
thrown [s\src\hotspot\share\interpreter\linkResolver.cpp, line 773]
Event: 12.753 Thread 0x0000023ea63eadb0 Exception <a 'java/lang/IncompatibleClassChangeError'{0x0000000086bc3988}: Found class java.lang.Object, but interface was expected> (0x0000000086bc3988) 
thrown [s\src\hotspot\share\interpreter\linkResolver.cpp, line 840]
Event: 12.772 Thread 0x0000023ea63eadb0 Exception <a 'java/lang/NoSuchMethodError'{0x0000000086aa17b8}: 'java.lang.Object java.lang.invoke.DirectMethodHandle$Holder.invokeStatic(java.lang.Object, java.lang.Object, int, java.lang.Object)'> (0x0000000086aa17b8) 
thrown [s\src\hotspot\share\interpreter\linkResolver.cpp, line 773]
Event: 12.773 Thread 0x0000023ea63eadb0 Exception <a 'java/lang/NoSuchMethodError'{0x0000000086aa4fc0}: 'java.lang.Object java.lang.invoke.DirectMethodHandle$Holder.invokeStaticInit(java.lang.Object, java.lang.Object, int, java.lang.Object)'> (0x0000000086aa4fc0) 
thrown [s\src\hotspot\share\interpreter\linkResolver.cpp, line 773]
Event: 13.296 Thread 0x0000023ea63eadb0 Exception <a 'java/lang/NoSuchMethodError'{0x000000008771d6d8}: 'void java.lang.invoke.DirectMethodHandle$Holder.invokeInterface(java.lang.Object, java.lang.Object, int, java.lang.Object)'> (0x000000008771d6d8) 
thrown [s\src\hotspot\share\interpreter\linkResolver.cpp, line 773]
Event: 13.300 Thread 0x0000023ea63eadb0 Exception <a 'java/lang/NoSuchMethodError'{0x000000008774c110}: 'java.lang.Object java.lang.invoke.DirectMethodHandle$Holder.newInvokeSpecial(java.lang.Object, java.lang.Object, int, java.lang.Object)'> (0x000000008774c110) 
thrown [s\src\hotspot\share\interpreter\linkResolver.cpp, line 773]
Event: 13.324 Thread 0x0000023ea63eadb0 Exception <a 'java/lang/NoSuchMethodError'{0x00000000876212b0}: 'void java.lang.invoke.DirectMethodHandle$Holder.invokeSpecial(java.lang.Object, java.lang.Object, java.lang.Object, java.lang.Object, java.lang.Object, java.lang.Object, java.lang.Object, java.lang.Object)'> (0x00000000876212b0) 
thrown [s\src\hotspot\share\interpreter\linkResolver.cpp, line 773]
Event: 13.330 Thread 0x0000023ea63eadb0 Exception <a 'java/lang/NoSuchMethodError'{0x0000000087664298}: 'void java.lang.invoke.DirectMethodHandle$Holder.invokeSpecial(java.lang.Object, java.lang.Object, int, java.lang.Object)'> (0x0000000087664298) 
thrown [s\src\hotspot\share\interpreter\linkResolver.cpp, line 773]
Event: 13.355 Thread 0x0000023ea63eadb0 Exception <a 'java/lang/NoSuchMethodError'{0x00000000875bd070}: 'int java.lang.invoke.DirectMethodHandle$Holder.invokeStatic(java.lang.Object, int, java.lang.Object)'> (0x00000000875bd070) 
thrown [s\src\hotspot\share\interpreter\linkResolver.cpp, line 773]
Event: 13.359 Thread 0x0000023ea63eadb0 Exception <a 'java/lang/NoSuchMethodError'{0x0000000087409818}: 'java.lang.Object java.lang.invoke.Invokers$Holder.linkToTargetMethod(java.lang.Object, java.lang.Object, java.lang.Object, java.lang.Object, java.lang.Object, java.lang.Object, java.lang.Object, java.lang.Object, java.lang.Object, java.lang.Object, java.lang.Object, java.lang.Object)'> (0x0000000087409818) 
thrown [s\src\hotspot\share\interpreter\linkResolver.cpp, line 773]
Event: 13.393 Thread 0x0000023ea63eadb0 Exception <a 'java/lang/IncompatibleClassChangeError'{0x000000008737e460}: Found class java.lang.Object, but interface was expected> (0x000000008737e460) 
thrown [s\src\hotspot\share\interpreter\linkResolver.cpp, line 840]
Event: 13.424 Thread 0x0000023ea63eadb0 Exception <a 'java/lang/NoSuchMethodError'{0x00000000872cc618}: 'java.lang.Object java.lang.invoke.DirectMethodHandle$Holder.newInvokeSpecial(java.lang.Object, java.lang.Object, int, java.lang.Object, int, java.lang.Object, java.lang.Object)'> (0x00000000872cc618) 
thrown [s\src\hotspot\share\interpreter\linkResolver.cpp, line 773]
Event: 13.593 Thread 0x0000023ea63eadb0 Implicit null exception at 0x0000023eb37021f7 to 0x0000023eb3702468
Event: 13.612 Thread 0x0000023ea63eadb0 Implicit null exception at 0x0000023eb37862dc to 0x0000023eb3787dc8
Event: 13.621 Thread 0x0000023ea63eadb0 Exception <a 'java/lang/IncompatibleClassChangeError'{0x00000000892563e0}: Found class java.lang.Object, but interface was expected> (0x00000000892563e0) 
thrown [s\src\hotspot\share\interpreter\linkResolver.cpp, line 840]
Event: 13.685 Thread 0x0000023ea63eadb0 Exception <a 'java/lang/IncompatibleClassChangeError'{0x0000000087ce64f0}: Found class java.lang.Object, but interface was expected> (0x0000000087ce64f0) 
thrown [s\src\hotspot\share\interpreter\linkResolver.cpp, line 840]

ZGC Phase Switch (0 events):
No events

VM Operations (20 events):
Event: 12.161 Executing safepoint VM operation: G1CollectForAllocation (G1 Evacuation Pause)
Event: 12.164 Executing safepoint VM operation: G1CollectForAllocation (G1 Evacuation Pause) done
Event: 13.027 Executing safepoint VM operation: G1CollectForAllocation (G1 Evacuation Pause)
Event: 13.033 Executing safepoint VM operation: G1CollectForAllocation (G1 Evacuation Pause) done
Event: 13.071 Executing non-safepoint VM operation: HandshakeAllThreads (Deoptimize)
Event: 13.071 Executing non-safepoint VM operation: HandshakeAllThreads (Deoptimize) done
Event: 13.074 Executing non-safepoint VM operation: HandshakeAllThreads (Deoptimize)
Event: 13.074 Executing non-safepoint VM operation: HandshakeAllThreads (Deoptimize) done
Event: 13.101 Executing non-safepoint VM operation: HandshakeAllThreads (Deoptimize)
Event: 13.101 Executing non-safepoint VM operation: HandshakeAllThreads (Deoptimize) done
Event: 13.241 Executing safepoint VM operation: ICBufferFull
Event: 13.241 Executing safepoint VM operation: ICBufferFull done
Event: 13.485 Executing safepoint VM operation: CollectForMetadataAllocation (Metadata GC Threshold)
Event: 13.490 Executing safepoint VM operation: CollectForMetadataAllocation (Metadata GC Threshold) done
Event: 13.505 Executing safepoint VM operation: G1PauseRemark
Event: 13.510 Executing safepoint VM operation: G1PauseRemark done
Event: 13.517 Executing safepoint VM operation: G1PauseCleanup
Event: 13.517 Executing safepoint VM operation: G1PauseCleanup done
Event: 14.523 Executing safepoint VM operation: Cleanup
Event: 14.523 Executing safepoint VM operation: Cleanup done

Memory protections (0 events):
No events

Nmethod flushes (20 events):
Event: 13.508 Thread 0x0000023ec039fca0 flushing  nmethod 0x0000023eabbfbf10
Event: 13.508 Thread 0x0000023ec039fca0 flushing  nmethod 0x0000023eabbfd410
Event: 13.508 Thread 0x0000023ec039fca0 flushing  nmethod 0x0000023eabbfd890
Event: 13.508 Thread 0x0000023ec039fca0 flushing  nmethod 0x0000023eabbff710
Event: 13.508 Thread 0x0000023ec039fca0 flushing  nmethod 0x0000023eabc48a90
Event: 13.508 Thread 0x0000023ec039fca0 flushing  nmethod 0x0000023eabd87490
Event: 13.508 Thread 0x0000023ec039fca0 flushing  nmethod 0x0000023eabd88290
Event: 13.508 Thread 0x0000023ec039fca0 flushing  nmethod 0x0000023eabd8e690
Event: 13.508 Thread 0x0000023ec039fca0 flushing  nmethod 0x0000023eabdbb990
Event: 13.508 Thread 0x0000023ec039fca0 flushing  nmethod 0x0000023eabddea10
Event: 13.508 Thread 0x0000023ec039fca0 flushing  nmethod 0x0000023eabde7010
Event: 13.508 Thread 0x0000023ec039fca0 flushing  nmethod 0x0000023eabf2c490
Event: 13.508 Thread 0x0000023ec039fca0 flushing  nmethod 0x0000023eabf58010
Event: 13.508 Thread 0x0000023ec039fca0 flushing  nmethod 0x0000023eabf59e90
Event: 13.508 Thread 0x0000023ec039fca0 flushing  nmethod 0x0000023eabf5ad10
Event: 13.508 Thread 0x0000023ec039fca0 flushing  nmethod 0x0000023eabf5bb10
Event: 13.508 Thread 0x0000023ec039fca0 flushing  nmethod 0x0000023eabf5cb90
Event: 13.508 Thread 0x0000023ec039fca0 flushing  nmethod 0x0000023eabf5d590
Event: 13.508 Thread 0x0000023ec039fca0 flushing  nmethod 0x0000023eabfc4890
Event: 13.508 Thread 0x0000023ec039fca0 flushing  nmethod 0x0000023eac027890

Events (20 events):
Event: 0.032 Thread 0x0000023ea63eadb0 Thread added: 0x0000023ec0608090
Event: 0.032 Thread 0x0000023ea63eadb0 Thread added: 0x0000023ec03d72e0
Event: 0.069 Thread 0x0000023ea63eadb0 Thread added: 0x0000023ec03d5a80
Event: 0.071 Thread 0x0000023ea63eadb0 Thread added: 0x0000023ec03d67a0
Event: 0.137 Thread 0x0000023ec03d72e0 Thread added: 0x0000023ec0843ed0
Event: 0.307 Thread 0x0000023ec0843ed0 Thread exited: 0x0000023ec0843ed0
Event: 4.266 Thread 0x0000023ea63eadb0 Thread added: 0x0000023ec03d3320
Event: 5.426 Thread 0x0000023ec03d72e0 Thread added: 0x0000023f06c9ef10
Event: 8.834 Thread 0x0000023ec03d72e0 Thread added: 0x0000023f07471750
Event: 8.840 Thread 0x0000023ea63eadb0 Thread added: 0x0000023ec03d39b0
Event: 8.943 Thread 0x0000023ec03d39b0 Thread exited: 0x0000023ec03d39b0
Event: 9.008 Thread 0x0000023ec03d3320 Thread exited: 0x0000023ec03d3320
Event: 10.786 Thread 0x0000023ea63eadb0 Thread added: 0x0000023ec03d6110
Event: 10.787 Thread 0x0000023ec03d6110 Thread added: 0x0000023ec03d53f0
Event: 10.791 Thread 0x0000023ea63eadb0 Thread added: 0x0000023ec03d3320
Event: 11.265 Thread 0x0000023ea63eadb0 Thread added: 0x0000023ec03d46d0
Event: 11.372 Thread 0x0000023ec03d46d0 Thread added: 0x0000023ec03d39b0
Event: 12.366 Thread 0x0000023f07471750 Thread exited: 0x0000023f07471750
Event: 13.531 Thread 0x0000023ea63eadb0 Thread added: 0x0000023f076d50a0
Event: 13.532 Thread 0x0000023f076d50a0 Thread exited: 0x0000023f076d50a0


Dynamic libraries:
0x00007ff675010000 - 0x00007ff67501e000 	C:\Users\dhaul\.p2\pool\plugins\org.eclipse.justj.openjdk.hotspot.jre.full.win32.x86_64_21.0.10.v20260205-0638\jre\bin\javaw.exe
0x00007ffe913e0000 - 0x00007ffe91647000 	C:\WINDOWS\SYSTEM32\ntdll.dll
0x00007ffe8fbb0000 - 0x00007ffe8fc79000 	C:\WINDOWS\System32\KERNEL32.DLL
0x00007ffe8de30000 - 0x00007ffe8e221000 	C:\WINDOWS\System32\KERNELBASE.dll
0x00007ffe8e660000 - 0x00007ffe8e7ab000 	C:\WINDOWS\System32\ucrtbase.dll
0x00007ffe7af90000 - 0x00007ffe7afa8000 	C:\Users\dhaul\.p2\pool\plugins\org.eclipse.justj.openjdk.hotspot.jre.full.win32.x86_64_21.0.10.v20260205-0638\jre\bin\jli.dll
0x00007ffe72a90000 - 0x00007ffe72aae000 	C:\Users\dhaul\.p2\pool\plugins\org.eclipse.justj.openjdk.hotspot.jre.full.win32.x86_64_21.0.10.v20260205-0638\jre\bin\VCRUNTIME140.dll
0x00007ffe8f180000 - 0x00007ffe8f345000 	C:\WINDOWS\System32\USER32.dll
0x00007ffe71f20000 - 0x00007ffe721b3000 	C:\WINDOWS\WinSxS\amd64_microsoft.windows.common-controls_6595b64144ccf1df_6.0.26100.8037_none_3e092faae333b53b\COMCTL32.dll
0x00007ffe8e8e0000 - 0x00007ffe8e907000 	C:\WINDOWS\System32\win32u.dll
0x00007ffe90dd0000 - 0x00007ffe90e79000 	C:\WINDOWS\System32\msvcrt.dll
0x00007ffe90ac0000 - 0x00007ffe90aeb000 	C:\WINDOWS\System32\GDI32.dll
0x00007ffe8e7b0000 - 0x00007ffe8e8db000 	C:\WINDOWS\System32\gdi32full.dll
0x00007ffe8e2e0000 - 0x00007ffe8e383000 	C:\WINDOWS\System32\msvcp_win.dll
0x00007ffe904e0000 - 0x00007ffe90511000 	C:\WINDOWS\System32\IMM32.DLL
0x00007ffe7af80000 - 0x00007ffe7af8c000 	C:\Users\dhaul\.p2\pool\plugins\org.eclipse.justj.openjdk.hotspot.jre.full.win32.x86_64_21.0.10.v20260205-0638\jre\bin\vcruntime140_1.dll
0x00007ffe411a0000 - 0x00007ffe4122d000 	C:\Users\dhaul\.p2\pool\plugins\org.eclipse.justj.openjdk.hotspot.jre.full.win32.x86_64_21.0.10.v20260205-0638\jre\bin\msvcp140.dll
0x00007ffdffc80000 - 0x00007ffe00a21000 	C:\Users\dhaul\.p2\pool\plugins\org.eclipse.justj.openjdk.hotspot.jre.full.win32.x86_64_21.0.10.v20260205-0638\jre\bin\server\jvm.dll
0x00007ffe8fc80000 - 0x00007ffe8fd3b000 	C:\WINDOWS\System32\ADVAPI32.dll
0x00007ffe90d20000 - 0x00007ffe90dc7000 	C:\WINDOWS\System32\sechost.dll
0x00007ffe90af0000 - 0x00007ffe90c08000 	C:\WINDOWS\System32\RPCRT4.dll
0x00007ffe91300000 - 0x00007ffe91374000 	C:\WINDOWS\System32\WS2_32.dll
0x00007ffe8db40000 - 0x00007ffe8db9e000 	C:\WINDOWS\SYSTEM32\POWRPROF.dll
0x00007ffe7c380000 - 0x00007ffe7c38b000 	C:\WINDOWS\SYSTEM32\VERSION.dll
0x00007ffe85120000 - 0x00007ffe85155000 	C:\WINDOWS\SYSTEM32\WINMM.dll
0x00007ffe8db00000 - 0x00007ffe8db14000 	C:\WINDOWS\SYSTEM32\UMPDC.dll
0x00007ffe8ca50000 - 0x00007ffe8ca6b000 	C:\WINDOWS\SYSTEM32\kernel.appcore.dll
0x00007ffe86450000 - 0x00007ffe8645a000 	C:\Users\dhaul\.p2\pool\plugins\org.eclipse.justj.openjdk.hotspot.jre.full.win32.x86_64_21.0.10.v20260205-0638\jre\bin\jimage.dll
0x00007ffe8bac0000 - 0x00007ffe8bd02000 	C:\WINDOWS\SYSTEM32\DBGHELP.DLL
0x00007ffe8ff20000 - 0x00007ffe902a2000 	C:\WINDOWS\System32\combase.dll
0x00007ffe909e0000 - 0x00007ffe90ab7000 	C:\WINDOWS\System32\OLEAUT32.dll
0x00007ffe69010000 - 0x00007ffe6904b000 	C:\WINDOWS\SYSTEM32\dbgcore.DLL
0x00007ffe8e230000 - 0x00007ffe8e2d5000 	C:\WINDOWS\System32\bcryptPrimitives.dll
0x00007ffe7ea40000 - 0x00007ffe7ea60000 	C:\Users\dhaul\.p2\pool\plugins\org.eclipse.justj.openjdk.hotspot.jre.full.win32.x86_64_21.0.10.v20260205-0638\jre\bin\java.dll
0x00007ffe8f440000 - 0x00007ffe8fb9f000 	C:\WINDOWS\System32\SHELL32.dll
0x00007ffe8dcc0000 - 0x00007ffe8de2a000 	C:\WINDOWS\System32\wintypes.dll
0x00007ffe8e910000 - 0x00007ffe8f174000 	C:\WINDOWS\System32\windows.storage.dll
0x00007ffe90c10000 - 0x00007ffe90d07000 	C:\WINDOWS\System32\SHCORE.dll
0x00007ffe8f370000 - 0x00007ffe8f3d7000 	C:\WINDOWS\System32\shlwapi.dll
0x00007ffe8dbe0000 - 0x00007ffe8dc09000 	C:\WINDOWS\SYSTEM32\profapi.dll
0x00007ffe7e9c0000 - 0x00007ffe7e9d8000 	C:\Users\dhaul\.p2\pool\plugins\org.eclipse.justj.openjdk.hotspot.jre.full.win32.x86_64_21.0.10.v20260205-0638\jre\bin\zip.dll
0x00007ffe7e950000 - 0x00007ffe7e960000 	C:\Users\dhaul\.p2\pool\plugins\org.eclipse.justj.openjdk.hotspot.jre.full.win32.x86_64_21.0.10.v20260205-0638\jre\bin\net.dll
0x00007ffe7ec90000 - 0x00007ffe7edb7000 	C:\WINDOWS\SYSTEM32\WINHTTP.dll
0x00007ffe8cfc0000 - 0x00007ffe8d02b000 	C:\WINDOWS\system32\mswsock.dll
0x00007ffe7e3d0000 - 0x00007ffe7e3e6000 	C:\Users\dhaul\.p2\pool\plugins\org.eclipse.justj.openjdk.hotspot.jre.full.win32.x86_64_21.0.10.v20260205-0638\jre\bin\nio.dll
0x00007ffe7b810000 - 0x00007ffe7b81e000 	C:\Users\dhaul\.p2\pool\plugins\org.eclipse.justj.openjdk.hotspot.jre.full.win32.x86_64_21.0.10.v20260205-0638\jre\bin\sunmscapi.dll
0x00007ffe8e450000 - 0x00007ffe8e5c7000 	C:\WINDOWS\System32\CRYPT32.dll
0x00007ffe8d4c0000 - 0x00007ffe8d4f0000 	C:\WINDOWS\SYSTEM32\ncrypt.dll
0x00007ffe8d470000 - 0x00007ffe8d4af000 	C:\WINDOWS\SYSTEM32\NTASN1.dll
0x00007ffe8d2a0000 - 0x00007ffe8d2bb000 	C:\WINDOWS\SYSTEM32\CRYPTSP.dll
0x00007ffe8c9b0000 - 0x00007ffe8c9e9000 	C:\WINDOWS\system32\rsaenh.dll
0x00007ffe8d070000 - 0x00007ffe8d0a2000 	C:\WINDOWS\SYSTEM32\USERENV.dll
0x00007ffe8dbb0000 - 0x00007ffe8dbda000 	C:\WINDOWS\SYSTEM32\bcrypt.dll
0x00007ffe8d2c0000 - 0x00007ffe8d2cc000 	C:\WINDOWS\SYSTEM32\CRYPTBASE.dll
0x00007ffe8c340000 - 0x00007ffe8c373000 	C:\WINDOWS\SYSTEM32\IPHLPAPI.DLL
0x00007ffe8f360000 - 0x00007ffe8f36a000 	C:\WINDOWS\System32\NSI.dll
0x00007ffe7ad20000 - 0x00007ffe7ad2a000 	C:\Users\dhaul\.p2\pool\plugins\org.eclipse.justj.openjdk.hotspot.jre.full.win32.x86_64_21.0.10.v20260205-0638\jre\bin\management.dll
0x00007ffe7a280000 - 0x00007ffe7a28c000 	C:\Users\dhaul\.p2\pool\plugins\org.eclipse.justj.openjdk.hotspot.jre.full.win32.x86_64_21.0.10.v20260205-0638\jre\bin\management_ext.dll
0x00007ffe8f350000 - 0x00007ffe8f358000 	C:\WINDOWS\System32\PSAPI.DLL

JVMTI agents: none

dbghelp: loaded successfully - version: 4.0.5 - missing functions: none
symbol engine: initialized successfully - sym options: 0x614 - pdb path: .;C:\Users\dhaul\.p2\pool\plugins\org.eclipse.justj.openjdk.hotspot.jre.full.win32.x86_64_21.0.10.v20260205-0638\jre\bin;C:\WINDOWS\SYSTEM32;C:\WINDOWS\WinSxS\amd64_microsoft.windows.common-controls_6595b64144ccf1df_6.0.26100.8037_none_3e092faae333b53b;C:\Users\dhaul\.p2\pool\plugins\org.eclipse.justj.openjdk.hotspot.jre.full.win32.x86_64_21.0.10.v20260205-0638\jre\bin\server

VM Arguments:
jvm_args: -Dfile.encoding=UTF-8 -Dstdout.encoding=UTF-8 -Dstderr.encoding=UTF-8 -XX:+ShowCodeDetailsInExceptionMessages 
java_command: com.dimple.placement.PlacementApplication
java_class_path (initial): C:\Users\dhaul\Desktop\MCA JIMS\Sem 2\Minor\placement\placement\target\classes;C:\Users\dhaul\.m2\repository\org\springframework\boot\spring-boot-h2console\4.0.5\spring-boot-h2console-4.0.5.jar;C:\Users\dhaul\.m2\repository\org\springframework\boot\spring-boot\4.0.5\spring-boot-4.0.5.jar;C:\Users\dhaul\.m2\repository\org\springframework\spring-core\7.0.6\spring-core-7.0.6.jar;C:\Users\dhaul\.m2\repository\commons-logging\commons-logging\1.3.6\commons-logging-1.3.6.jar;C:\Users\dhaul\.m2\repository\org\jspecify\jspecify\1.0.0\jspecify-1.0.0.jar;C:\Users\dhaul\.m2\repository\org\springframework\spring-context\7.0.6\spring-context-7.0.6.jar;C:\Users\dhaul\.m2\repository\org\springframework\spring-aop\7.0.6\spring-aop-7.0.6.jar;C:\Users\dhaul\.m2\repository\org\springframework\spring-beans\7.0.6\spring-beans-7.0.6.jar;C:\Users\dhaul\.m2\repository\org\springframework\spring-expression\7.0.6\spring-expression-7.0.6.jar;C:\Users\dhaul\.m2\repository\io\micrometer\micrometer-observation\1.16.4\micrometer-observation-1.16.4.jar;C:\Users\dhaul\.m2\repository\io\micrometer\micrometer-commons\1.16.4\micrometer-commons-1.16.4.jar;C:\Users\dhaul\.m2\repository\jakarta\servlet\jakarta.servlet-api\6.1.0\jakarta.servlet-api-6.1.0.jar;C:\Users\dhaul\.m2\repository\org\springframework\boot\spring-boot-starter-data-jpa\4.0.5\spring-boot-starter-data-jpa-4.0.5.jar;C:\Users\dhaul\.m2\repository\org\springframework\boot\spring-boot-starter\4.0.5\spring-boot-starter-4.0.5.jar;C:\Users\dhaul\.m2\repository\org\springframework\boot\spring-boot-starter-logging\4.0.5\spring-boot-starter-logging-4.0.5.jar;C:\Users\dhaul\.m2\repository\ch\qos\logback\logback-classic\1.5.32\logback-classic-1.5.32.jar;C:\Users\dhaul\.m2\repository\ch\qos\logback\logback-core\1.5.32\logback-core-1.5.32.jar;C:\Users\dhaul\.m2\repository\org\apache\logging\log4j\log4j-to-slf4j\2.25.3\log4j-to-slf4j-2.25.3.jar;C:\Users\dhaul\.m2\repository\org\apache\logging\log4j\log4j-api\2.25.3\log4j-api-2.25.3.jar;C:\Users\dhaul\.m2\repository\org\slf4j\jul-to-slf4j\2.0.17\jul-to-slf4j-2.0.17.jar;C:\Users\dhaul\.m2\repository\org\springframework\boot\spring-boot-autoconfigure\4.0.5\spring-boot-autoconfigure-4.0.5.jar;C:\Users\dhaul\.m2\repository\jakarta\annotation\jakarta.annotation-api\3.0.0\jakarta.annotation-api-3.0.0.jar;C:\Users\dhaul\.m2\repository\org\yaml\snakeyaml\2.5\snakeyaml-2.5.jar;C:\Users\dhaul\.m2\repository\org\springframework\boot\spring-boot-starter-jdbc\4.0.5\spring-boot-starter-jdbc-4.0.5.jar;C:\Users\dhaul\.m2\repository\com\zaxxer\HikariCP\7.0.2\HikariCP-7.0.2.jar;C:\Users\dhaul\.m2\repository\org\slf4j\slf4j-api\2.0.17\slf4j-api-2.0.17.jar;C:\Users\dhaul\.m2\repository\org\springframework\boot\spring-boot-data-jpa\4.0.5\spring-boot-data-jpa-4.0.5.jar;C:\Users\dhaul\.m2\repository\org\springframework\boot\spring-boot-data-commons\4.0.5\spring-boot-data-commons-4.0.5.jar;C:\Users\dhaul\.m2\repository\org\springframework\boot\spring-boot-persistence\4.0.5\spring-boot-persistence-4.0.5.jar;C:\Users\dhaul\.m2\repository\org\springframework\data\spring-data-commons\4.0.4\spring-data-commons-4.0.4.jar;C:\Users\dhaul\.m2\repository\org\springframework\boot\spring-boot-hibernate\4.0.5\spring-boot-hibernate-4.0.5.jar;C:\Users\dhaul\.m2\repository\org\springframework\boot\spring-boot-jpa\4.0.5\spring-boot-jpa-4.0.5.jar;C:\Users\dhaul\.m2\repository\jakarta\persistence\jakarta.persistence-api\3.2.0\jakarta.persistence-api-3.2.0.jar;C:\Users\dhaul\.m2\repository\org\hibernate\orm\hibernate-core\7.2.7.Final\hibernate-core-7.2.7.Final.jar;C:\Users\dhaul\.m2\repository\jakarta\transaction\jakarta.transaction-api\2.0.1\jakarta.transaction-api-2.0.1.jar;C:\Users\dhaul\.m2\repository\org\jboss\logging\jboss-logging\3.6.3.Final\jboss-logging-3.6.3.Final.jar;C:\Users\dhaul\.m2\repository\org\hibernate\models\hibernate-models\1.0.1\hibernate-models-1.0.1.jar;C:\Users\dhaul\.m2\repository\com\fasterxml\classmate\1.7.3\classmate-1.7.3.jar;C:\Users\dhaul\.m2\repository\org\glassfish\jaxb\jaxb-runtime\4.0.6\jaxb-runtime-4.0.6.jar;C:\Users\dhaul\.m2\repository\org\glassfish\jaxb\jaxb-core\4.0.6\jaxb-core-4.0.6.jar;C:\Users\dhaul\.m2\repository\org\eclipse\angus\angus-activation\2.0.3\angus-activation-2.0.3.jar;C:\Users\dhaul\.m2\repository\org\glassfish\jaxb\txw2\4.0.6\txw2-4.0.6.jar;C:\Users\dhaul\.m2\repository\com\sun\istack\istack-commons-runtime\4.1.2\istack-commons-runtime-4.1.2.jar;C:\Users\dhaul\.m2\repository\jakarta\inject\jakarta.inject-api\2.0.1\jakarta.inject-api-2.0.1.jar;C:\Users\dhaul\.m2\repository\org\springframework\spring-orm\7.0.6\spring-orm-7.0.6.jar;C:\Users\dhaul\.m2\repository\org\springframework\data\spring-data-jpa\4.0.4\spring-data-jpa-4.0.4.jar;C:\Users\dhaul\.m2\repository\org\springframework\spring-tx\7.0.6\spring-tx-7.0.6.jar;C:\Users\dhaul\.m2\repository\org\antlr\antlr4-runtime\4.13.2\antlr4-runtime-4.13.2.jar;C:\Users\dhaul\.m2\repository\org\springframework\spring-aspects\7.0.6\spring-aspects-7.0.6.jar;C:\Users\dhaul\.m2\repository\org\aspectj\aspectjweaver\1.9.25.1\aspectjweaver-1.9.25.1.jar;C:\Users\dhaul\.m2\repository\org\springframework\boot\spring-boot-jdbc\4.0.5\spring-boot-jdbc-4.0.5.jar;C:\Users\dhaul\.m2\repository\org\springframework\boot\spring-boot-sql\4.0.5\spring-boot-sql-4.0.5.jar;C:\Users\dhaul\.m2\repository\org\springframework\boot\spring-boot-transaction\4.0.5\spring-boot-transaction-4.0.5.jar;C:\Users\dhaul\.m2\repository\org\springframework\spring-jdbc\7.0.6\spring-jdbc-7.0.6.jar;C:\Users\dhaul\.m2\repository\org\springframework\boot\spring-boot-starter-webmvc\4.0.5\spring-boot-starter-webmvc-4.0.5.jar;C:\Users\dhaul\.m2\repository\org\springframework\boot\spring-boot-starter-jackson\4.0.5\spring-boot-starter-jackson-4.0.5.jar;C:\Users\dhaul\.m2\repository\org\springframework\boot\spring-boot-jackson\4.0.5\spring-boot-jackson-4.0.5.jar;C:\Users\dhaul\.m2\repository\tools\jackson\core\jackson-databind\3.1.0\jackson-databind-3.1.0.jar;C:\Users\dhaul\.m2\repository\com\fasterxml\jackson\core\jackson-annotations\2.21\jackson-annotations-2.21.jar;C:\Users\dhaul\.m2\repository\tools\jackson\core\jackson-core\3.1.0\jackson-core-3.1.0.jar;C:\Users\dhaul\.m2\repository\org\springframework\boot\spring-boot-starter-tomcat\4.0.5\spring-boot-starter-tomcat-4.0.5.jar;C:\Users\dhaul\.m2\repository\org\springframework\boot\spring-boot-starter-tomcat-runtime\4.0.5\spring-boot-starter-tomcat-runtime-4.0.5.jar;C:\Users\dhaul\.m2\repository\org\apache\tomcat\embed\tomcat-embed-core\11.0.20\tomcat-embed-core-11.0.20.jar;C:\Users\dhaul\.m2\repository\org\apache\tomcat\embed\tomcat-embed-el\11.0.20\tomcat-embed-el-11.0.20.jar;C:\Users\dhaul\.m2\repository\org\apache\tomcat\embed\tomcat-embed-websocket\11.0.20\tomcat-embed-websocket-11.0.20.jar;C:\Users\dhaul\.m2\repository\org\springframework\boot\spring-boot-tomcat\4.0.5\spring-boot-tomcat-4.0.5.jar;C:\Users\dhaul\.m2\repository\org\springframework\boot\spring-boot-http-converter\4.0.5\spring-boot-http-converter-4.0.5.jar;C:\Users\dhaul\.m2\repository\org\springframework\spring-web\7.0.6\spring-web-7.0.6.jar;C:\Users\dhaul\.m2\repository\org\springframework\boot\spring-boot-webmvc\4.0.5\spring-boot-webmvc-4.0.5.jar;C:\Users\dhaul\.m2\repository\org\springframework\boot\spring-boot-servlet\4.0.5\spring-boot-servlet-4.0.5.jar;C:\Users\dhaul\.m2\repository\org\springframework\spring-webmvc\7.0.6\spring-webmvc-7.0.6.jar;C:\Users\dhaul\.m2\repository\com\h2database\h2\2.4.240\h2-2.4.240.jar;C:\Users\dhaul\.m2\repository\org\projectlombok\lombok\1.18.44\lombok-1.18.44.jar;C:\Users\dhaul\.m2\repository\jakarta\xml\bind\jakarta.xml.bind-api\4.0.4\jakarta.xml.bind-api-4.0.4.jar;C:\Users\dhaul\.m2\repository\jakarta\activation\jakarta.activation-api\2.1.4\jakarta.activation-api-2.1.4.jar;C:\Users\dhaul\.m2\repository\net\bytebuddy\byte-buddy\1.17.8\byte-buddy-1.17.8.jar;C:\Users\dhaul\.m2\repository\org\springframework\boot\spring-boot-web-server\4.0.5\spring-boot-web-server-4.0.5.jar
Launcher Type: SUN_STANDARD

[Global flags]
     intx CICompilerCount                          = 4                                         {product} {ergonomic}
     uint ConcGCThreads                            = 2                                         {product} {ergonomic}
     uint G1ConcRefinementThreads                  = 8                                         {product} {ergonomic}
   size_t G1HeapRegionSize                         = 1048576                                   {product} {ergonomic}
    uintx GCDrainStackTargetSize                   = 64                                        {product} {ergonomic}
   size_t InitialHeapSize                          = 130023424                                 {product} {ergonomic}
   size_t MarkStackSize                            = 4194304                                   {product} {ergonomic}
   size_t MaxHeapSize                              = 2078277632                                {product} {ergonomic}
   size_t MaxNewSize                               = 1246756864                                {product} {ergonomic}
   size_t MinHeapDeltaBytes                        = 1048576                                   {product} {ergonomic}
   size_t MinHeapSize                              = 8388608                                   {product} {ergonomic}
    uintx NonNMethodCodeHeapSize                   = 5839372                                {pd product} {ergonomic}
    uintx NonProfiledCodeHeapSize                  = 122909434                              {pd product} {ergonomic}
    uintx ProfiledCodeHeapSize                     = 122909434                              {pd product} {ergonomic}
    uintx ReservedCodeCacheSize                    = 251658240                              {pd product} {ergonomic}
     bool SegmentedCodeCache                       = true                                      {product} {ergonomic}
     bool ShowCodeDetailsInExceptionMessages       = true                                   {manageable} {command line}
   size_t SoftMaxHeapSize                          = 2078277632                             {manageable} {ergonomic}
     bool UseCompressedOops                        = true                           {product lp64_product} {ergonomic}
     bool UseG1GC                                  = true                                      {product} {ergonomic}
     bool UseLargePagesIndividualAllocation        = false                                  {pd product} {ergonomic}

Logging:
Log output configuration:
 #0: stdout all=warning uptime,level,tags foldmultilines=false
 #1: stderr all=off uptime,level,tags foldmultilines=false

Release file:
JAVA_VERSION="21.0.10" 
MODULES="java.base java.compiler java.datatransfer java.xml java.prefs java.desktop java.instrument java.logging java.management java.security.sasl java.naming java.rmi java.management.rmi java.net.http java.scripting java.security.jgss java.transaction.xa java.sql java.sql.rowset java.xml.crypto java.se java.smartcardio jdk.accessibility jdk.internal.jvmstat jdk.attach jdk.charsets jdk.internal.opt jdk.zipfs jdk.compiler jdk.crypto.ec jdk.crypto.cryptoki jdk.crypto.mscapi jdk.dynalink jdk.internal.ed jdk.editpad jdk.hotspot.agent jdk.httpserver jdk.internal.le jdk.internal.vm.ci jdk.internal.vm.compiler jdk.internal.vm.compiler.management jdk.jartool jdk.javadoc jdk.jcmd jdk.management jdk.management.agent jdk.jconsole jdk.jdeps jdk.jdwp.agent jdk.jdi jdk.jfr jdk.jshell jdk.jsobject jdk.jstatd jdk.localedata jdk.management.jfr jdk.naming.dns jdk.naming.rmi jdk.net jdk.nio.mapmode jdk.random jdk.sctp jdk.security.auth jdk.security.jgss jdk.unsupported jdk.unsupported.desktop jdk.xml.dom" 

Environment Variables:
PATH=C:/Users/dhaul/.p2/pool/plugins/org.eclipse.justj.openjdk.hotspot.jre.full.win32.x86_64_21.0.10.v20260205-0638/jre/bin/server;C:/Users/dhaul/.p2/pool/plugins/org.eclipse.justj.openjdk.hotspot.jre.full.win32.x86_64_21.0.10.v20260205-0638/jre/bin;C:\Program Files\Eclipse Adoptium\jdk-25.0.1.8-hotspot\bin;C:\WINDOWS\system32;C:\WINDOWS;C:\WINDOWS\System32\Wbem;C:\WINDOWS\System32\WindowsPowerShell\v1.0\;C:\WINDOWS\System32\OpenSSH\;C:\Program Files\dotnet\;C:\Program Files\Microsoft SQL Server\170\Tools\Binn\;C:\Program Files\Microsoft SQL Server\Client SDK\ODBC\170\Tools\Binn\;C:\Program Files (x86)\IncrediBuild;C:\Program Files (x86)\Windows Kits\10\Windows Performance Toolkit\;C:\Program Files\Git\cmd;C:\Program Files\MySQL\MySQL Shell 8.0\bin\;C:\Users\dhaul\AppData\Local\Microsoft\WindowsApps;C:\Users\dhaul\AppData\Local\Programs\Microsoft VS Code\bin;C:\Users\dhaul\AppData\Local\Packages\PythonSoftwareFoundation.Python.3.13_qbz5n2kfra8p0\LocalCache\local-packages\Python313\Scripts;c:\users\dhaul\appdata\local\packages\pythonsoftwarefoundation.python.3.13_qbz5n2kfra8p0\localcache\local-packages\python313\site-packages (2.3.4);c:\users\dhaul\appdata\local\packages\pythonsoftwarefoundation.python.3.13_qbz5n2kfra8p0\localcache\local-packages\python313\site-packages (0.45.1);c:\users\dhaul\appdata\local\packages\pythonsoftwarefoundation.python.3.13_qbz5n2kfra8p0\localcache\local\pip\cache\wheels\39\20\47\6b647a3457f0e36c161b2516a5bd7f29f6bbd5e3a67c46a710;C:\Program Files\MySQL;C:\Users\dhaul\Downloads\dlib;C:\Users\dhaul\Downloads\dlib\dlib;C:\Users\dhaul\AppData\Local\Packages\PythonSoftwareFoundation.Python.3.13_qbz5n2kfra8p0\LocalCache\Local\pip\cache\wheels;C:\Users\dhaul\AppData\Local\Packages\PythonSoftwareFoundation.Python.3.13_qbz5n2kfra8p0\LocalCache\Local\pip;C:\Users\dhaul;C:\MinGW\bin;C:\MinGW\bin\mingw-get.exe;C:\Users\dhaul\.dotnet\tools;C:\Users\dhaul\vscode-remote-wsl\oracleJdk-25\lib;C:\Users\dhaul\Downloads\mysql-connector-j-9.5.0\mysql-connector-j-9.5.0;;C:\WINDOWS\System32;
USERNAME=dhaul
OS=Windows_NT
PROCESSOR_IDENTIFIER=Intel64 Family 6 Model 140 Stepping 1, GenuineIntel
TMP=C:\Users\dhaul\AppData\Local\Temp
TEMP=C:\Users\dhaul\AppData\Local\Temp




Periodic native trim disabled

---------------  S Y S T E M  ---------------

OS:
 Windows 11 , 64 bit Build 26100 (10.0.26100.7920)
OS uptime: 16 days 19:26 hours
Hyper-V role detected

CPU: total 8 (initial active 8) (4 cores per cpu, 2 threads per core) family 6 model 140 stepping 1 microcode 0xbe, cx8, cmov, fxsr, ht, mmx, 3dnowpref, sse, sse2, sse3, ssse3, sse4.1, sse4.2, popcnt, lzcnt, tsc, tscinvbit, avx, avx2, aes, erms, clmul, bmi1, bmi2, adx, avx512f, avx512dq, avx512cd, avx512bw, avx512vl, sha, fma, vzeroupper, avx512_vpopcntdq, avx512_vpclmulqdq, avx512_vaes, avx512_vnni, clflush, clflushopt, clwb, avx512_vbmi2, avx512_vbmi, hv, rdtscp, rdpid, fsrm, gfni, avx512_bitalg, f16c, cet_ibt, cet_ss, avx512_ifma
Processor Information for the first 8 processors :
  Max Mhz: 2419, Current Mhz: 2419, Mhz Limit: 2419

Memory: 4k page, system-wide physical 7926M (506M free)
TotalPageFile size 32502M (AvailPageFile size 11M)
current process WorkingSet (physical memory assigned to process): 276M, peak: 277M
current process commit charge ("private bytes"): 307M, peak: 310M

vm_info: OpenJDK 64-Bit Server VM (21.0.10+7-LTS) for windows-amd64 JRE (21.0.10+7-LTS), built on 2026-01-20T00:00:00Z by "admin" with MS VC++ 17.12 (VS2022)

END.
